[2020-10-12 05:09:50] local.ERROR: The resource owner or authorization server denied the request. {"exception":"[object] (League\\OAuth2\\Server\\Exception\\OAuthServerException(code: 9): The resource owner or authorization server denied the request. at D:\\Work\\HAMURA\\NU-PUSTAKA_\\Back-End\\app.nupustaka.com\\vendor\\league\\oauth2-server\\src\\Exception\\OAuthServerException.php:243)
[stacktrace]
#0 D:\\Work\\HAMURA\\NU-PUSTAKA_\\Back-End\\app.nupustaka.com\\vendor\\league\\oauth2-server\\src\\AuthorizationValidators\\BearerTokenValidator.php(89): League\\OAuth2\\Server\\Exception\\OAuthServerException::accessDenied('Access token ha...')
#1 D:\\Work\\HAMURA\\NU-PUSTAKA_\\Back-End\\app.nupustaka.com\\vendor\\league\\oauth2-server\\src\\ResourceServer.php(84): League\\OAuth2\\Server\\AuthorizationValidators\\BearerTokenValidator->validateAuthorization(Object(Laminas\\Diactoros\\ServerRequest))
#2 D:\\Work\\HAMURA\\NU-PUSTAKA_\\Back-End\\app.nupustaka.com\\vendor\\laravel\\passport\\src\\Guards\\TokenGuard.php(184): League\\OAuth2\\Server\\ResourceServer->validateAuthenticatedRequest(Object(Laminas\\Diactoros\\ServerRequest))
#3 D:\\Work\\HAMURA\\NU-PUSTAKA_\\Back-End\\app.nupustaka.com\\vendor\\laravel\\passport\\src\\Guards\\TokenGuard.php(131): Laravel\\Passport\\Guards\\TokenGuard->getPsrRequestViaBearerToken(Object(Illuminate\\Http\\Request))
#4 D:\\Work\\HAMURA\\NU-PUSTAKA_\\Back-End\\app.nupustaka.com\\vendor\\laravel\\passport\\src\\Guards\\TokenGuard.php(94): Laravel\\Passport\\Guards\\TokenGuard->authenticateViaBearerToken(Object(Illuminate\\Http\\Request))
#5 D:\\Work\\HAMURA\\NU-PUSTAKA_\\Back-End\\app.nupustaka.com\\vendor\\laravel\\passport\\src\\PassportServiceProvider.php(278): Laravel\\Passport\\Guards\\TokenGuard->user(Object(Illuminate\\Http\\Request))
#6 [internal function]: Laravel\\Passport\\PassportServiceProvider->Laravel\\Passport\\{closure}(Object(Illuminate\\Http\\Request), NULL)
#7 D:\\Work\\HAMURA\\NU-PUSTAKA_\\Back-End\\app.nupustaka.com\\vendor\\laravel\\framework\\src\\Illuminate\\Auth\\RequestGuard.php(58): call_user_func(Object(Closure), Object(Illuminate\\Http\\Request), NULL)
#8 D:\\Work\\HAMURA\\NU-PUSTAKA_\\Back-End\\app.nupustaka.com\\vendor\\laravel\\framework\\src\\Illuminate\\Auth\\GuardHelpers.php(60): Illuminate\\Auth\\RequestGuard->user()
#9 D:\\Work\\HAMURA\\NU-PUSTAKA_\\Back-End\\app.nupustaka.com\\vendor\\laravel\\framework\\src\\Illuminate\\Auth\\Middleware\\Authenticate.php(62): Illuminate\\Auth\\RequestGuard->check()
#10 D:\\Work\\HAMURA\\NU-PUSTAKA_\\Back-End\\app.nupustaka.com\\vendor\\laravel\\framework\\src\\Illuminate\\Auth\\Middleware\\Authenticate.php(41): Illuminate\\Auth\\Middleware\\Authenticate->authenticate(Object(Illuminate\\Http\\Request), Array)
#11 D:\\Work\\HAMURA\\NU-PUSTAKA_\\Back-End\\app.nupustaka.com\\vendor\\laravel\\framework\\src\\Illuminate\\Pipeline\\Pipeline.php(171): Illuminate\\Auth\\Middleware\\Authenticate->handle(Object(Illuminate\\Http\\Request), Object(Closure), 'api')
#12 D:\\Work\\HAMURA\\NU-PUSTAKA_\\Back-End\\app.nupustaka.com\\vendor\\laravel\\framework\\src\\Illuminate\\Pipeline\\Pipeline.php(105): Illuminate\\Pipeline\\Pipeline->Illuminate\\Pipeline\\{closure}(Object(Illuminate\\Http\\Request))
#13 D:\\Work\\HAMURA\\NU-PUSTAKA_\\Back-End\\app.nupustaka.com\\vendor\\laravel\\framework\\src\\Illuminate\\Routing\\Router.php(683): Illuminate\\Pipeline\\Pipeline->then(Object(Closure))
#14 D:\\Work\\HAMURA\\NU-PUSTAKA_\\Back-End\\app.nupustaka.com\\vendor\\laravel\\framework\\src\\Illuminate\\Routing\\Router.php(658): Illuminate\\Routing\\Router->runRouteWithinStack(Object(Illuminate\\Routing\\Route), Object(Illuminate\\Http\\Request))
#15 D:\\Work\\HAMURA\\NU-PUSTAKA_\\Back-End\\app.nupustaka.com\\vendor\\laravel\\framework\\src\\Illuminate\\Routing\\Router.php(624): Illuminate\\Routing\\Router->runRoute(Object(Illuminate\\Http\\Request), Object(Illuminate\\Routing\\Route))
#16 D:\\Work\\HAMURA\\NU-PUSTAKA_\\Back-End\\app.nupustaka.com\\vendor\\laravel\\framework\\src\\Illuminate\\Routing\\Router.php(613): Illuminate\\Routing\\Router->dispatchToRoute(Object(Illuminate\\Http\\Request))
#17 D:\\Work\\HAMURA\\NU-PUSTAKA_\\Back-End\\app.nupustaka.com\\vendor\\laravel\\framework\\src\\Illuminate\\Foundation\\Http\\Kernel.php(170): Illuminate\\Routing\\Router->dispatch(Object(Illuminate\\Http\\Request))
#18 D:\\Work\\HAMURA\\NU-PUSTAKA_\\Back-End\\app.nupustaka.com\\vendor\\laravel\\framework\\src\\Illuminate\\Pipeline\\Pipeline.php(130): Illuminate\\Foundation\\Http\\Kernel->Illuminate\\Foundation\\Http\\{closure}(Object(Illuminate\\Http\\Request))
#19 D:\\Work\\HAMURA\\NU-PUSTAKA_\\Back-End\\app.nupustaka.com\\vendor\\laravel\\framework\\src\\Illuminate\\Foundation\\Http\\Middleware\\TransformsRequest.php(21): Illuminate\\Pipeline\\Pipeline->Illuminate\\Pipeline\\{closure}(Object(Illuminate\\Http\\Request))
#20 D:\\Work\\HAMURA\\NU-PUSTAKA_\\Back-End\\app.nupustaka.com\\vendor\\laravel\\framework\\src\\Illuminate\\Pipeline\\Pipeline.php(171): Illuminate\\Foundation\\Http\\Middleware\\TransformsRequest->handle(Object(Illuminate\\Http\\Request), Object(Closure))
#21 D:\\Work\\HAMURA\\NU-PUSTAKA_\\Back-End\\app.nupustaka.com\\vendor\\laravel\\framework\\src\\Illuminate\\Foundation\\Http\\Middleware\\TransformsRequest.php(21): Illuminate\\Pipeline\\Pipeline->Illuminate\\Pipeline\\{closure}(Object(Illuminate\\Http\\Request))
#22 D:\\Work\\HAMURA\\NU-PUSTAKA_\\Back-End\\app.nupustaka.com\\vendor\\laravel\\framework\\src\\Illuminate\\Pipeline\\Pipeline.php(171): Illuminate\\Foundation\\Http\\Middleware\\TransformsRequest->handle(Object(Illuminate\\Http\\Request), Object(Closure))
#23 D:\\Work\\HAMURA\\NU-PUSTAKA_\\Back-End\\app.nupustaka.com\\vendor\\laravel\\framework\\src\\Illuminate\\Foundation\\Http\\Middleware\\ValidatePostSize.php(27): Illuminate\\Pipeline\\Pipeline->Illuminate\\Pipeline\\{closure}(Object(Illuminate\\Http\\Request))
#24 D:\\Work\\HAMURA\\NU-PUSTAKA_\\Back-End\\app.nupustaka.com\\vendor\\laravel\\framework\\src\\Illuminate\\Pipeline\\Pipeline.php(171): Illuminate\\Foundation\\Http\\Middleware\\ValidatePostSize->handle(Object(Illuminate\\Http\\Request), Object(Closure))
#25 D:\\Work\\HAMURA\\NU-PUSTAKA_\\Back-End\\app.nupustaka.com\\vendor\\laravel\\framework\\src\\Illuminate\\Foundation\\Http\\Middleware\\CheckForMaintenanceMode.php(63): Illuminate\\Pipeline\\Pipeline->Illuminate\\Pipeline\\{closure}(Object(Illuminate\\Http\\Request))
#26 D:\\Work\\HAMURA\\NU-PUSTAKA_\\Back-End\\app.nupustaka.com\\vendor\\laravel\\framework\\src\\Illuminate\\Pipeline\\Pipeline.php(171): Illuminate\\Foundation\\Http\\Middleware\\CheckForMaintenanceMode->handle(Object(Illuminate\\Http\\Request), Object(Closure))
#27 D:\\Work\\HAMURA\\NU-PUSTAKA_\\Back-End\\app.nupustaka.com\\vendor\\fideloper\\proxy\\src\\TrustProxies.php(57): Illuminate\\Pipeline\\Pipeline->Illuminate\\Pipeline\\{closure}(Object(Illuminate\\Http\\Request))
#28 D:\\Work\\HAMURA\\NU-PUSTAKA_\\Back-End\\app.nupustaka.com\\vendor\\laravel\\framework\\src\\Illuminate\\Pipeline\\Pipeline.php(171): Fideloper\\Proxy\\TrustProxies->handle(Object(Illuminate\\Http\\Request), Object(Closure))
#29 D:\\Work\\HAMURA\\NU-PUSTAKA_\\Back-End\\app.nupustaka.com\\vendor\\laravel\\framework\\src\\Illuminate\\Pipeline\\Pipeline.php(105): Illuminate\\Pipeline\\Pipeline->Illuminate\\Pipeline\\{closure}(Object(Illuminate\\Http\\Request))
#30 D:\\Work\\HAMURA\\NU-PUSTAKA_\\Back-End\\app.nupustaka.com\\vendor\\laravel\\framework\\src\\Illuminate\\Foundation\\Http\\Kernel.php(145): Illuminate\\Pipeline\\Pipeline->then(Object(Closure))
#31 D:\\Work\\HAMURA\\NU-PUSTAKA_\\Back-End\\app.nupustaka.com\\vendor\\laravel\\framework\\src\\Illuminate\\Foundation\\Http\\Kernel.php(110): Illuminate\\Foundation\\Http\\Kernel->sendRequestThroughRouter(Object(Illuminate\\Http\\Request))
#32 D:\\Work\\HAMURA\\NU-PUSTAKA_\\Back-End\\app.nupustaka.com\\public\\index.php(55): Illuminate\\Foundation\\Http\\Kernel->handle(Object(Illuminate\\Http\\Request))
#33 D:\\Work\\HAMURA\\NU-PUSTAKA_\\Back-End\\app.nupustaka.com\\server.php(21): require_once('D:\\\\Work\\\\HAMURA\\\\...')
#34 {main}
"} 
