[2020-10-08 03:24:00] local.ERROR: SQLSTATE[HY000] [2002] No connection could be made because the target machine actively refused it.
 (SQL: select * from `users` where `email` = adhedewa1996@gmail.com limit 1) {"exception":"[object] (Illuminate\\Database\\QueryException(code: 2002): SQLSTATE[HY000] [2002] No connection could be made because the target machine actively refused it.
 (SQL: select * from `users` where `email` = adhedewa1996@gmail.com limit 1) at D:\\Work\\HAMURA\\NU-PUSTAKA_\\Back-End\\app.nupustaka.com\\vendor\\laravel\\framework\\src\\Illuminate\\Database\\Connection.php:669)
[stacktrace]
#0 D:\\Work\\HAMURA\\NU-PUSTAKA_\\Back-End\\app.nupustaka.com\\vendor\\laravel\\framework\\src\\Illuminate\\Database\\Connection.php(629): Illuminate\\Database\\Connection->runQueryCallback('select * from `...', Array, Object(Closure))
#1 D:\\Work\\HAMURA\\NU-PUSTAKA_\\Back-End\\app.nupustaka.com\\vendor\\laravel\\framework\\src\\Illuminate\\Database\\Connection.php(338): Illuminate\\Database\\Connection->run('select * from `...', Array, Object(Closure))
#2 D:\\Work\\HAMURA\\NU-PUSTAKA_\\Back-End\\app.nupustaka.com\\vendor\\laravel\\framework\\src\\Illuminate\\Database\\Query\\Builder.php(2132): Illuminate\\Database\\Connection->select('select * from `...', Array, true)
#3 D:\\Work\\HAMURA\\NU-PUSTAKA_\\Back-End\\app.nupustaka.com\\vendor\\laravel\\framework\\src\\Illuminate\\Database\\Query\\Builder.php(2120): Illuminate\\Database\\Query\\Builder->runSelect()
#4 D:\\Work\\HAMURA\\NU-PUSTAKA_\\Back-End\\app.nupustaka.com\\vendor\\laravel\\framework\\src\\Illuminate\\Database\\Query\\Builder.php(2586): Illuminate\\Database\\Query\\Builder->Illuminate\\Database\\Query\\{closure}()
#5 D:\\Work\\HAMURA\\NU-PUSTAKA_\\Back-End\\app.nupustaka.com\\vendor\\laravel\\framework\\src\\Illuminate\\Database\\Query\\Builder.php(2121): Illuminate\\Database\\Query\\Builder->onceWithColumns(Array, Object(Closure))
#6 D:\\Work\\HAMURA\\NU-PUSTAKA_\\Back-End\\app.nupustaka.com\\vendor\\laravel\\framework\\src\\Illuminate\\Database\\Eloquent\\Builder.php(523): Illuminate\\Database\\Query\\Builder->get(Array)
#7 D:\\Work\\HAMURA\\NU-PUSTAKA_\\Back-End\\app.nupustaka.com\\vendor\\laravel\\framework\\src\\Illuminate\\Database\\Eloquent\\Builder.php(507): Illuminate\\Database\\Eloquent\\Builder->getModels(Array)
#8 D:\\Work\\HAMURA\\NU-PUSTAKA_\\Back-End\\app.nupustaka.com\\vendor\\laravel\\framework\\src\\Illuminate\\Database\\Concerns\\BuildsQueries.php(143): Illuminate\\Database\\Eloquent\\Builder->get(Array)
#9 D:\\Work\\HAMURA\\NU-PUSTAKA_\\Back-End\\app.nupustaka.com\\vendor\\laravel\\framework\\src\\Illuminate\\Auth\\EloquentUserProvider.php(131): Illuminate\\Database\\Eloquent\\Builder->first()
#10 D:\\Work\\HAMURA\\NU-PUSTAKA_\\Back-End\\app.nupustaka.com\\vendor\\laravel\\framework\\src\\Illuminate\\Auth\\SessionGuard.php(356): Illuminate\\Auth\\EloquentUserProvider->retrieveByCredentials(Array)
#11 D:\\Work\\HAMURA\\NU-PUSTAKA_\\Back-End\\app.nupustaka.com\\vendor\\laravel\\framework\\src\\Illuminate\\Auth\\AuthManager.php(307): Illuminate\\Auth\\SessionGuard->attempt(Array)
#12 D:\\Work\\HAMURA\\NU-PUSTAKA_\\Back-End\\app.nupustaka.com\\vendor\\laravel\\framework\\src\\Illuminate\\Support\\Facades\\Facade.php(261): Illuminate\\Auth\\AuthManager->__call('attempt', Array)
#13 D:\\Work\\HAMURA\\NU-PUSTAKA_\\Back-End\\app.nupustaka.com\\app\\Http\\Controllers\\API\\AuthController.php(45): Illuminate\\Support\\Facades\\Facade::__callStatic('attempt', Array)
#14 [internal function]: App\\Http\\Controllers\\API\\AuthController->login(Object(Illuminate\\Http\\Request))
#15 D:\\Work\\HAMURA\\NU-PUSTAKA_\\Back-End\\app.nupustaka.com\\vendor\\laravel\\framework\\src\\Illuminate\\Routing\\Controller.php(54): call_user_func_array(Array, Array)
#16 D:\\Work\\HAMURA\\NU-PUSTAKA_\\Back-End\\app.nupustaka.com\\vendor\\laravel\\framework\\src\\Illuminate\\Routing\\ControllerDispatcher.php(45): Illuminate\\Routing\\Controller->callAction('login', Array)
#17 D:\\Work\\HAMURA\\NU-PUSTAKA_\\Back-End\\app.nupustaka.com\\vendor\\laravel\\framework\\src\\Illuminate\\Routing\\Route.php(219): Illuminate\\Routing\\ControllerDispatcher->dispatch(Object(Illuminate\\Routing\\Route), Object(App\\Http\\Controllers\\API\\AuthController), 'login')
#18 D:\\Work\\HAMURA\\NU-PUSTAKA_\\Back-End\\app.nupustaka.com\\vendor\\laravel\\framework\\src\\Illuminate\\Routing\\Route.php(176): Illuminate\\Routing\\Route->runController()
#19 D:\\Work\\HAMURA\\NU-PUSTAKA_\\Back-End\\app.nupustaka.com\\vendor\\laravel\\framework\\src\\Illuminate\\Routing\\Router.php(681): Illuminate\\Routing\\Route->run()
#20 D:\\Work\\HAMURA\\NU-PUSTAKA_\\Back-End\\app.nupustaka.com\\vendor\\laravel\\framework\\src\\Illuminate\\Pipeline\\Pipeline.php(130): Illuminate\\Routing\\Router->Illuminate\\Routing\\{closure}(Object(Illuminate\\Http\\Request))
#21 D:\\Work\\HAMURA\\NU-PUSTAKA_\\Back-End\\app.nupustaka.com\\vendor\\laravel\\framework\\src\\Illuminate\\Routing\\Middleware\\SubstituteBindings.php(41): Illuminate\\Pipeline\\Pipeline->Illuminate\\Pipeline\\{closure}(Object(Illuminate\\Http\\Request))
#22 D:\\Work\\HAMURA\\NU-PUSTAKA_\\Back-End\\app.nupustaka.com\\vendor\\laravel\\framework\\src\\Illuminate\\Pipeline\\Pipeline.php(171): Illuminate\\Routing\\Middleware\\SubstituteBindings->handle(Object(Illuminate\\Http\\Request), Object(Closure))
#23 D:\\Work\\HAMURA\\NU-PUSTAKA_\\Back-End\\app.nupustaka.com\\vendor\\laravel\\framework\\src\\Illuminate\\Routing\\Middleware\\ThrottleRequests.php(59): Illuminate\\Pipeline\\Pipeline->Illuminate\\Pipeline\\{closure}(Object(Illuminate\\Http\\Request))
#24 D:\\Work\\HAMURA\\NU-PUSTAKA_\\Back-End\\app.nupustaka.com\\vendor\\laravel\\framework\\src\\Illuminate\\Pipeline\\Pipeline.php(171): Illuminate\\Routing\\Middleware\\ThrottleRequests->handle(Object(Illuminate\\Http\\Request), Object(Closure), 60, '1')
#25 D:\\Work\\HAMURA\\NU-PUSTAKA_\\Back-End\\app.nupustaka.com\\vendor\\laravel\\framework\\src\\Illuminate\\Pipeline\\Pipeline.php(105): Illuminate\\Pipeline\\Pipeline->Illuminate\\Pipeline\\{closure}(Object(Illuminate\\Http\\Request))
#26 D:\\Work\\HAMURA\\NU-PUSTAKA_\\Back-End\\app.nupustaka.com\\vendor\\laravel\\framework\\src\\Illuminate\\Routing\\Router.php(683): Illuminate\\Pipeline\\Pipeline->then(Object(Closure))
#27 D:\\Work\\HAMURA\\NU-PUSTAKA_\\Back-End\\app.nupustaka.com\\vendor\\laravel\\framework\\src\\Illuminate\\Routing\\Router.php(658): Illuminate\\Routing\\Router->runRouteWithinStack(Object(Illuminate\\Routing\\Route), Object(Illuminate\\Http\\Request))
#28 D:\\Work\\HAMURA\\NU-PUSTAKA_\\Back-End\\app.nupustaka.com\\vendor\\laravel\\framework\\src\\Illuminate\\Routing\\Router.php(624): Illuminate\\Routing\\Router->runRoute(Object(Illuminate\\Http\\Request), Object(Illuminate\\Routing\\Route))
#29 D:\\Work\\HAMURA\\NU-PUSTAKA_\\Back-End\\app.nupustaka.com\\vendor\\laravel\\framework\\src\\Illuminate\\Routing\\Router.php(613): Illuminate\\Routing\\Router->dispatchToRoute(Object(Illuminate\\Http\\Request))
#30 D:\\Work\\HAMURA\\NU-PUSTAKA_\\Back-End\\app.nupustaka.com\\vendor\\laravel\\framework\\src\\Illuminate\\Foundation\\Http\\Kernel.php(170): Illuminate\\Routing\\Router->dispatch(Object(Illuminate\\Http\\Request))
#31 D:\\Work\\HAMURA\\NU-PUSTAKA_\\Back-End\\app.nupustaka.com\\vendor\\laravel\\framework\\src\\Illuminate\\Pipeline\\Pipeline.php(130): Illuminate\\Foundation\\Http\\Kernel->Illuminate\\Foundation\\Http\\{closure}(Object(Illuminate\\Http\\Request))
#32 D:\\Work\\HAMURA\\NU-PUSTAKA_\\Back-End\\app.nupustaka.com\\vendor\\laravel\\framework\\src\\Illuminate\\Foundation\\Http\\Middleware\\TransformsRequest.php(21): Illuminate\\Pipeline\\Pipeline->Illuminate\\Pipeline\\{closure}(Object(Illuminate\\Http\\Request))
#33 D:\\Work\\HAMURA\\NU-PUSTAKA_\\Back-End\\app.nupustaka.com\\vendor\\laravel\\framework\\src\\Illuminate\\Pipeline\\Pipeline.php(171): Illuminate\\Foundation\\Http\\Middleware\\TransformsRequest->handle(Object(Illuminate\\Http\\Request), Object(Closure))
#34 D:\\Work\\HAMURA\\NU-PUSTAKA_\\Back-End\\app.nupustaka.com\\vendor\\laravel\\framework\\src\\Illuminate\\Foundation\\Http\\Middleware\\TransformsRequest.php(21): Illuminate\\Pipeline\\Pipeline->Illuminate\\Pipeline\\{closure}(Object(Illuminate\\Http\\Request))
#35 D:\\Work\\HAMURA\\NU-PUSTAKA_\\Back-End\\app.nupustaka.com\\vendor\\laravel\\framework\\src\\Illuminate\\Pipeline\\Pipeline.php(171): Illuminate\\Foundation\\Http\\Middleware\\TransformsRequest->handle(Object(Illuminate\\Http\\Request), Object(Closure))
#36 D:\\Work\\HAMURA\\NU-PUSTAKA_\\Back-End\\app.nupustaka.com\\vendor\\laravel\\framework\\src\\Illuminate\\Foundation\\Http\\Middleware\\ValidatePostSize.php(27): Illuminate\\Pipeline\\Pipeline->Illuminate\\Pipeline\\{closure}(Object(Illuminate\\Http\\Request))
#37 D:\\Work\\HAMURA\\NU-PUSTAKA_\\Back-End\\app.nupustaka.com\\vendor\\laravel\\framework\\src\\Illuminate\\Pipeline\\Pipeline.php(171): Illuminate\\Foundation\\Http\\Middleware\\ValidatePostSize->handle(Object(Illuminate\\Http\\Request), Object(Closure))
#38 D:\\Work\\HAMURA\\NU-PUSTAKA_\\Back-End\\app.nupustaka.com\\vendor\\laravel\\framework\\src\\Illuminate\\Foundation\\Http\\Middleware\\CheckForMaintenanceMode.php(63): Illuminate\\Pipeline\\Pipeline->Illuminate\\Pipeline\\{closure}(Object(Illuminate\\Http\\Request))
#39 D:\\Work\\HAMURA\\NU-PUSTAKA_\\Back-End\\app.nupustaka.com\\vendor\\laravel\\framework\\src\\Illuminate\\Pipeline\\Pipeline.php(171): Illuminate\\Foundation\\Http\\Middleware\\CheckForMaintenanceMode->handle(Object(Illuminate\\Http\\Request), Object(Closure))
#40 D:\\Work\\HAMURA\\NU-PUSTAKA_\\Back-End\\app.nupustaka.com\\vendor\\fideloper\\proxy\\src\\TrustProxies.php(57): Illuminate\\Pipeline\\Pipeline->Illuminate\\Pipeline\\{closure}(Object(Illuminate\\Http\\Request))
#41 D:\\Work\\HAMURA\\NU-PUSTAKA_\\Back-End\\app.nupustaka.com\\vendor\\laravel\\framework\\src\\Illuminate\\Pipeline\\Pipeline.php(171): Fideloper\\Proxy\\TrustProxies->handle(Object(Illuminate\\Http\\Request), Object(Closure))
#42 D:\\Work\\HAMURA\\NU-PUSTAKA_\\Back-End\\app.nupustaka.com\\vendor\\laravel\\framework\\src\\Illuminate\\Pipeline\\Pipeline.php(105): Illuminate\\Pipeline\\Pipeline->Illuminate\\Pipeline\\{closure}(Object(Illuminate\\Http\\Request))
#43 D:\\Work\\HAMURA\\NU-PUSTAKA_\\Back-End\\app.nupustaka.com\\vendor\\laravel\\framework\\src\\Illuminate\\Foundation\\Http\\Kernel.php(145): Illuminate\\Pipeline\\Pipeline->then(Object(Closure))
#44 D:\\Work\\HAMURA\\NU-PUSTAKA_\\Back-End\\app.nupustaka.com\\vendor\\laravel\\framework\\src\\Illuminate\\Foundation\\Http\\Kernel.php(110): Illuminate\\Foundation\\Http\\Kernel->sendRequestThroughRouter(Object(Illuminate\\Http\\Request))
#45 D:\\Work\\HAMURA\\NU-PUSTAKA_\\Back-End\\app.nupustaka.com\\public\\index.php(55): Illuminate\\Foundation\\Http\\Kernel->handle(Object(Illuminate\\Http\\Request))
#46 D:\\Work\\HAMURA\\NU-PUSTAKA_\\Back-End\\app.nupustaka.com\\server.php(21): require_once('D:\\\\Work\\\\HAMURA\\\\...')
#47 {main}

[previous exception] [object] (PDOException(code: 2002): SQLSTATE[HY000] [2002] No connection could be made because the target machine actively refused it.
 at D:\\Work\\HAMURA\\NU-PUSTAKA_\\Back-End\\app.nupustaka.com\\vendor\\laravel\\framework\\src\\Illuminate\\Database\\Connectors\\Connector.php:70)
[stacktrace]
#0 D:\\Work\\HAMURA\\NU-PUSTAKA_\\Back-End\\app.nupustaka.com\\vendor\\laravel\\framework\\src\\Illuminate\\Database\\Connectors\\Connector.php(70): PDO->__construct('mysql:host=127....', 'root', '', Array)
#1 D:\\Work\\HAMURA\\NU-PUSTAKA_\\Back-End\\app.nupustaka.com\\vendor\\laravel\\framework\\src\\Illuminate\\Database\\Connectors\\Connector.php(46): Illuminate\\Database\\Connectors\\Connector->createPdoConnection('mysql:host=127....', 'root', '', Array)
#2 D:\\Work\\HAMURA\\NU-PUSTAKA_\\Back-End\\app.nupustaka.com\\vendor\\laravel\\framework\\src\\Illuminate\\Database\\Connectors\\MySqlConnector.php(24): Illuminate\\Database\\Connectors\\Connector->createConnection('mysql:host=127....', Array, Array)
#3 D:\\Work\\HAMURA\\NU-PUSTAKA_\\Back-End\\app.nupustaka.com\\vendor\\laravel\\framework\\src\\Illuminate\\Database\\Connectors\\ConnectionFactory.php(182): Illuminate\\Database\\Connectors\\MySqlConnector->connect(Array)
#4 [internal function]: Illuminate\\Database\\Connectors\\ConnectionFactory->Illuminate\\Database\\Connectors\\{closure}()
#5 D:\\Work\\HAMURA\\NU-PUSTAKA_\\Back-End\\app.nupustaka.com\\vendor\\laravel\\framework\\src\\Illuminate\\Database\\Connection.php(924): call_user_func(Object(Closure))
#6 D:\\Work\\HAMURA\\NU-PUSTAKA_\\Back-End\\app.nupustaka.com\\vendor\\laravel\\framework\\src\\Illuminate\\Database\\Connection.php(959): Illuminate\\Database\\Connection->getPdo()
#7 D:\\Work\\HAMURA\\NU-PUSTAKA_\\Back-End\\app.nupustaka.com\\vendor\\laravel\\framework\\src\\Illuminate\\Database\\Connection.php(404): Illuminate\\Database\\Connection->getReadPdo()
#8 D:\\Work\\HAMURA\\NU-PUSTAKA_\\Back-End\\app.nupustaka.com\\vendor\\laravel\\framework\\src\\Illuminate\\Database\\Connection.php(330): Illuminate\\Database\\Connection->getPdoForSelect(true)
#9 D:\\Work\\HAMURA\\NU-PUSTAKA_\\Back-End\\app.nupustaka.com\\vendor\\laravel\\framework\\src\\Illuminate\\Database\\Connection.php(662): Illuminate\\Database\\Connection->Illuminate\\Database\\{closure}('select * from `...', Array)
#10 D:\\Work\\HAMURA\\NU-PUSTAKA_\\Back-End\\app.nupustaka.com\\vendor\\laravel\\framework\\src\\Illuminate\\Database\\Connection.php(629): Illuminate\\Database\\Connection->runQueryCallback('select * from `...', Array, Object(Closure))
#11 D:\\Work\\HAMURA\\NU-PUSTAKA_\\Back-End\\app.nupustaka.com\\vendor\\laravel\\framework\\src\\Illuminate\\Database\\Connection.php(338): Illuminate\\Database\\Connection->run('select * from `...', Array, Object(Closure))
#12 D:\\Work\\HAMURA\\NU-PUSTAKA_\\Back-End\\app.nupustaka.com\\vendor\\laravel\\framework\\src\\Illuminate\\Database\\Query\\Builder.php(2132): Illuminate\\Database\\Connection->select('select * from `...', Array, true)
#13 D:\\Work\\HAMURA\\NU-PUSTAKA_\\Back-End\\app.nupustaka.com\\vendor\\laravel\\framework\\src\\Illuminate\\Database\\Query\\Builder.php(2120): Illuminate\\Database\\Query\\Builder->runSelect()
#14 D:\\Work\\HAMURA\\NU-PUSTAKA_\\Back-End\\app.nupustaka.com\\vendor\\laravel\\framework\\src\\Illuminate\\Database\\Query\\Builder.php(2586): Illuminate\\Database\\Query\\Builder->Illuminate\\Database\\Query\\{closure}()
#15 D:\\Work\\HAMURA\\NU-PUSTAKA_\\Back-End\\app.nupustaka.com\\vendor\\laravel\\framework\\src\\Illuminate\\Database\\Query\\Builder.php(2121): Illuminate\\Database\\Query\\Builder->onceWithColumns(Array, Object(Closure))
#16 D:\\Work\\HAMURA\\NU-PUSTAKA_\\Back-End\\app.nupustaka.com\\vendor\\laravel\\framework\\src\\Illuminate\\Database\\Eloquent\\Builder.php(523): Illuminate\\Database\\Query\\Builder->get(Array)
#17 D:\\Work\\HAMURA\\NU-PUSTAKA_\\Back-End\\app.nupustaka.com\\vendor\\laravel\\framework\\src\\Illuminate\\Database\\Eloquent\\Builder.php(507): Illuminate\\Database\\Eloquent\\Builder->getModels(Array)
#18 D:\\Work\\HAMURA\\NU-PUSTAKA_\\Back-End\\app.nupustaka.com\\vendor\\laravel\\framework\\src\\Illuminate\\Database\\Concerns\\BuildsQueries.php(143): Illuminate\\Database\\Eloquent\\Builder->get(Array)
#19 D:\\Work\\HAMURA\\NU-PUSTAKA_\\Back-End\\app.nupustaka.com\\vendor\\laravel\\framework\\src\\Illuminate\\Auth\\EloquentUserProvider.php(131): Illuminate\\Database\\Eloquent\\Builder->first()
#20 D:\\Work\\HAMURA\\NU-PUSTAKA_\\Back-End\\app.nupustaka.com\\vendor\\laravel\\framework\\src\\Illuminate\\Auth\\SessionGuard.php(356): Illuminate\\Auth\\EloquentUserProvider->retrieveByCredentials(Array)
#21 D:\\Work\\HAMURA\\NU-PUSTAKA_\\Back-End\\app.nupustaka.com\\vendor\\laravel\\framework\\src\\Illuminate\\Auth\\AuthManager.php(307): Illuminate\\Auth\\SessionGuard->attempt(Array)
#22 D:\\Work\\HAMURA\\NU-PUSTAKA_\\Back-End\\app.nupustaka.com\\vendor\\laravel\\framework\\src\\Illuminate\\Support\\Facades\\Facade.php(261): Illuminate\\Auth\\AuthManager->__call('attempt', Array)
#23 D:\\Work\\HAMURA\\NU-PUSTAKA_\\Back-End\\app.nupustaka.com\\app\\Http\\Controllers\\API\\AuthController.php(45): Illuminate\\Support\\Facades\\Facade::__callStatic('attempt', Array)
#24 [internal function]: App\\Http\\Controllers\\API\\AuthController->login(Object(Illuminate\\Http\\Request))
#25 D:\\Work\\HAMURA\\NU-PUSTAKA_\\Back-End\\app.nupustaka.com\\vendor\\laravel\\framework\\src\\Illuminate\\Routing\\Controller.php(54): call_user_func_array(Array, Array)
#26 D:\\Work\\HAMURA\\NU-PUSTAKA_\\Back-End\\app.nupustaka.com\\vendor\\laravel\\framework\\src\\Illuminate\\Routing\\ControllerDispatcher.php(45): Illuminate\\Routing\\Controller->callAction('login', Array)
#27 D:\\Work\\HAMURA\\NU-PUSTAKA_\\Back-End\\app.nupustaka.com\\vendor\\laravel\\framework\\src\\Illuminate\\Routing\\Route.php(219): Illuminate\\Routing\\ControllerDispatcher->dispatch(Object(Illuminate\\Routing\\Route), Object(App\\Http\\Controllers\\API\\AuthController), 'login')
#28 D:\\Work\\HAMURA\\NU-PUSTAKA_\\Back-End\\app.nupustaka.com\\vendor\\laravel\\framework\\src\\Illuminate\\Routing\\Route.php(176): Illuminate\\Routing\\Route->runController()
#29 D:\\Work\\HAMURA\\NU-PUSTAKA_\\Back-End\\app.nupustaka.com\\vendor\\laravel\\framework\\src\\Illuminate\\Routing\\Router.php(681): Illuminate\\Routing\\Route->run()
#30 D:\\Work\\HAMURA\\NU-PUSTAKA_\\Back-End\\app.nupustaka.com\\vendor\\laravel\\framework\\src\\Illuminate\\Pipeline\\Pipeline.php(130): Illuminate\\Routing\\Router->Illuminate\\Routing\\{closure}(Object(Illuminate\\Http\\Request))
#31 D:\\Work\\HAMURA\\NU-PUSTAKA_\\Back-End\\app.nupustaka.com\\vendor\\laravel\\framework\\src\\Illuminate\\Routing\\Middleware\\SubstituteBindings.php(41): Illuminate\\Pipeline\\Pipeline->Illuminate\\Pipeline\\{closure}(Object(Illuminate\\Http\\Request))
#32 D:\\Work\\HAMURA\\NU-PUSTAKA_\\Back-End\\app.nupustaka.com\\vendor\\laravel\\framework\\src\\Illuminate\\Pipeline\\Pipeline.php(171): Illuminate\\Routing\\Middleware\\SubstituteBindings->handle(Object(Illuminate\\Http\\Request), Object(Closure))
#33 D:\\Work\\HAMURA\\NU-PUSTAKA_\\Back-End\\app.nupustaka.com\\vendor\\laravel\\framework\\src\\Illuminate\\Routing\\Middleware\\ThrottleRequests.php(59): Illuminate\\Pipeline\\Pipeline->Illuminate\\Pipeline\\{closure}(Object(Illuminate\\Http\\Request))
#34 D:\\Work\\HAMURA\\NU-PUSTAKA_\\Back-End\\app.nupustaka.com\\vendor\\laravel\\framework\\src\\Illuminate\\Pipeline\\Pipeline.php(171): Illuminate\\Routing\\Middleware\\ThrottleRequests->handle(Object(Illuminate\\Http\\Request), Object(Closure), 60, '1')
#35 D:\\Work\\HAMURA\\NU-PUSTAKA_\\Back-End\\app.nupustaka.com\\vendor\\laravel\\framework\\src\\Illuminate\\Pipeline\\Pipeline.php(105): Illuminate\\Pipeline\\Pipeline->Illuminate\\Pipeline\\{closure}(Object(Illuminate\\Http\\Request))
#36 D:\\Work\\HAMURA\\NU-PUSTAKA_\\Back-End\\app.nupustaka.com\\vendor\\laravel\\framework\\src\\Illuminate\\Routing\\Router.php(683): Illuminate\\Pipeline\\Pipeline->then(Object(Closure))
#37 D:\\Work\\HAMURA\\NU-PUSTAKA_\\Back-End\\app.nupustaka.com\\vendor\\laravel\\framework\\src\\Illuminate\\Routing\\Router.php(658): Illuminate\\Routing\\Router->runRouteWithinStack(Object(Illuminate\\Routing\\Route), Object(Illuminate\\Http\\Request))
#38 D:\\Work\\HAMURA\\NU-PUSTAKA_\\Back-End\\app.nupustaka.com\\vendor\\laravel\\framework\\src\\Illuminate\\Routing\\Router.php(624): Illuminate\\Routing\\Router->runRoute(Object(Illuminate\\Http\\Request), Object(Illuminate\\Routing\\Route))
#39 D:\\Work\\HAMURA\\NU-PUSTAKA_\\Back-End\\app.nupustaka.com\\vendor\\laravel\\framework\\src\\Illuminate\\Routing\\Router.php(613): Illuminate\\Routing\\Router->dispatchToRoute(Object(Illuminate\\Http\\Request))
#40 D:\\Work\\HAMURA\\NU-PUSTAKA_\\Back-End\\app.nupustaka.com\\vendor\\laravel\\framework\\src\\Illuminate\\Foundation\\Http\\Kernel.php(170): Illuminate\\Routing\\Router->dispatch(Object(Illuminate\\Http\\Request))
#41 D:\\Work\\HAMURA\\NU-PUSTAKA_\\Back-End\\app.nupustaka.com\\vendor\\laravel\\framework\\src\\Illuminate\\Pipeline\\Pipeline.php(130): Illuminate\\Foundation\\Http\\Kernel->Illuminate\\Foundation\\Http\\{closure}(Object(Illuminate\\Http\\Request))
#42 D:\\Work\\HAMURA\\NU-PUSTAKA_\\Back-End\\app.nupustaka.com\\vendor\\laravel\\framework\\src\\Illuminate\\Foundation\\Http\\Middleware\\TransformsRequest.php(21): Illuminate\\Pipeline\\Pipeline->Illuminate\\Pipeline\\{closure}(Object(Illuminate\\Http\\Request))
#43 D:\\Work\\HAMURA\\NU-PUSTAKA_\\Back-End\\app.nupustaka.com\\vendor\\laravel\\framework\\src\\Illuminate\\Pipeline\\Pipeline.php(171): Illuminate\\Foundation\\Http\\Middleware\\TransformsRequest->handle(Object(Illuminate\\Http\\Request), Object(Closure))
#44 D:\\Work\\HAMURA\\NU-PUSTAKA_\\Back-End\\app.nupustaka.com\\vendor\\laravel\\framework\\src\\Illuminate\\Foundation\\Http\\Middleware\\TransformsRequest.php(21): Illuminate\\Pipeline\\Pipeline->Illuminate\\Pipeline\\{closure}(Object(Illuminate\\Http\\Request))
#45 D:\\Work\\HAMURA\\NU-PUSTAKA_\\Back-End\\app.nupustaka.com\\vendor\\laravel\\framework\\src\\Illuminate\\Pipeline\\Pipeline.php(171): Illuminate\\Foundation\\Http\\Middleware\\TransformsRequest->handle(Object(Illuminate\\Http\\Request), Object(Closure))
#46 D:\\Work\\HAMURA\\NU-PUSTAKA_\\Back-End\\app.nupustaka.com\\vendor\\laravel\\framework\\src\\Illuminate\\Foundation\\Http\\Middleware\\ValidatePostSize.php(27): Illuminate\\Pipeline\\Pipeline->Illuminate\\Pipeline\\{closure}(Object(Illuminate\\Http\\Request))
#47 D:\\Work\\HAMURA\\NU-PUSTAKA_\\Back-End\\app.nupustaka.com\\vendor\\laravel\\framework\\src\\Illuminate\\Pipeline\\Pipeline.php(171): Illuminate\\Foundation\\Http\\Middleware\\ValidatePostSize->handle(Object(Illuminate\\Http\\Request), Object(Closure))
#48 D:\\Work\\HAMURA\\NU-PUSTAKA_\\Back-End\\app.nupustaka.com\\vendor\\laravel\\framework\\src\\Illuminate\\Foundation\\Http\\Middleware\\CheckForMaintenanceMode.php(63): Illuminate\\Pipeline\\Pipeline->Illuminate\\Pipeline\\{closure}(Object(Illuminate\\Http\\Request))
#49 D:\\Work\\HAMURA\\NU-PUSTAKA_\\Back-End\\app.nupustaka.com\\vendor\\laravel\\framework\\src\\Illuminate\\Pipeline\\Pipeline.php(171): Illuminate\\Foundation\\Http\\Middleware\\CheckForMaintenanceMode->handle(Object(Illuminate\\Http\\Request), Object(Closure))
#50 D:\\Work\\HAMURA\\NU-PUSTAKA_\\Back-End\\app.nupustaka.com\\vendor\\fideloper\\proxy\\src\\TrustProxies.php(57): Illuminate\\Pipeline\\Pipeline->Illuminate\\Pipeline\\{closure}(Object(Illuminate\\Http\\Request))
#51 D:\\Work\\HAMURA\\NU-PUSTAKA_\\Back-End\\app.nupustaka.com\\vendor\\laravel\\framework\\src\\Illuminate\\Pipeline\\Pipeline.php(171): Fideloper\\Proxy\\TrustProxies->handle(Object(Illuminate\\Http\\Request), Object(Closure))
#52 D:\\Work\\HAMURA\\NU-PUSTAKA_\\Back-End\\app.nupustaka.com\\vendor\\laravel\\framework\\src\\Illuminate\\Pipeline\\Pipeline.php(105): Illuminate\\Pipeline\\Pipeline->Illuminate\\Pipeline\\{closure}(Object(Illuminate\\Http\\Request))
#53 D:\\Work\\HAMURA\\NU-PUSTAKA_\\Back-End\\app.nupustaka.com\\vendor\\laravel\\framework\\src\\Illuminate\\Foundation\\Http\\Kernel.php(145): Illuminate\\Pipeline\\Pipeline->then(Object(Closure))
#54 D:\\Work\\HAMURA\\NU-PUSTAKA_\\Back-End\\app.nupustaka.com\\vendor\\laravel\\framework\\src\\Illuminate\\Foundation\\Http\\Kernel.php(110): Illuminate\\Foundation\\Http\\Kernel->sendRequestThroughRouter(Object(Illuminate\\Http\\Request))
#55 D:\\Work\\HAMURA\\NU-PUSTAKA_\\Back-End\\app.nupustaka.com\\public\\index.php(55): Illuminate\\Foundation\\Http\\Kernel->handle(Object(Illuminate\\Http\\Request))
#56 D:\\Work\\HAMURA\\NU-PUSTAKA_\\Back-End\\app.nupustaka.com\\server.php(21): require_once('D:\\\\Work\\\\HAMURA\\\\...')
#57 {main}
"} 
[2020-10-08 05:41:14] local.ERROR: SQLSTATE[HY000]: General error: 1364 Field 'category_id' doesn't have a default value (SQL: insert into `books` (`title`, `updated_at`, `created_at`) values (Book 1, 2020-10-08 05:41:12, 2020-10-08 05:41:12)) {"userId":22,"exception":"[object] (Illuminate\\Database\\QueryException(code: HY000): SQLSTATE[HY000]: General error: 1364 Field 'category_id' doesn't have a default value (SQL: insert into `books` (`title`, `updated_at`, `created_at`) values (Book 1, 2020-10-08 05:41:12, 2020-10-08 05:41:12)) at D:\\Work\\HAMURA\\NU-PUSTAKA_\\Back-End\\app.nupustaka.com\\vendor\\laravel\\framework\\src\\Illuminate\\Database\\Connection.php:669)
[stacktrace]
#0 D:\\Work\\HAMURA\\NU-PUSTAKA_\\Back-End\\app.nupustaka.com\\vendor\\laravel\\framework\\src\\Illuminate\\Database\\Connection.php(629): Illuminate\\Database\\Connection->runQueryCallback('insert into `bo...', Array, Object(Closure))
#1 D:\\Work\\HAMURA\\NU-PUSTAKA_\\Back-End\\app.nupustaka.com\\vendor\\laravel\\framework\\src\\Illuminate\\Database\\Connection.php(464): Illuminate\\Database\\Connection->run('insert into `bo...', Array, Object(Closure))
#2 D:\\Work\\HAMURA\\NU-PUSTAKA_\\Back-End\\app.nupustaka.com\\vendor\\laravel\\framework\\src\\Illuminate\\Database\\Connection.php(416): Illuminate\\Database\\Connection->statement('insert into `bo...', Array)
#3 D:\\Work\\HAMURA\\NU-PUSTAKA_\\Back-End\\app.nupustaka.com\\vendor\\laravel\\framework\\src\\Illuminate\\Database\\Query\\Processors\\Processor.php(32): Illuminate\\Database\\Connection->insert('insert into `bo...', Array)
#4 D:\\Work\\HAMURA\\NU-PUSTAKA_\\Back-End\\app.nupustaka.com\\vendor\\laravel\\framework\\src\\Illuminate\\Database\\Query\\Builder.php(2672): Illuminate\\Database\\Query\\Processors\\Processor->processInsertGetId(Object(Illuminate\\Database\\Query\\Builder), 'insert into `bo...', Array, 'id')
#5 D:\\Work\\HAMURA\\NU-PUSTAKA_\\Back-End\\app.nupustaka.com\\vendor\\laravel\\framework\\src\\Illuminate\\Database\\Eloquent\\Builder.php(1352): Illuminate\\Database\\Query\\Builder->insertGetId(Array, 'id')
#6 D:\\Work\\HAMURA\\NU-PUSTAKA_\\Back-End\\app.nupustaka.com\\vendor\\laravel\\framework\\src\\Illuminate\\Database\\Eloquent\\Model.php(839): Illuminate\\Database\\Eloquent\\Builder->__call('insertGetId', Array)
#7 D:\\Work\\HAMURA\\NU-PUSTAKA_\\Back-End\\app.nupustaka.com\\vendor\\laravel\\framework\\src\\Illuminate\\Database\\Eloquent\\Model.php(804): Illuminate\\Database\\Eloquent\\Model->insertAndSetId(Object(Illuminate\\Database\\Eloquent\\Builder), Array)
#8 D:\\Work\\HAMURA\\NU-PUSTAKA_\\Back-End\\app.nupustaka.com\\vendor\\laravel\\framework\\src\\Illuminate\\Database\\Eloquent\\Model.php(667): Illuminate\\Database\\Eloquent\\Model->performInsert(Object(Illuminate\\Database\\Eloquent\\Builder))
#9 D:\\Work\\HAMURA\\NU-PUSTAKA_\\Back-End\\app.nupustaka.com\\vendor\\laravel\\framework\\src\\Illuminate\\Database\\Eloquent\\Builder.php(751): Illuminate\\Database\\Eloquent\\Model->save()
#10 D:\\Work\\HAMURA\\NU-PUSTAKA_\\Back-End\\app.nupustaka.com\\vendor\\laravel\\framework\\src\\Illuminate\\Support\\helpers.php(422): Illuminate\\Database\\Eloquent\\Builder->Illuminate\\Database\\Eloquent\\{closure}(Object(App\\Book))
#11 D:\\Work\\HAMURA\\NU-PUSTAKA_\\Back-End\\app.nupustaka.com\\vendor\\laravel\\framework\\src\\Illuminate\\Database\\Eloquent\\Builder.php(752): tap(Object(App\\Book), Object(Closure))
#12 D:\\Work\\HAMURA\\NU-PUSTAKA_\\Back-End\\app.nupustaka.com\\vendor\\laravel\\framework\\src\\Illuminate\\Support\\Traits\\ForwardsCalls.php(23): Illuminate\\Database\\Eloquent\\Builder->create(Array)
#13 D:\\Work\\HAMURA\\NU-PUSTAKA_\\Back-End\\app.nupustaka.com\\vendor\\laravel\\framework\\src\\Illuminate\\Database\\Eloquent\\Model.php(1618): Illuminate\\Database\\Eloquent\\Model->forwardCallTo(Object(Illuminate\\Database\\Eloquent\\Builder), 'create', Array)
#14 D:\\Work\\HAMURA\\NU-PUSTAKA_\\Back-End\\app.nupustaka.com\\app\\Http\\Controllers\\BooksController.php(91): Illuminate\\Database\\Eloquent\\Model->__call('create', Array)
#15 [internal function]: App\\Http\\Controllers\\BooksController->store(Object(Illuminate\\Http\\Request))
#16 D:\\Work\\HAMURA\\NU-PUSTAKA_\\Back-End\\app.nupustaka.com\\vendor\\laravel\\framework\\src\\Illuminate\\Routing\\Controller.php(54): call_user_func_array(Array, Array)
#17 D:\\Work\\HAMURA\\NU-PUSTAKA_\\Back-End\\app.nupustaka.com\\vendor\\laravel\\framework\\src\\Illuminate\\Routing\\ControllerDispatcher.php(45): Illuminate\\Routing\\Controller->callAction('store', Array)
#18 D:\\Work\\HAMURA\\NU-PUSTAKA_\\Back-End\\app.nupustaka.com\\vendor\\laravel\\framework\\src\\Illuminate\\Routing\\Route.php(219): Illuminate\\Routing\\ControllerDispatcher->dispatch(Object(Illuminate\\Routing\\Route), Object(App\\Http\\Controllers\\BooksController), 'store')
#19 D:\\Work\\HAMURA\\NU-PUSTAKA_\\Back-End\\app.nupustaka.com\\vendor\\laravel\\framework\\src\\Illuminate\\Routing\\Route.php(176): Illuminate\\Routing\\Route->runController()
#20 D:\\Work\\HAMURA\\NU-PUSTAKA_\\Back-End\\app.nupustaka.com\\vendor\\laravel\\framework\\src\\Illuminate\\Routing\\Router.php(681): Illuminate\\Routing\\Route->run()
#21 D:\\Work\\HAMURA\\NU-PUSTAKA_\\Back-End\\app.nupustaka.com\\vendor\\laravel\\framework\\src\\Illuminate\\Pipeline\\Pipeline.php(130): Illuminate\\Routing\\Router->Illuminate\\Routing\\{closure}(Object(Illuminate\\Http\\Request))
#22 D:\\Work\\HAMURA\\NU-PUSTAKA_\\Back-End\\app.nupustaka.com\\vendor\\laravel\\framework\\src\\Illuminate\\Routing\\Middleware\\SubstituteBindings.php(41): Illuminate\\Pipeline\\Pipeline->Illuminate\\Pipeline\\{closure}(Object(Illuminate\\Http\\Request))
#23 D:\\Work\\HAMURA\\NU-PUSTAKA_\\Back-End\\app.nupustaka.com\\vendor\\laravel\\framework\\src\\Illuminate\\Pipeline\\Pipeline.php(171): Illuminate\\Routing\\Middleware\\SubstituteBindings->handle(Object(Illuminate\\Http\\Request), Object(Closure))
#24 D:\\Work\\HAMURA\\NU-PUSTAKA_\\Back-End\\app.nupustaka.com\\vendor\\laravel\\framework\\src\\Illuminate\\Foundation\\Http\\Middleware\\VerifyCsrfToken.php(76): Illuminate\\Pipeline\\Pipeline->Illuminate\\Pipeline\\{closure}(Object(Illuminate\\Http\\Request))
#25 D:\\Work\\HAMURA\\NU-PUSTAKA_\\Back-End\\app.nupustaka.com\\vendor\\laravel\\framework\\src\\Illuminate\\Pipeline\\Pipeline.php(171): Illuminate\\Foundation\\Http\\Middleware\\VerifyCsrfToken->handle(Object(Illuminate\\Http\\Request), Object(Closure))
#26 D:\\Work\\HAMURA\\NU-PUSTAKA_\\Back-End\\app.nupustaka.com\\vendor\\laravel\\framework\\src\\Illuminate\\View\\Middleware\\ShareErrorsFromSession.php(49): Illuminate\\Pipeline\\Pipeline->Illuminate\\Pipeline\\{closure}(Object(Illuminate\\Http\\Request))
#27 D:\\Work\\HAMURA\\NU-PUSTAKA_\\Back-End\\app.nupustaka.com\\vendor\\laravel\\framework\\src\\Illuminate\\Pipeline\\Pipeline.php(171): Illuminate\\View\\Middleware\\ShareErrorsFromSession->handle(Object(Illuminate\\Http\\Request), Object(Closure))
#28 D:\\Work\\HAMURA\\NU-PUSTAKA_\\Back-End\\app.nupustaka.com\\vendor\\laravel\\framework\\src\\Illuminate\\Session\\Middleware\\StartSession.php(56): Illuminate\\Pipeline\\Pipeline->Illuminate\\Pipeline\\{closure}(Object(Illuminate\\Http\\Request))
#29 D:\\Work\\HAMURA\\NU-PUSTAKA_\\Back-End\\app.nupustaka.com\\vendor\\laravel\\framework\\src\\Illuminate\\Pipeline\\Pipeline.php(171): Illuminate\\Session\\Middleware\\StartSession->handle(Object(Illuminate\\Http\\Request), Object(Closure))
#30 D:\\Work\\HAMURA\\NU-PUSTAKA_\\Back-End\\app.nupustaka.com\\vendor\\laravel\\framework\\src\\Illuminate\\Cookie\\Middleware\\AddQueuedCookiesToResponse.php(37): Illuminate\\Pipeline\\Pipeline->Illuminate\\Pipeline\\{closure}(Object(Illuminate\\Http\\Request))
#31 D:\\Work\\HAMURA\\NU-PUSTAKA_\\Back-End\\app.nupustaka.com\\vendor\\laravel\\framework\\src\\Illuminate\\Pipeline\\Pipeline.php(171): Illuminate\\Cookie\\Middleware\\AddQueuedCookiesToResponse->handle(Object(Illuminate\\Http\\Request), Object(Closure))
#32 D:\\Work\\HAMURA\\NU-PUSTAKA_\\Back-End\\app.nupustaka.com\\vendor\\laravel\\framework\\src\\Illuminate\\Cookie\\Middleware\\EncryptCookies.php(66): Illuminate\\Pipeline\\Pipeline->Illuminate\\Pipeline\\{closure}(Object(Illuminate\\Http\\Request))
#33 D:\\Work\\HAMURA\\NU-PUSTAKA_\\Back-End\\app.nupustaka.com\\vendor\\laravel\\framework\\src\\Illuminate\\Pipeline\\Pipeline.php(171): Illuminate\\Cookie\\Middleware\\EncryptCookies->handle(Object(Illuminate\\Http\\Request), Object(Closure))
#34 D:\\Work\\HAMURA\\NU-PUSTAKA_\\Back-End\\app.nupustaka.com\\vendor\\laravel\\framework\\src\\Illuminate\\Pipeline\\Pipeline.php(105): Illuminate\\Pipeline\\Pipeline->Illuminate\\Pipeline\\{closure}(Object(Illuminate\\Http\\Request))
#35 D:\\Work\\HAMURA\\NU-PUSTAKA_\\Back-End\\app.nupustaka.com\\vendor\\laravel\\framework\\src\\Illuminate\\Routing\\Router.php(683): Illuminate\\Pipeline\\Pipeline->then(Object(Closure))
#36 D:\\Work\\HAMURA\\NU-PUSTAKA_\\Back-End\\app.nupustaka.com\\vendor\\laravel\\framework\\src\\Illuminate\\Routing\\Router.php(658): Illuminate\\Routing\\Router->runRouteWithinStack(Object(Illuminate\\Routing\\Route), Object(Illuminate\\Http\\Request))
#37 D:\\Work\\HAMURA\\NU-PUSTAKA_\\Back-End\\app.nupustaka.com\\vendor\\laravel\\framework\\src\\Illuminate\\Routing\\Router.php(624): Illuminate\\Routing\\Router->runRoute(Object(Illuminate\\Http\\Request), Object(Illuminate\\Routing\\Route))
#38 D:\\Work\\HAMURA\\NU-PUSTAKA_\\Back-End\\app.nupustaka.com\\vendor\\laravel\\framework\\src\\Illuminate\\Routing\\Router.php(613): Illuminate\\Routing\\Router->dispatchToRoute(Object(Illuminate\\Http\\Request))
#39 D:\\Work\\HAMURA\\NU-PUSTAKA_\\Back-End\\app.nupustaka.com\\vendor\\laravel\\framework\\src\\Illuminate\\Foundation\\Http\\Kernel.php(170): Illuminate\\Routing\\Router->dispatch(Object(Illuminate\\Http\\Request))
#40 D:\\Work\\HAMURA\\NU-PUSTAKA_\\Back-End\\app.nupustaka.com\\vendor\\laravel\\framework\\src\\Illuminate\\Pipeline\\Pipeline.php(130): Illuminate\\Foundation\\Http\\Kernel->Illuminate\\Foundation\\Http\\{closure}(Object(Illuminate\\Http\\Request))
#41 D:\\Work\\HAMURA\\NU-PUSTAKA_\\Back-End\\app.nupustaka.com\\vendor\\laravel\\framework\\src\\Illuminate\\Foundation\\Http\\Middleware\\TransformsRequest.php(21): Illuminate\\Pipeline\\Pipeline->Illuminate\\Pipeline\\{closure}(Object(Illuminate\\Http\\Request))
#42 D:\\Work\\HAMURA\\NU-PUSTAKA_\\Back-End\\app.nupustaka.com\\vendor\\laravel\\framework\\src\\Illuminate\\Pipeline\\Pipeline.php(171): Illuminate\\Foundation\\Http\\Middleware\\TransformsRequest->handle(Object(Illuminate\\Http\\Request), Object(Closure))
#43 D:\\Work\\HAMURA\\NU-PUSTAKA_\\Back-End\\app.nupustaka.com\\vendor\\laravel\\framework\\src\\Illuminate\\Foundation\\Http\\Middleware\\TransformsRequest.php(21): Illuminate\\Pipeline\\Pipeline->Illuminate\\Pipeline\\{closure}(Object(Illuminate\\Http\\Request))
#44 D:\\Work\\HAMURA\\NU-PUSTAKA_\\Back-End\\app.nupustaka.com\\vendor\\laravel\\framework\\src\\Illuminate\\Pipeline\\Pipeline.php(171): Illuminate\\Foundation\\Http\\Middleware\\TransformsRequest->handle(Object(Illuminate\\Http\\Request), Object(Closure))
#45 D:\\Work\\HAMURA\\NU-PUSTAKA_\\Back-End\\app.nupustaka.com\\vendor\\laravel\\framework\\src\\Illuminate\\Foundation\\Http\\Middleware\\ValidatePostSize.php(27): Illuminate\\Pipeline\\Pipeline->Illuminate\\Pipeline\\{closure}(Object(Illuminate\\Http\\Request))
#46 D:\\Work\\HAMURA\\NU-PUSTAKA_\\Back-End\\app.nupustaka.com\\vendor\\laravel\\framework\\src\\Illuminate\\Pipeline\\Pipeline.php(171): Illuminate\\Foundation\\Http\\Middleware\\ValidatePostSize->handle(Object(Illuminate\\Http\\Request), Object(Closure))
#47 D:\\Work\\HAMURA\\NU-PUSTAKA_\\Back-End\\app.nupustaka.com\\vendor\\laravel\\framework\\src\\Illuminate\\Foundation\\Http\\Middleware\\CheckForMaintenanceMode.php(63): Illuminate\\Pipeline\\Pipeline->Illuminate\\Pipeline\\{closure}(Object(Illuminate\\Http\\Request))
#48 D:\\Work\\HAMURA\\NU-PUSTAKA_\\Back-End\\app.nupustaka.com\\vendor\\laravel\\framework\\src\\Illuminate\\Pipeline\\Pipeline.php(171): Illuminate\\Foundation\\Http\\Middleware\\CheckForMaintenanceMode->handle(Object(Illuminate\\Http\\Request), Object(Closure))
#49 D:\\Work\\HAMURA\\NU-PUSTAKA_\\Back-End\\app.nupustaka.com\\vendor\\fideloper\\proxy\\src\\TrustProxies.php(57): Illuminate\\Pipeline\\Pipeline->Illuminate\\Pipeline\\{closure}(Object(Illuminate\\Http\\Request))
#50 D:\\Work\\HAMURA\\NU-PUSTAKA_\\Back-End\\app.nupustaka.com\\vendor\\laravel\\framework\\src\\Illuminate\\Pipeline\\Pipeline.php(171): Fideloper\\Proxy\\TrustProxies->handle(Object(Illuminate\\Http\\Request), Object(Closure))
#51 D:\\Work\\HAMURA\\NU-PUSTAKA_\\Back-End\\app.nupustaka.com\\vendor\\laravel\\framework\\src\\Illuminate\\Pipeline\\Pipeline.php(105): Illuminate\\Pipeline\\Pipeline->Illuminate\\Pipeline\\{closure}(Object(Illuminate\\Http\\Request))
#52 D:\\Work\\HAMURA\\NU-PUSTAKA_\\Back-End\\app.nupustaka.com\\vendor\\laravel\\framework\\src\\Illuminate\\Foundation\\Http\\Kernel.php(145): Illuminate\\Pipeline\\Pipeline->then(Object(Closure))
#53 D:\\Work\\HAMURA\\NU-PUSTAKA_\\Back-End\\app.nupustaka.com\\vendor\\laravel\\framework\\src\\Illuminate\\Foundation\\Http\\Kernel.php(110): Illuminate\\Foundation\\Http\\Kernel->sendRequestThroughRouter(Object(Illuminate\\Http\\Request))
#54 D:\\Work\\HAMURA\\NU-PUSTAKA_\\Back-End\\app.nupustaka.com\\public\\index.php(55): Illuminate\\Foundation\\Http\\Kernel->handle(Object(Illuminate\\Http\\Request))
#55 D:\\Work\\HAMURA\\NU-PUSTAKA_\\Back-End\\app.nupustaka.com\\server.php(21): require_once('D:\\\\Work\\\\HAMURA\\\\...')
#56 {main}

[previous exception] [object] (PDOException(code: HY000): SQLSTATE[HY000]: General error: 1364 Field 'category_id' doesn't have a default value at D:\\Work\\HAMURA\\NU-PUSTAKA_\\Back-End\\app.nupustaka.com\\vendor\\laravel\\framework\\src\\Illuminate\\Database\\Connection.php:463)
[stacktrace]
#0 D:\\Work\\HAMURA\\NU-PUSTAKA_\\Back-End\\app.nupustaka.com\\vendor\\laravel\\framework\\src\\Illuminate\\Database\\Connection.php(463): PDOStatement->execute()
#1 D:\\Work\\HAMURA\\NU-PUSTAKA_\\Back-End\\app.nupustaka.com\\vendor\\laravel\\framework\\src\\Illuminate\\Database\\Connection.php(662): Illuminate\\Database\\Connection->Illuminate\\Database\\{closure}('insert into `bo...', Array)
#2 D:\\Work\\HAMURA\\NU-PUSTAKA_\\Back-End\\app.nupustaka.com\\vendor\\laravel\\framework\\src\\Illuminate\\Database\\Connection.php(629): Illuminate\\Database\\Connection->runQueryCallback('insert into `bo...', Array, Object(Closure))
#3 D:\\Work\\HAMURA\\NU-PUSTAKA_\\Back-End\\app.nupustaka.com\\vendor\\laravel\\framework\\src\\Illuminate\\Database\\Connection.php(464): Illuminate\\Database\\Connection->run('insert into `bo...', Array, Object(Closure))
#4 D:\\Work\\HAMURA\\NU-PUSTAKA_\\Back-End\\app.nupustaka.com\\vendor\\laravel\\framework\\src\\Illuminate\\Database\\Connection.php(416): Illuminate\\Database\\Connection->statement('insert into `bo...', Array)
#5 D:\\Work\\HAMURA\\NU-PUSTAKA_\\Back-End\\app.nupustaka.com\\vendor\\laravel\\framework\\src\\Illuminate\\Database\\Query\\Processors\\Processor.php(32): Illuminate\\Database\\Connection->insert('insert into `bo...', Array)
#6 D:\\Work\\HAMURA\\NU-PUSTAKA_\\Back-End\\app.nupustaka.com\\vendor\\laravel\\framework\\src\\Illuminate\\Database\\Query\\Builder.php(2672): Illuminate\\Database\\Query\\Processors\\Processor->processInsertGetId(Object(Illuminate\\Database\\Query\\Builder), 'insert into `bo...', Array, 'id')
#7 D:\\Work\\HAMURA\\NU-PUSTAKA_\\Back-End\\app.nupustaka.com\\vendor\\laravel\\framework\\src\\Illuminate\\Database\\Eloquent\\Builder.php(1352): Illuminate\\Database\\Query\\Builder->insertGetId(Array, 'id')
#8 D:\\Work\\HAMURA\\NU-PUSTAKA_\\Back-End\\app.nupustaka.com\\vendor\\laravel\\framework\\src\\Illuminate\\Database\\Eloquent\\Model.php(839): Illuminate\\Database\\Eloquent\\Builder->__call('insertGetId', Array)
#9 D:\\Work\\HAMURA\\NU-PUSTAKA_\\Back-End\\app.nupustaka.com\\vendor\\laravel\\framework\\src\\Illuminate\\Database\\Eloquent\\Model.php(804): Illuminate\\Database\\Eloquent\\Model->insertAndSetId(Object(Illuminate\\Database\\Eloquent\\Builder), Array)
#10 D:\\Work\\HAMURA\\NU-PUSTAKA_\\Back-End\\app.nupustaka.com\\vendor\\laravel\\framework\\src\\Illuminate\\Database\\Eloquent\\Model.php(667): Illuminate\\Database\\Eloquent\\Model->performInsert(Object(Illuminate\\Database\\Eloquent\\Builder))
#11 D:\\Work\\HAMURA\\NU-PUSTAKA_\\Back-End\\app.nupustaka.com\\vendor\\laravel\\framework\\src\\Illuminate\\Database\\Eloquent\\Builder.php(751): Illuminate\\Database\\Eloquent\\Model->save()
#12 D:\\Work\\HAMURA\\NU-PUSTAKA_\\Back-End\\app.nupustaka.com\\vendor\\laravel\\framework\\src\\Illuminate\\Support\\helpers.php(422): Illuminate\\Database\\Eloquent\\Builder->Illuminate\\Database\\Eloquent\\{closure}(Object(App\\Book))
#13 D:\\Work\\HAMURA\\NU-PUSTAKA_\\Back-End\\app.nupustaka.com\\vendor\\laravel\\framework\\src\\Illuminate\\Database\\Eloquent\\Builder.php(752): tap(Object(App\\Book), Object(Closure))
#14 D:\\Work\\HAMURA\\NU-PUSTAKA_\\Back-End\\app.nupustaka.com\\vendor\\laravel\\framework\\src\\Illuminate\\Support\\Traits\\ForwardsCalls.php(23): Illuminate\\Database\\Eloquent\\Builder->create(Array)
#15 D:\\Work\\HAMURA\\NU-PUSTAKA_\\Back-End\\app.nupustaka.com\\vendor\\laravel\\framework\\src\\Illuminate\\Database\\Eloquent\\Model.php(1618): Illuminate\\Database\\Eloquent\\Model->forwardCallTo(Object(Illuminate\\Database\\Eloquent\\Builder), 'create', Array)
#16 D:\\Work\\HAMURA\\NU-PUSTAKA_\\Back-End\\app.nupustaka.com\\app\\Http\\Controllers\\BooksController.php(91): Illuminate\\Database\\Eloquent\\Model->__call('create', Array)
#17 [internal function]: App\\Http\\Controllers\\BooksController->store(Object(Illuminate\\Http\\Request))
#18 D:\\Work\\HAMURA\\NU-PUSTAKA_\\Back-End\\app.nupustaka.com\\vendor\\laravel\\framework\\src\\Illuminate\\Routing\\Controller.php(54): call_user_func_array(Array, Array)
#19 D:\\Work\\HAMURA\\NU-PUSTAKA_\\Back-End\\app.nupustaka.com\\vendor\\laravel\\framework\\src\\Illuminate\\Routing\\ControllerDispatcher.php(45): Illuminate\\Routing\\Controller->callAction('store', Array)
#20 D:\\Work\\HAMURA\\NU-PUSTAKA_\\Back-End\\app.nupustaka.com\\vendor\\laravel\\framework\\src\\Illuminate\\Routing\\Route.php(219): Illuminate\\Routing\\ControllerDispatcher->dispatch(Object(Illuminate\\Routing\\Route), Object(App\\Http\\Controllers\\BooksController), 'store')
#21 D:\\Work\\HAMURA\\NU-PUSTAKA_\\Back-End\\app.nupustaka.com\\vendor\\laravel\\framework\\src\\Illuminate\\Routing\\Route.php(176): Illuminate\\Routing\\Route->runController()
#22 D:\\Work\\HAMURA\\NU-PUSTAKA_\\Back-End\\app.nupustaka.com\\vendor\\laravel\\framework\\src\\Illuminate\\Routing\\Router.php(681): Illuminate\\Routing\\Route->run()
#23 D:\\Work\\HAMURA\\NU-PUSTAKA_\\Back-End\\app.nupustaka.com\\vendor\\laravel\\framework\\src\\Illuminate\\Pipeline\\Pipeline.php(130): Illuminate\\Routing\\Router->Illuminate\\Routing\\{closure}(Object(Illuminate\\Http\\Request))
#24 D:\\Work\\HAMURA\\NU-PUSTAKA_\\Back-End\\app.nupustaka.com\\vendor\\laravel\\framework\\src\\Illuminate\\Routing\\Middleware\\SubstituteBindings.php(41): Illuminate\\Pipeline\\Pipeline->Illuminate\\Pipeline\\{closure}(Object(Illuminate\\Http\\Request))
#25 D:\\Work\\HAMURA\\NU-PUSTAKA_\\Back-End\\app.nupustaka.com\\vendor\\laravel\\framework\\src\\Illuminate\\Pipeline\\Pipeline.php(171): Illuminate\\Routing\\Middleware\\SubstituteBindings->handle(Object(Illuminate\\Http\\Request), Object(Closure))
#26 D:\\Work\\HAMURA\\NU-PUSTAKA_\\Back-End\\app.nupustaka.com\\vendor\\laravel\\framework\\src\\Illuminate\\Foundation\\Http\\Middleware\\VerifyCsrfToken.php(76): Illuminate\\Pipeline\\Pipeline->Illuminate\\Pipeline\\{closure}(Object(Illuminate\\Http\\Request))
#27 D:\\Work\\HAMURA\\NU-PUSTAKA_\\Back-End\\app.nupustaka.com\\vendor\\laravel\\framework\\src\\Illuminate\\Pipeline\\Pipeline.php(171): Illuminate\\Foundation\\Http\\Middleware\\VerifyCsrfToken->handle(Object(Illuminate\\Http\\Request), Object(Closure))
#28 D:\\Work\\HAMURA\\NU-PUSTAKA_\\Back-End\\app.nupustaka.com\\vendor\\laravel\\framework\\src\\Illuminate\\View\\Middleware\\ShareErrorsFromSession.php(49): Illuminate\\Pipeline\\Pipeline->Illuminate\\Pipeline\\{closure}(Object(Illuminate\\Http\\Request))
#29 D:\\Work\\HAMURA\\NU-PUSTAKA_\\Back-End\\app.nupustaka.com\\vendor\\laravel\\framework\\src\\Illuminate\\Pipeline\\Pipeline.php(171): Illuminate\\View\\Middleware\\ShareErrorsFromSession->handle(Object(Illuminate\\Http\\Request), Object(Closure))
#30 D:\\Work\\HAMURA\\NU-PUSTAKA_\\Back-End\\app.nupustaka.com\\vendor\\laravel\\framework\\src\\Illuminate\\Session\\Middleware\\StartSession.php(56): Illuminate\\Pipeline\\Pipeline->Illuminate\\Pipeline\\{closure}(Object(Illuminate\\Http\\Request))
#31 D:\\Work\\HAMURA\\NU-PUSTAKA_\\Back-End\\app.nupustaka.com\\vendor\\laravel\\framework\\src\\Illuminate\\Pipeline\\Pipeline.php(171): Illuminate\\Session\\Middleware\\StartSession->handle(Object(Illuminate\\Http\\Request), Object(Closure))
#32 D:\\Work\\HAMURA\\NU-PUSTAKA_\\Back-End\\app.nupustaka.com\\vendor\\laravel\\framework\\src\\Illuminate\\Cookie\\Middleware\\AddQueuedCookiesToResponse.php(37): Illuminate\\Pipeline\\Pipeline->Illuminate\\Pipeline\\{closure}(Object(Illuminate\\Http\\Request))
#33 D:\\Work\\HAMURA\\NU-PUSTAKA_\\Back-End\\app.nupustaka.com\\vendor\\laravel\\framework\\src\\Illuminate\\Pipeline\\Pipeline.php(171): Illuminate\\Cookie\\Middleware\\AddQueuedCookiesToResponse->handle(Object(Illuminate\\Http\\Request), Object(Closure))
#34 D:\\Work\\HAMURA\\NU-PUSTAKA_\\Back-End\\app.nupustaka.com\\vendor\\laravel\\framework\\src\\Illuminate\\Cookie\\Middleware\\EncryptCookies.php(66): Illuminate\\Pipeline\\Pipeline->Illuminate\\Pipeline\\{closure}(Object(Illuminate\\Http\\Request))
#35 D:\\Work\\HAMURA\\NU-PUSTAKA_\\Back-End\\app.nupustaka.com\\vendor\\laravel\\framework\\src\\Illuminate\\Pipeline\\Pipeline.php(171): Illuminate\\Cookie\\Middleware\\EncryptCookies->handle(Object(Illuminate\\Http\\Request), Object(Closure))
#36 D:\\Work\\HAMURA\\NU-PUSTAKA_\\Back-End\\app.nupustaka.com\\vendor\\laravel\\framework\\src\\Illuminate\\Pipeline\\Pipeline.php(105): Illuminate\\Pipeline\\Pipeline->Illuminate\\Pipeline\\{closure}(Object(Illuminate\\Http\\Request))
#37 D:\\Work\\HAMURA\\NU-PUSTAKA_\\Back-End\\app.nupustaka.com\\vendor\\laravel\\framework\\src\\Illuminate\\Routing\\Router.php(683): Illuminate\\Pipeline\\Pipeline->then(Object(Closure))
#38 D:\\Work\\HAMURA\\NU-PUSTAKA_\\Back-End\\app.nupustaka.com\\vendor\\laravel\\framework\\src\\Illuminate\\Routing\\Router.php(658): Illuminate\\Routing\\Router->runRouteWithinStack(Object(Illuminate\\Routing\\Route), Object(Illuminate\\Http\\Request))
#39 D:\\Work\\HAMURA\\NU-PUSTAKA_\\Back-End\\app.nupustaka.com\\vendor\\laravel\\framework\\src\\Illuminate\\Routing\\Router.php(624): Illuminate\\Routing\\Router->runRoute(Object(Illuminate\\Http\\Request), Object(Illuminate\\Routing\\Route))
#40 D:\\Work\\HAMURA\\NU-PUSTAKA_\\Back-End\\app.nupustaka.com\\vendor\\laravel\\framework\\src\\Illuminate\\Routing\\Router.php(613): Illuminate\\Routing\\Router->dispatchToRoute(Object(Illuminate\\Http\\Request))
#41 D:\\Work\\HAMURA\\NU-PUSTAKA_\\Back-End\\app.nupustaka.com\\vendor\\laravel\\framework\\src\\Illuminate\\Foundation\\Http\\Kernel.php(170): Illuminate\\Routing\\Router->dispatch(Object(Illuminate\\Http\\Request))
#42 D:\\Work\\HAMURA\\NU-PUSTAKA_\\Back-End\\app.nupustaka.com\\vendor\\laravel\\framework\\src\\Illuminate\\Pipeline\\Pipeline.php(130): Illuminate\\Foundation\\Http\\Kernel->Illuminate\\Foundation\\Http\\{closure}(Object(Illuminate\\Http\\Request))
#43 D:\\Work\\HAMURA\\NU-PUSTAKA_\\Back-End\\app.nupustaka.com\\vendor\\laravel\\framework\\src\\Illuminate\\Foundation\\Http\\Middleware\\TransformsRequest.php(21): Illuminate\\Pipeline\\Pipeline->Illuminate\\Pipeline\\{closure}(Object(Illuminate\\Http\\Request))
#44 D:\\Work\\HAMURA\\NU-PUSTAKA_\\Back-End\\app.nupustaka.com\\vendor\\laravel\\framework\\src\\Illuminate\\Pipeline\\Pipeline.php(171): Illuminate\\Foundation\\Http\\Middleware\\TransformsRequest->handle(Object(Illuminate\\Http\\Request), Object(Closure))
#45 D:\\Work\\HAMURA\\NU-PUSTAKA_\\Back-End\\app.nupustaka.com\\vendor\\laravel\\framework\\src\\Illuminate\\Foundation\\Http\\Middleware\\TransformsRequest.php(21): Illuminate\\Pipeline\\Pipeline->Illuminate\\Pipeline\\{closure}(Object(Illuminate\\Http\\Request))
#46 D:\\Work\\HAMURA\\NU-PUSTAKA_\\Back-End\\app.nupustaka.com\\vendor\\laravel\\framework\\src\\Illuminate\\Pipeline\\Pipeline.php(171): Illuminate\\Foundation\\Http\\Middleware\\TransformsRequest->handle(Object(Illuminate\\Http\\Request), Object(Closure))
#47 D:\\Work\\HAMURA\\NU-PUSTAKA_\\Back-End\\app.nupustaka.com\\vendor\\laravel\\framework\\src\\Illuminate\\Foundation\\Http\\Middleware\\ValidatePostSize.php(27): Illuminate\\Pipeline\\Pipeline->Illuminate\\Pipeline\\{closure}(Object(Illuminate\\Http\\Request))
#48 D:\\Work\\HAMURA\\NU-PUSTAKA_\\Back-End\\app.nupustaka.com\\vendor\\laravel\\framework\\src\\Illuminate\\Pipeline\\Pipeline.php(171): Illuminate\\Foundation\\Http\\Middleware\\ValidatePostSize->handle(Object(Illuminate\\Http\\Request), Object(Closure))
#49 D:\\Work\\HAMURA\\NU-PUSTAKA_\\Back-End\\app.nupustaka.com\\vendor\\laravel\\framework\\src\\Illuminate\\Foundation\\Http\\Middleware\\CheckForMaintenanceMode.php(63): Illuminate\\Pipeline\\Pipeline->Illuminate\\Pipeline\\{closure}(Object(Illuminate\\Http\\Request))
#50 D:\\Work\\HAMURA\\NU-PUSTAKA_\\Back-End\\app.nupustaka.com\\vendor\\laravel\\framework\\src\\Illuminate\\Pipeline\\Pipeline.php(171): Illuminate\\Foundation\\Http\\Middleware\\CheckForMaintenanceMode->handle(Object(Illuminate\\Http\\Request), Object(Closure))
#51 D:\\Work\\HAMURA\\NU-PUSTAKA_\\Back-End\\app.nupustaka.com\\vendor\\fideloper\\proxy\\src\\TrustProxies.php(57): Illuminate\\Pipeline\\Pipeline->Illuminate\\Pipeline\\{closure}(Object(Illuminate\\Http\\Request))
#52 D:\\Work\\HAMURA\\NU-PUSTAKA_\\Back-End\\app.nupustaka.com\\vendor\\laravel\\framework\\src\\Illuminate\\Pipeline\\Pipeline.php(171): Fideloper\\Proxy\\TrustProxies->handle(Object(Illuminate\\Http\\Request), Object(Closure))
#53 D:\\Work\\HAMURA\\NU-PUSTAKA_\\Back-End\\app.nupustaka.com\\vendor\\laravel\\framework\\src\\Illuminate\\Pipeline\\Pipeline.php(105): Illuminate\\Pipeline\\Pipeline->Illuminate\\Pipeline\\{closure}(Object(Illuminate\\Http\\Request))
#54 D:\\Work\\HAMURA\\NU-PUSTAKA_\\Back-End\\app.nupustaka.com\\vendor\\laravel\\framework\\src\\Illuminate\\Foundation\\Http\\Kernel.php(145): Illuminate\\Pipeline\\Pipeline->then(Object(Closure))
#55 D:\\Work\\HAMURA\\NU-PUSTAKA_\\Back-End\\app.nupustaka.com\\vendor\\laravel\\framework\\src\\Illuminate\\Foundation\\Http\\Kernel.php(110): Illuminate\\Foundation\\Http\\Kernel->sendRequestThroughRouter(Object(Illuminate\\Http\\Request))
#56 D:\\Work\\HAMURA\\NU-PUSTAKA_\\Back-End\\app.nupustaka.com\\public\\index.php(55): Illuminate\\Foundation\\Http\\Kernel->handle(Object(Illuminate\\Http\\Request))
#57 D:\\Work\\HAMURA\\NU-PUSTAKA_\\Back-End\\app.nupustaka.com\\server.php(21): require_once('D:\\\\Work\\\\HAMURA\\\\...')
#58 {main}
"} 
[2020-10-08 05:41:50] local.ERROR: SQLSTATE[HY000]: General error: 1364 Field 'category_id' doesn't have a default value (SQL: insert into `books` (`title`, `updated_at`, `created_at`) values (Book 1, 2020-10-08 05:41:50, 2020-10-08 05:41:50)) {"userId":22,"exception":"[object] (Illuminate\\Database\\QueryException(code: HY000): SQLSTATE[HY000]: General error: 1364 Field 'category_id' doesn't have a default value (SQL: insert into `books` (`title`, `updated_at`, `created_at`) values (Book 1, 2020-10-08 05:41:50, 2020-10-08 05:41:50)) at D:\\Work\\HAMURA\\NU-PUSTAKA_\\Back-End\\app.nupustaka.com\\vendor\\laravel\\framework\\src\\Illuminate\\Database\\Connection.php:669)
[stacktrace]
#0 D:\\Work\\HAMURA\\NU-PUSTAKA_\\Back-End\\app.nupustaka.com\\vendor\\laravel\\framework\\src\\Illuminate\\Database\\Connection.php(629): Illuminate\\Database\\Connection->runQueryCallback('insert into `bo...', Array, Object(Closure))
#1 D:\\Work\\HAMURA\\NU-PUSTAKA_\\Back-End\\app.nupustaka.com\\vendor\\laravel\\framework\\src\\Illuminate\\Database\\Connection.php(464): Illuminate\\Database\\Connection->run('insert into `bo...', Array, Object(Closure))
#2 D:\\Work\\HAMURA\\NU-PUSTAKA_\\Back-End\\app.nupustaka.com\\vendor\\laravel\\framework\\src\\Illuminate\\Database\\Connection.php(416): Illuminate\\Database\\Connection->statement('insert into `bo...', Array)
#3 D:\\Work\\HAMURA\\NU-PUSTAKA_\\Back-End\\app.nupustaka.com\\vendor\\laravel\\framework\\src\\Illuminate\\Database\\Query\\Processors\\Processor.php(32): Illuminate\\Database\\Connection->insert('insert into `bo...', Array)
#4 D:\\Work\\HAMURA\\NU-PUSTAKA_\\Back-End\\app.nupustaka.com\\vendor\\laravel\\framework\\src\\Illuminate\\Database\\Query\\Builder.php(2672): Illuminate\\Database\\Query\\Processors\\Processor->processInsertGetId(Object(Illuminate\\Database\\Query\\Builder), 'insert into `bo...', Array, 'id')
#5 D:\\Work\\HAMURA\\NU-PUSTAKA_\\Back-End\\app.nupustaka.com\\vendor\\laravel\\framework\\src\\Illuminate\\Database\\Eloquent\\Builder.php(1352): Illuminate\\Database\\Query\\Builder->insertGetId(Array, 'id')
#6 D:\\Work\\HAMURA\\NU-PUSTAKA_\\Back-End\\app.nupustaka.com\\vendor\\laravel\\framework\\src\\Illuminate\\Database\\Eloquent\\Model.php(839): Illuminate\\Database\\Eloquent\\Builder->__call('insertGetId', Array)
#7 D:\\Work\\HAMURA\\NU-PUSTAKA_\\Back-End\\app.nupustaka.com\\vendor\\laravel\\framework\\src\\Illuminate\\Database\\Eloquent\\Model.php(804): Illuminate\\Database\\Eloquent\\Model->insertAndSetId(Object(Illuminate\\Database\\Eloquent\\Builder), Array)
#8 D:\\Work\\HAMURA\\NU-PUSTAKA_\\Back-End\\app.nupustaka.com\\vendor\\laravel\\framework\\src\\Illuminate\\Database\\Eloquent\\Model.php(667): Illuminate\\Database\\Eloquent\\Model->performInsert(Object(Illuminate\\Database\\Eloquent\\Builder))
#9 D:\\Work\\HAMURA\\NU-PUSTAKA_\\Back-End\\app.nupustaka.com\\vendor\\laravel\\framework\\src\\Illuminate\\Database\\Eloquent\\Builder.php(751): Illuminate\\Database\\Eloquent\\Model->save()
#10 D:\\Work\\HAMURA\\NU-PUSTAKA_\\Back-End\\app.nupustaka.com\\vendor\\laravel\\framework\\src\\Illuminate\\Support\\helpers.php(422): Illuminate\\Database\\Eloquent\\Builder->Illuminate\\Database\\Eloquent\\{closure}(Object(App\\Book))
#11 D:\\Work\\HAMURA\\NU-PUSTAKA_\\Back-End\\app.nupustaka.com\\vendor\\laravel\\framework\\src\\Illuminate\\Database\\Eloquent\\Builder.php(752): tap(Object(App\\Book), Object(Closure))
#12 D:\\Work\\HAMURA\\NU-PUSTAKA_\\Back-End\\app.nupustaka.com\\vendor\\laravel\\framework\\src\\Illuminate\\Support\\Traits\\ForwardsCalls.php(23): Illuminate\\Database\\Eloquent\\Builder->create(Array)
#13 D:\\Work\\HAMURA\\NU-PUSTAKA_\\Back-End\\app.nupustaka.com\\vendor\\laravel\\framework\\src\\Illuminate\\Database\\Eloquent\\Model.php(1618): Illuminate\\Database\\Eloquent\\Model->forwardCallTo(Object(Illuminate\\Database\\Eloquent\\Builder), 'create', Array)
#14 D:\\Work\\HAMURA\\NU-PUSTAKA_\\Back-End\\app.nupustaka.com\\app\\Http\\Controllers\\BooksController.php(91): Illuminate\\Database\\Eloquent\\Model->__call('create', Array)
#15 [internal function]: App\\Http\\Controllers\\BooksController->store(Object(Illuminate\\Http\\Request))
#16 D:\\Work\\HAMURA\\NU-PUSTAKA_\\Back-End\\app.nupustaka.com\\vendor\\laravel\\framework\\src\\Illuminate\\Routing\\Controller.php(54): call_user_func_array(Array, Array)
#17 D:\\Work\\HAMURA\\NU-PUSTAKA_\\Back-End\\app.nupustaka.com\\vendor\\laravel\\framework\\src\\Illuminate\\Routing\\ControllerDispatcher.php(45): Illuminate\\Routing\\Controller->callAction('store', Array)
#18 D:\\Work\\HAMURA\\NU-PUSTAKA_\\Back-End\\app.nupustaka.com\\vendor\\laravel\\framework\\src\\Illuminate\\Routing\\Route.php(219): Illuminate\\Routing\\ControllerDispatcher->dispatch(Object(Illuminate\\Routing\\Route), Object(App\\Http\\Controllers\\BooksController), 'store')
#19 D:\\Work\\HAMURA\\NU-PUSTAKA_\\Back-End\\app.nupustaka.com\\vendor\\laravel\\framework\\src\\Illuminate\\Routing\\Route.php(176): Illuminate\\Routing\\Route->runController()
#20 D:\\Work\\HAMURA\\NU-PUSTAKA_\\Back-End\\app.nupustaka.com\\vendor\\laravel\\framework\\src\\Illuminate\\Routing\\Router.php(681): Illuminate\\Routing\\Route->run()
#21 D:\\Work\\HAMURA\\NU-PUSTAKA_\\Back-End\\app.nupustaka.com\\vendor\\laravel\\framework\\src\\Illuminate\\Pipeline\\Pipeline.php(130): Illuminate\\Routing\\Router->Illuminate\\Routing\\{closure}(Object(Illuminate\\Http\\Request))
#22 D:\\Work\\HAMURA\\NU-PUSTAKA_\\Back-End\\app.nupustaka.com\\vendor\\laravel\\framework\\src\\Illuminate\\Routing\\Middleware\\SubstituteBindings.php(41): Illuminate\\Pipeline\\Pipeline->Illuminate\\Pipeline\\{closure}(Object(Illuminate\\Http\\Request))
#23 D:\\Work\\HAMURA\\NU-PUSTAKA_\\Back-End\\app.nupustaka.com\\vendor\\laravel\\framework\\src\\Illuminate\\Pipeline\\Pipeline.php(171): Illuminate\\Routing\\Middleware\\SubstituteBindings->handle(Object(Illuminate\\Http\\Request), Object(Closure))
#24 D:\\Work\\HAMURA\\NU-PUSTAKA_\\Back-End\\app.nupustaka.com\\vendor\\laravel\\framework\\src\\Illuminate\\Foundation\\Http\\Middleware\\VerifyCsrfToken.php(76): Illuminate\\Pipeline\\Pipeline->Illuminate\\Pipeline\\{closure}(Object(Illuminate\\Http\\Request))
#25 D:\\Work\\HAMURA\\NU-PUSTAKA_\\Back-End\\app.nupustaka.com\\vendor\\laravel\\framework\\src\\Illuminate\\Pipeline\\Pipeline.php(171): Illuminate\\Foundation\\Http\\Middleware\\VerifyCsrfToken->handle(Object(Illuminate\\Http\\Request), Object(Closure))
#26 D:\\Work\\HAMURA\\NU-PUSTAKA_\\Back-End\\app.nupustaka.com\\vendor\\laravel\\framework\\src\\Illuminate\\View\\Middleware\\ShareErrorsFromSession.php(49): Illuminate\\Pipeline\\Pipeline->Illuminate\\Pipeline\\{closure}(Object(Illuminate\\Http\\Request))
#27 D:\\Work\\HAMURA\\NU-PUSTAKA_\\Back-End\\app.nupustaka.com\\vendor\\laravel\\framework\\src\\Illuminate\\Pipeline\\Pipeline.php(171): Illuminate\\View\\Middleware\\ShareErrorsFromSession->handle(Object(Illuminate\\Http\\Request), Object(Closure))
#28 D:\\Work\\HAMURA\\NU-PUSTAKA_\\Back-End\\app.nupustaka.com\\vendor\\laravel\\framework\\src\\Illuminate\\Session\\Middleware\\StartSession.php(56): Illuminate\\Pipeline\\Pipeline->Illuminate\\Pipeline\\{closure}(Object(Illuminate\\Http\\Request))
#29 D:\\Work\\HAMURA\\NU-PUSTAKA_\\Back-End\\app.nupustaka.com\\vendor\\laravel\\framework\\src\\Illuminate\\Pipeline\\Pipeline.php(171): Illuminate\\Session\\Middleware\\StartSession->handle(Object(Illuminate\\Http\\Request), Object(Closure))
#30 D:\\Work\\HAMURA\\NU-PUSTAKA_\\Back-End\\app.nupustaka.com\\vendor\\laravel\\framework\\src\\Illuminate\\Cookie\\Middleware\\AddQueuedCookiesToResponse.php(37): Illuminate\\Pipeline\\Pipeline->Illuminate\\Pipeline\\{closure}(Object(Illuminate\\Http\\Request))
#31 D:\\Work\\HAMURA\\NU-PUSTAKA_\\Back-End\\app.nupustaka.com\\vendor\\laravel\\framework\\src\\Illuminate\\Pipeline\\Pipeline.php(171): Illuminate\\Cookie\\Middleware\\AddQueuedCookiesToResponse->handle(Object(Illuminate\\Http\\Request), Object(Closure))
#32 D:\\Work\\HAMURA\\NU-PUSTAKA_\\Back-End\\app.nupustaka.com\\vendor\\laravel\\framework\\src\\Illuminate\\Cookie\\Middleware\\EncryptCookies.php(66): Illuminate\\Pipeline\\Pipeline->Illuminate\\Pipeline\\{closure}(Object(Illuminate\\Http\\Request))
#33 D:\\Work\\HAMURA\\NU-PUSTAKA_\\Back-End\\app.nupustaka.com\\vendor\\laravel\\framework\\src\\Illuminate\\Pipeline\\Pipeline.php(171): Illuminate\\Cookie\\Middleware\\EncryptCookies->handle(Object(Illuminate\\Http\\Request), Object(Closure))
#34 D:\\Work\\HAMURA\\NU-PUSTAKA_\\Back-End\\app.nupustaka.com\\vendor\\laravel\\framework\\src\\Illuminate\\Pipeline\\Pipeline.php(105): Illuminate\\Pipeline\\Pipeline->Illuminate\\Pipeline\\{closure}(Object(Illuminate\\Http\\Request))
#35 D:\\Work\\HAMURA\\NU-PUSTAKA_\\Back-End\\app.nupustaka.com\\vendor\\laravel\\framework\\src\\Illuminate\\Routing\\Router.php(683): Illuminate\\Pipeline\\Pipeline->then(Object(Closure))
#36 D:\\Work\\HAMURA\\NU-PUSTAKA_\\Back-End\\app.nupustaka.com\\vendor\\laravel\\framework\\src\\Illuminate\\Routing\\Router.php(658): Illuminate\\Routing\\Router->runRouteWithinStack(Object(Illuminate\\Routing\\Route), Object(Illuminate\\Http\\Request))
#37 D:\\Work\\HAMURA\\NU-PUSTAKA_\\Back-End\\app.nupustaka.com\\vendor\\laravel\\framework\\src\\Illuminate\\Routing\\Router.php(624): Illuminate\\Routing\\Router->runRoute(Object(Illuminate\\Http\\Request), Object(Illuminate\\Routing\\Route))
#38 D:\\Work\\HAMURA\\NU-PUSTAKA_\\Back-End\\app.nupustaka.com\\vendor\\laravel\\framework\\src\\Illuminate\\Routing\\Router.php(613): Illuminate\\Routing\\Router->dispatchToRoute(Object(Illuminate\\Http\\Request))
#39 D:\\Work\\HAMURA\\NU-PUSTAKA_\\Back-End\\app.nupustaka.com\\vendor\\laravel\\framework\\src\\Illuminate\\Foundation\\Http\\Kernel.php(170): Illuminate\\Routing\\Router->dispatch(Object(Illuminate\\Http\\Request))
#40 D:\\Work\\HAMURA\\NU-PUSTAKA_\\Back-End\\app.nupustaka.com\\vendor\\laravel\\framework\\src\\Illuminate\\Pipeline\\Pipeline.php(130): Illuminate\\Foundation\\Http\\Kernel->Illuminate\\Foundation\\Http\\{closure}(Object(Illuminate\\Http\\Request))
#41 D:\\Work\\HAMURA\\NU-PUSTAKA_\\Back-End\\app.nupustaka.com\\vendor\\laravel\\framework\\src\\Illuminate\\Foundation\\Http\\Middleware\\TransformsRequest.php(21): Illuminate\\Pipeline\\Pipeline->Illuminate\\Pipeline\\{closure}(Object(Illuminate\\Http\\Request))
#42 D:\\Work\\HAMURA\\NU-PUSTAKA_\\Back-End\\app.nupustaka.com\\vendor\\laravel\\framework\\src\\Illuminate\\Pipeline\\Pipeline.php(171): Illuminate\\Foundation\\Http\\Middleware\\TransformsRequest->handle(Object(Illuminate\\Http\\Request), Object(Closure))
#43 D:\\Work\\HAMURA\\NU-PUSTAKA_\\Back-End\\app.nupustaka.com\\vendor\\laravel\\framework\\src\\Illuminate\\Foundation\\Http\\Middleware\\TransformsRequest.php(21): Illuminate\\Pipeline\\Pipeline->Illuminate\\Pipeline\\{closure}(Object(Illuminate\\Http\\Request))
#44 D:\\Work\\HAMURA\\NU-PUSTAKA_\\Back-End\\app.nupustaka.com\\vendor\\laravel\\framework\\src\\Illuminate\\Pipeline\\Pipeline.php(171): Illuminate\\Foundation\\Http\\Middleware\\TransformsRequest->handle(Object(Illuminate\\Http\\Request), Object(Closure))
#45 D:\\Work\\HAMURA\\NU-PUSTAKA_\\Back-End\\app.nupustaka.com\\vendor\\laravel\\framework\\src\\Illuminate\\Foundation\\Http\\Middleware\\ValidatePostSize.php(27): Illuminate\\Pipeline\\Pipeline->Illuminate\\Pipeline\\{closure}(Object(Illuminate\\Http\\Request))
#46 D:\\Work\\HAMURA\\NU-PUSTAKA_\\Back-End\\app.nupustaka.com\\vendor\\laravel\\framework\\src\\Illuminate\\Pipeline\\Pipeline.php(171): Illuminate\\Foundation\\Http\\Middleware\\ValidatePostSize->handle(Object(Illuminate\\Http\\Request), Object(Closure))
#47 D:\\Work\\HAMURA\\NU-PUSTAKA_\\Back-End\\app.nupustaka.com\\vendor\\laravel\\framework\\src\\Illuminate\\Foundation\\Http\\Middleware\\CheckForMaintenanceMode.php(63): Illuminate\\Pipeline\\Pipeline->Illuminate\\Pipeline\\{closure}(Object(Illuminate\\Http\\Request))
#48 D:\\Work\\HAMURA\\NU-PUSTAKA_\\Back-End\\app.nupustaka.com\\vendor\\laravel\\framework\\src\\Illuminate\\Pipeline\\Pipeline.php(171): Illuminate\\Foundation\\Http\\Middleware\\CheckForMaintenanceMode->handle(Object(Illuminate\\Http\\Request), Object(Closure))
#49 D:\\Work\\HAMURA\\NU-PUSTAKA_\\Back-End\\app.nupustaka.com\\vendor\\fideloper\\proxy\\src\\TrustProxies.php(57): Illuminate\\Pipeline\\Pipeline->Illuminate\\Pipeline\\{closure}(Object(Illuminate\\Http\\Request))
#50 D:\\Work\\HAMURA\\NU-PUSTAKA_\\Back-End\\app.nupustaka.com\\vendor\\laravel\\framework\\src\\Illuminate\\Pipeline\\Pipeline.php(171): Fideloper\\Proxy\\TrustProxies->handle(Object(Illuminate\\Http\\Request), Object(Closure))
#51 D:\\Work\\HAMURA\\NU-PUSTAKA_\\Back-End\\app.nupustaka.com\\vendor\\laravel\\framework\\src\\Illuminate\\Pipeline\\Pipeline.php(105): Illuminate\\Pipeline\\Pipeline->Illuminate\\Pipeline\\{closure}(Object(Illuminate\\Http\\Request))
#52 D:\\Work\\HAMURA\\NU-PUSTAKA_\\Back-End\\app.nupustaka.com\\vendor\\laravel\\framework\\src\\Illuminate\\Foundation\\Http\\Kernel.php(145): Illuminate\\Pipeline\\Pipeline->then(Object(Closure))
#53 D:\\Work\\HAMURA\\NU-PUSTAKA_\\Back-End\\app.nupustaka.com\\vendor\\laravel\\framework\\src\\Illuminate\\Foundation\\Http\\Kernel.php(110): Illuminate\\Foundation\\Http\\Kernel->sendRequestThroughRouter(Object(Illuminate\\Http\\Request))
#54 D:\\Work\\HAMURA\\NU-PUSTAKA_\\Back-End\\app.nupustaka.com\\public\\index.php(55): Illuminate\\Foundation\\Http\\Kernel->handle(Object(Illuminate\\Http\\Request))
#55 D:\\Work\\HAMURA\\NU-PUSTAKA_\\Back-End\\app.nupustaka.com\\server.php(21): require_once('D:\\\\Work\\\\HAMURA\\\\...')
#56 {main}

[previous exception] [object] (PDOException(code: HY000): SQLSTATE[HY000]: General error: 1364 Field 'category_id' doesn't have a default value at D:\\Work\\HAMURA\\NU-PUSTAKA_\\Back-End\\app.nupustaka.com\\vendor\\laravel\\framework\\src\\Illuminate\\Database\\Connection.php:463)
[stacktrace]
#0 D:\\Work\\HAMURA\\NU-PUSTAKA_\\Back-End\\app.nupustaka.com\\vendor\\laravel\\framework\\src\\Illuminate\\Database\\Connection.php(463): PDOStatement->execute()
#1 D:\\Work\\HAMURA\\NU-PUSTAKA_\\Back-End\\app.nupustaka.com\\vendor\\laravel\\framework\\src\\Illuminate\\Database\\Connection.php(662): Illuminate\\Database\\Connection->Illuminate\\Database\\{closure}('insert into `bo...', Array)
#2 D:\\Work\\HAMURA\\NU-PUSTAKA_\\Back-End\\app.nupustaka.com\\vendor\\laravel\\framework\\src\\Illuminate\\Database\\Connection.php(629): Illuminate\\Database\\Connection->runQueryCallback('insert into `bo...', Array, Object(Closure))
#3 D:\\Work\\HAMURA\\NU-PUSTAKA_\\Back-End\\app.nupustaka.com\\vendor\\laravel\\framework\\src\\Illuminate\\Database\\Connection.php(464): Illuminate\\Database\\Connection->run('insert into `bo...', Array, Object(Closure))
#4 D:\\Work\\HAMURA\\NU-PUSTAKA_\\Back-End\\app.nupustaka.com\\vendor\\laravel\\framework\\src\\Illuminate\\Database\\Connection.php(416): Illuminate\\Database\\Connection->statement('insert into `bo...', Array)
#5 D:\\Work\\HAMURA\\NU-PUSTAKA_\\Back-End\\app.nupustaka.com\\vendor\\laravel\\framework\\src\\Illuminate\\Database\\Query\\Processors\\Processor.php(32): Illuminate\\Database\\Connection->insert('insert into `bo...', Array)
#6 D:\\Work\\HAMURA\\NU-PUSTAKA_\\Back-End\\app.nupustaka.com\\vendor\\laravel\\framework\\src\\Illuminate\\Database\\Query\\Builder.php(2672): Illuminate\\Database\\Query\\Processors\\Processor->processInsertGetId(Object(Illuminate\\Database\\Query\\Builder), 'insert into `bo...', Array, 'id')
#7 D:\\Work\\HAMURA\\NU-PUSTAKA_\\Back-End\\app.nupustaka.com\\vendor\\laravel\\framework\\src\\Illuminate\\Database\\Eloquent\\Builder.php(1352): Illuminate\\Database\\Query\\Builder->insertGetId(Array, 'id')
#8 D:\\Work\\HAMURA\\NU-PUSTAKA_\\Back-End\\app.nupustaka.com\\vendor\\laravel\\framework\\src\\Illuminate\\Database\\Eloquent\\Model.php(839): Illuminate\\Database\\Eloquent\\Builder->__call('insertGetId', Array)
#9 D:\\Work\\HAMURA\\NU-PUSTAKA_\\Back-End\\app.nupustaka.com\\vendor\\laravel\\framework\\src\\Illuminate\\Database\\Eloquent\\Model.php(804): Illuminate\\Database\\Eloquent\\Model->insertAndSetId(Object(Illuminate\\Database\\Eloquent\\Builder), Array)
#10 D:\\Work\\HAMURA\\NU-PUSTAKA_\\Back-End\\app.nupustaka.com\\vendor\\laravel\\framework\\src\\Illuminate\\Database\\Eloquent\\Model.php(667): Illuminate\\Database\\Eloquent\\Model->performInsert(Object(Illuminate\\Database\\Eloquent\\Builder))
#11 D:\\Work\\HAMURA\\NU-PUSTAKA_\\Back-End\\app.nupustaka.com\\vendor\\laravel\\framework\\src\\Illuminate\\Database\\Eloquent\\Builder.php(751): Illuminate\\Database\\Eloquent\\Model->save()
#12 D:\\Work\\HAMURA\\NU-PUSTAKA_\\Back-End\\app.nupustaka.com\\vendor\\laravel\\framework\\src\\Illuminate\\Support\\helpers.php(422): Illuminate\\Database\\Eloquent\\Builder->Illuminate\\Database\\Eloquent\\{closure}(Object(App\\Book))
#13 D:\\Work\\HAMURA\\NU-PUSTAKA_\\Back-End\\app.nupustaka.com\\vendor\\laravel\\framework\\src\\Illuminate\\Database\\Eloquent\\Builder.php(752): tap(Object(App\\Book), Object(Closure))
#14 D:\\Work\\HAMURA\\NU-PUSTAKA_\\Back-End\\app.nupustaka.com\\vendor\\laravel\\framework\\src\\Illuminate\\Support\\Traits\\ForwardsCalls.php(23): Illuminate\\Database\\Eloquent\\Builder->create(Array)
#15 D:\\Work\\HAMURA\\NU-PUSTAKA_\\Back-End\\app.nupustaka.com\\vendor\\laravel\\framework\\src\\Illuminate\\Database\\Eloquent\\Model.php(1618): Illuminate\\Database\\Eloquent\\Model->forwardCallTo(Object(Illuminate\\Database\\Eloquent\\Builder), 'create', Array)
#16 D:\\Work\\HAMURA\\NU-PUSTAKA_\\Back-End\\app.nupustaka.com\\app\\Http\\Controllers\\BooksController.php(91): Illuminate\\Database\\Eloquent\\Model->__call('create', Array)
#17 [internal function]: App\\Http\\Controllers\\BooksController->store(Object(Illuminate\\Http\\Request))
#18 D:\\Work\\HAMURA\\NU-PUSTAKA_\\Back-End\\app.nupustaka.com\\vendor\\laravel\\framework\\src\\Illuminate\\Routing\\Controller.php(54): call_user_func_array(Array, Array)
#19 D:\\Work\\HAMURA\\NU-PUSTAKA_\\Back-End\\app.nupustaka.com\\vendor\\laravel\\framework\\src\\Illuminate\\Routing\\ControllerDispatcher.php(45): Illuminate\\Routing\\Controller->callAction('store', Array)
#20 D:\\Work\\HAMURA\\NU-PUSTAKA_\\Back-End\\app.nupustaka.com\\vendor\\laravel\\framework\\src\\Illuminate\\Routing\\Route.php(219): Illuminate\\Routing\\ControllerDispatcher->dispatch(Object(Illuminate\\Routing\\Route), Object(App\\Http\\Controllers\\BooksController), 'store')
#21 D:\\Work\\HAMURA\\NU-PUSTAKA_\\Back-End\\app.nupustaka.com\\vendor\\laravel\\framework\\src\\Illuminate\\Routing\\Route.php(176): Illuminate\\Routing\\Route->runController()
#22 D:\\Work\\HAMURA\\NU-PUSTAKA_\\Back-End\\app.nupustaka.com\\vendor\\laravel\\framework\\src\\Illuminate\\Routing\\Router.php(681): Illuminate\\Routing\\Route->run()
#23 D:\\Work\\HAMURA\\NU-PUSTAKA_\\Back-End\\app.nupustaka.com\\vendor\\laravel\\framework\\src\\Illuminate\\Pipeline\\Pipeline.php(130): Illuminate\\Routing\\Router->Illuminate\\Routing\\{closure}(Object(Illuminate\\Http\\Request))
#24 D:\\Work\\HAMURA\\NU-PUSTAKA_\\Back-End\\app.nupustaka.com\\vendor\\laravel\\framework\\src\\Illuminate\\Routing\\Middleware\\SubstituteBindings.php(41): Illuminate\\Pipeline\\Pipeline->Illuminate\\Pipeline\\{closure}(Object(Illuminate\\Http\\Request))
#25 D:\\Work\\HAMURA\\NU-PUSTAKA_\\Back-End\\app.nupustaka.com\\vendor\\laravel\\framework\\src\\Illuminate\\Pipeline\\Pipeline.php(171): Illuminate\\Routing\\Middleware\\SubstituteBindings->handle(Object(Illuminate\\Http\\Request), Object(Closure))
#26 D:\\Work\\HAMURA\\NU-PUSTAKA_\\Back-End\\app.nupustaka.com\\vendor\\laravel\\framework\\src\\Illuminate\\Foundation\\Http\\Middleware\\VerifyCsrfToken.php(76): Illuminate\\Pipeline\\Pipeline->Illuminate\\Pipeline\\{closure}(Object(Illuminate\\Http\\Request))
#27 D:\\Work\\HAMURA\\NU-PUSTAKA_\\Back-End\\app.nupustaka.com\\vendor\\laravel\\framework\\src\\Illuminate\\Pipeline\\Pipeline.php(171): Illuminate\\Foundation\\Http\\Middleware\\VerifyCsrfToken->handle(Object(Illuminate\\Http\\Request), Object(Closure))
#28 D:\\Work\\HAMURA\\NU-PUSTAKA_\\Back-End\\app.nupustaka.com\\vendor\\laravel\\framework\\src\\Illuminate\\View\\Middleware\\ShareErrorsFromSession.php(49): Illuminate\\Pipeline\\Pipeline->Illuminate\\Pipeline\\{closure}(Object(Illuminate\\Http\\Request))
#29 D:\\Work\\HAMURA\\NU-PUSTAKA_\\Back-End\\app.nupustaka.com\\vendor\\laravel\\framework\\src\\Illuminate\\Pipeline\\Pipeline.php(171): Illuminate\\View\\Middleware\\ShareErrorsFromSession->handle(Object(Illuminate\\Http\\Request), Object(Closure))
#30 D:\\Work\\HAMURA\\NU-PUSTAKA_\\Back-End\\app.nupustaka.com\\vendor\\laravel\\framework\\src\\Illuminate\\Session\\Middleware\\StartSession.php(56): Illuminate\\Pipeline\\Pipeline->Illuminate\\Pipeline\\{closure}(Object(Illuminate\\Http\\Request))
#31 D:\\Work\\HAMURA\\NU-PUSTAKA_\\Back-End\\app.nupustaka.com\\vendor\\laravel\\framework\\src\\Illuminate\\Pipeline\\Pipeline.php(171): Illuminate\\Session\\Middleware\\StartSession->handle(Object(Illuminate\\Http\\Request), Object(Closure))
#32 D:\\Work\\HAMURA\\NU-PUSTAKA_\\Back-End\\app.nupustaka.com\\vendor\\laravel\\framework\\src\\Illuminate\\Cookie\\Middleware\\AddQueuedCookiesToResponse.php(37): Illuminate\\Pipeline\\Pipeline->Illuminate\\Pipeline\\{closure}(Object(Illuminate\\Http\\Request))
#33 D:\\Work\\HAMURA\\NU-PUSTAKA_\\Back-End\\app.nupustaka.com\\vendor\\laravel\\framework\\src\\Illuminate\\Pipeline\\Pipeline.php(171): Illuminate\\Cookie\\Middleware\\AddQueuedCookiesToResponse->handle(Object(Illuminate\\Http\\Request), Object(Closure))
#34 D:\\Work\\HAMURA\\NU-PUSTAKA_\\Back-End\\app.nupustaka.com\\vendor\\laravel\\framework\\src\\Illuminate\\Cookie\\Middleware\\EncryptCookies.php(66): Illuminate\\Pipeline\\Pipeline->Illuminate\\Pipeline\\{closure}(Object(Illuminate\\Http\\Request))
#35 D:\\Work\\HAMURA\\NU-PUSTAKA_\\Back-End\\app.nupustaka.com\\vendor\\laravel\\framework\\src\\Illuminate\\Pipeline\\Pipeline.php(171): Illuminate\\Cookie\\Middleware\\EncryptCookies->handle(Object(Illuminate\\Http\\Request), Object(Closure))
#36 D:\\Work\\HAMURA\\NU-PUSTAKA_\\Back-End\\app.nupustaka.com\\vendor\\laravel\\framework\\src\\Illuminate\\Pipeline\\Pipeline.php(105): Illuminate\\Pipeline\\Pipeline->Illuminate\\Pipeline\\{closure}(Object(Illuminate\\Http\\Request))
#37 D:\\Work\\HAMURA\\NU-PUSTAKA_\\Back-End\\app.nupustaka.com\\vendor\\laravel\\framework\\src\\Illuminate\\Routing\\Router.php(683): Illuminate\\Pipeline\\Pipeline->then(Object(Closure))
#38 D:\\Work\\HAMURA\\NU-PUSTAKA_\\Back-End\\app.nupustaka.com\\vendor\\laravel\\framework\\src\\Illuminate\\Routing\\Router.php(658): Illuminate\\Routing\\Router->runRouteWithinStack(Object(Illuminate\\Routing\\Route), Object(Illuminate\\Http\\Request))
#39 D:\\Work\\HAMURA\\NU-PUSTAKA_\\Back-End\\app.nupustaka.com\\vendor\\laravel\\framework\\src\\Illuminate\\Routing\\Router.php(624): Illuminate\\Routing\\Router->runRoute(Object(Illuminate\\Http\\Request), Object(Illuminate\\Routing\\Route))
#40 D:\\Work\\HAMURA\\NU-PUSTAKA_\\Back-End\\app.nupustaka.com\\vendor\\laravel\\framework\\src\\Illuminate\\Routing\\Router.php(613): Illuminate\\Routing\\Router->dispatchToRoute(Object(Illuminate\\Http\\Request))
#41 D:\\Work\\HAMURA\\NU-PUSTAKA_\\Back-End\\app.nupustaka.com\\vendor\\laravel\\framework\\src\\Illuminate\\Foundation\\Http\\Kernel.php(170): Illuminate\\Routing\\Router->dispatch(Object(Illuminate\\Http\\Request))
#42 D:\\Work\\HAMURA\\NU-PUSTAKA_\\Back-End\\app.nupustaka.com\\vendor\\laravel\\framework\\src\\Illuminate\\Pipeline\\Pipeline.php(130): Illuminate\\Foundation\\Http\\Kernel->Illuminate\\Foundation\\Http\\{closure}(Object(Illuminate\\Http\\Request))
#43 D:\\Work\\HAMURA\\NU-PUSTAKA_\\Back-End\\app.nupustaka.com\\vendor\\laravel\\framework\\src\\Illuminate\\Foundation\\Http\\Middleware\\TransformsRequest.php(21): Illuminate\\Pipeline\\Pipeline->Illuminate\\Pipeline\\{closure}(Object(Illuminate\\Http\\Request))
#44 D:\\Work\\HAMURA\\NU-PUSTAKA_\\Back-End\\app.nupustaka.com\\vendor\\laravel\\framework\\src\\Illuminate\\Pipeline\\Pipeline.php(171): Illuminate\\Foundation\\Http\\Middleware\\TransformsRequest->handle(Object(Illuminate\\Http\\Request), Object(Closure))
#45 D:\\Work\\HAMURA\\NU-PUSTAKA_\\Back-End\\app.nupustaka.com\\vendor\\laravel\\framework\\src\\Illuminate\\Foundation\\Http\\Middleware\\TransformsRequest.php(21): Illuminate\\Pipeline\\Pipeline->Illuminate\\Pipeline\\{closure}(Object(Illuminate\\Http\\Request))
#46 D:\\Work\\HAMURA\\NU-PUSTAKA_\\Back-End\\app.nupustaka.com\\vendor\\laravel\\framework\\src\\Illuminate\\Pipeline\\Pipeline.php(171): Illuminate\\Foundation\\Http\\Middleware\\TransformsRequest->handle(Object(Illuminate\\Http\\Request), Object(Closure))
#47 D:\\Work\\HAMURA\\NU-PUSTAKA_\\Back-End\\app.nupustaka.com\\vendor\\laravel\\framework\\src\\Illuminate\\Foundation\\Http\\Middleware\\ValidatePostSize.php(27): Illuminate\\Pipeline\\Pipeline->Illuminate\\Pipeline\\{closure}(Object(Illuminate\\Http\\Request))
#48 D:\\Work\\HAMURA\\NU-PUSTAKA_\\Back-End\\app.nupustaka.com\\vendor\\laravel\\framework\\src\\Illuminate\\Pipeline\\Pipeline.php(171): Illuminate\\Foundation\\Http\\Middleware\\ValidatePostSize->handle(Object(Illuminate\\Http\\Request), Object(Closure))
#49 D:\\Work\\HAMURA\\NU-PUSTAKA_\\Back-End\\app.nupustaka.com\\vendor\\laravel\\framework\\src\\Illuminate\\Foundation\\Http\\Middleware\\CheckForMaintenanceMode.php(63): Illuminate\\Pipeline\\Pipeline->Illuminate\\Pipeline\\{closure}(Object(Illuminate\\Http\\Request))
#50 D:\\Work\\HAMURA\\NU-PUSTAKA_\\Back-End\\app.nupustaka.com\\vendor\\laravel\\framework\\src\\Illuminate\\Pipeline\\Pipeline.php(171): Illuminate\\Foundation\\Http\\Middleware\\CheckForMaintenanceMode->handle(Object(Illuminate\\Http\\Request), Object(Closure))
#51 D:\\Work\\HAMURA\\NU-PUSTAKA_\\Back-End\\app.nupustaka.com\\vendor\\fideloper\\proxy\\src\\TrustProxies.php(57): Illuminate\\Pipeline\\Pipeline->Illuminate\\Pipeline\\{closure}(Object(Illuminate\\Http\\Request))
#52 D:\\Work\\HAMURA\\NU-PUSTAKA_\\Back-End\\app.nupustaka.com\\vendor\\laravel\\framework\\src\\Illuminate\\Pipeline\\Pipeline.php(171): Fideloper\\Proxy\\TrustProxies->handle(Object(Illuminate\\Http\\Request), Object(Closure))
#53 D:\\Work\\HAMURA\\NU-PUSTAKA_\\Back-End\\app.nupustaka.com\\vendor\\laravel\\framework\\src\\Illuminate\\Pipeline\\Pipeline.php(105): Illuminate\\Pipeline\\Pipeline->Illuminate\\Pipeline\\{closure}(Object(Illuminate\\Http\\Request))
#54 D:\\Work\\HAMURA\\NU-PUSTAKA_\\Back-End\\app.nupustaka.com\\vendor\\laravel\\framework\\src\\Illuminate\\Foundation\\Http\\Kernel.php(145): Illuminate\\Pipeline\\Pipeline->then(Object(Closure))
#55 D:\\Work\\HAMURA\\NU-PUSTAKA_\\Back-End\\app.nupustaka.com\\vendor\\laravel\\framework\\src\\Illuminate\\Foundation\\Http\\Kernel.php(110): Illuminate\\Foundation\\Http\\Kernel->sendRequestThroughRouter(Object(Illuminate\\Http\\Request))
#56 D:\\Work\\HAMURA\\NU-PUSTAKA_\\Back-End\\app.nupustaka.com\\public\\index.php(55): Illuminate\\Foundation\\Http\\Kernel->handle(Object(Illuminate\\Http\\Request))
#57 D:\\Work\\HAMURA\\NU-PUSTAKA_\\Back-End\\app.nupustaka.com\\server.php(21): require_once('D:\\\\Work\\\\HAMURA\\\\...')
#58 {main}
"} 
