[2020-10-07 03:52:49] production.ERROR: No application encryption key has been specified. {"exception":"[object] (RuntimeException(code: 0): No application encryption key has been specified. at D:\\Work\\HAMURA\\NU-PUSTAKA_\\Back-End\\app.nupustaka.com\\vendor\\laravel\\framework\\src\\Illuminate\\Encryption\\EncryptionServiceProvider.php:44)
[stacktrace]
#0 D:\\Work\\HAMURA\\NU-PUSTAKA_\\Back-End\\app.nupustaka.com\\vendor\\laravel\\framework\\src\\Illuminate\\Support\\helpers.php(422): Illuminate\\Encryption\\EncryptionServiceProvider->Illuminate\\Encryption\\{closure}(NULL)
#1 D:\\Work\\HAMURA\\NU-PUSTAKA_\\Back-End\\app.nupustaka.com\\vendor\\laravel\\framework\\src\\Illuminate\\Encryption\\EncryptionServiceProvider.php(48): tap(NULL, Object(Closure))
#2 D:\\Work\\HAMURA\\NU-PUSTAKA_\\Back-End\\app.nupustaka.com\\vendor\\laravel\\framework\\src\\Illuminate\\Encryption\\EncryptionServiceProvider.php(24): Illuminate\\Encryption\\EncryptionServiceProvider->key(Array)
#3 D:\\Work\\HAMURA\\NU-PUSTAKA_\\Back-End\\app.nupustaka.com\\vendor\\laravel\\framework\\src\\Illuminate\\Container\\Container.php(799): Illuminate\\Encryption\\EncryptionServiceProvider->Illuminate\\Encryption\\{closure}(Object(Illuminate\\Foundation\\Application), Array)
#4 D:\\Work\\HAMURA\\NU-PUSTAKA_\\Back-End\\app.nupustaka.com\\vendor\\laravel\\framework\\src\\Illuminate\\Container\\Container.php(681): Illuminate\\Container\\Container->build(Object(Closure))
#5 D:\\Work\\HAMURA\\NU-PUSTAKA_\\Back-End\\app.nupustaka.com\\vendor\\laravel\\framework\\src\\Illuminate\\Container\\Container.php(629): Illuminate\\Container\\Container->resolve('encrypter', Array)
#6 D:\\Work\\HAMURA\\NU-PUSTAKA_\\Back-End\\app.nupustaka.com\\vendor\\laravel\\framework\\src\\Illuminate\\Foundation\\Application.php(776): Illuminate\\Container\\Container->make('encrypter', Array)
#7 D:\\Work\\HAMURA\\NU-PUSTAKA_\\Back-End\\app.nupustaka.com\\vendor\\laravel\\framework\\src\\Illuminate\\Container\\Container.php(945): Illuminate\\Foundation\\Application->make('encrypter')
#8 D:\\Work\\HAMURA\\NU-PUSTAKA_\\Back-End\\app.nupustaka.com\\vendor\\laravel\\framework\\src\\Illuminate\\Container\\Container.php(873): Illuminate\\Container\\Container->resolveClass(Object(ReflectionParameter))
#9 D:\\Work\\HAMURA\\NU-PUSTAKA_\\Back-End\\app.nupustaka.com\\vendor\\laravel\\framework\\src\\Illuminate\\Container\\Container.php(834): Illuminate\\Container\\Container->resolveDependencies(Array)
#10 D:\\Work\\HAMURA\\NU-PUSTAKA_\\Back-End\\app.nupustaka.com\\vendor\\laravel\\framework\\src\\Illuminate\\Container\\Container.php(681): Illuminate\\Container\\Container->build('App\\\\Http\\\\Middle...')
#11 D:\\Work\\HAMURA\\NU-PUSTAKA_\\Back-End\\app.nupustaka.com\\vendor\\laravel\\framework\\src\\Illuminate\\Container\\Container.php(629): Illuminate\\Container\\Container->resolve('App\\\\Http\\\\Middle...', Array)
#12 D:\\Work\\HAMURA\\NU-PUSTAKA_\\Back-End\\app.nupustaka.com\\vendor\\laravel\\framework\\src\\Illuminate\\Foundation\\Application.php(776): Illuminate\\Container\\Container->make('App\\\\Http\\\\Middle...', Array)
#13 D:\\Work\\HAMURA\\NU-PUSTAKA_\\Back-End\\app.nupustaka.com\\vendor\\laravel\\framework\\src\\Illuminate\\Pipeline\\Pipeline.php(160): Illuminate\\Foundation\\Application->make('App\\\\Http\\\\Middle...')
#14 D:\\Work\\HAMURA\\NU-PUSTAKA_\\Back-End\\app.nupustaka.com\\vendor\\laravel\\framework\\src\\Illuminate\\Pipeline\\Pipeline.php(105): Illuminate\\Pipeline\\Pipeline->Illuminate\\Pipeline\\{closure}(Object(Illuminate\\Http\\Request))
#15 D:\\Work\\HAMURA\\NU-PUSTAKA_\\Back-End\\app.nupustaka.com\\vendor\\laravel\\framework\\src\\Illuminate\\Routing\\Router.php(683): Illuminate\\Pipeline\\Pipeline->then(Object(Closure))
#16 D:\\Work\\HAMURA\\NU-PUSTAKA_\\Back-End\\app.nupustaka.com\\vendor\\laravel\\framework\\src\\Illuminate\\Routing\\Router.php(658): Illuminate\\Routing\\Router->runRouteWithinStack(Object(Illuminate\\Routing\\Route), Object(Illuminate\\Http\\Request))
#17 D:\\Work\\HAMURA\\NU-PUSTAKA_\\Back-End\\app.nupustaka.com\\vendor\\laravel\\framework\\src\\Illuminate\\Routing\\Router.php(624): Illuminate\\Routing\\Router->runRoute(Object(Illuminate\\Http\\Request), Object(Illuminate\\Routing\\Route))
#18 D:\\Work\\HAMURA\\NU-PUSTAKA_\\Back-End\\app.nupustaka.com\\vendor\\laravel\\framework\\src\\Illuminate\\Routing\\Router.php(613): Illuminate\\Routing\\Router->dispatchToRoute(Object(Illuminate\\Http\\Request))
#19 D:\\Work\\HAMURA\\NU-PUSTAKA_\\Back-End\\app.nupustaka.com\\vendor\\laravel\\framework\\src\\Illuminate\\Foundation\\Http\\Kernel.php(170): Illuminate\\Routing\\Router->dispatch(Object(Illuminate\\Http\\Request))
#20 D:\\Work\\HAMURA\\NU-PUSTAKA_\\Back-End\\app.nupustaka.com\\vendor\\laravel\\framework\\src\\Illuminate\\Pipeline\\Pipeline.php(130): Illuminate\\Foundation\\Http\\Kernel->Illuminate\\Foundation\\Http\\{closure}(Object(Illuminate\\Http\\Request))
#21 D:\\Work\\HAMURA\\NU-PUSTAKA_\\Back-End\\app.nupustaka.com\\vendor\\laravel\\framework\\src\\Illuminate\\Foundation\\Http\\Middleware\\TransformsRequest.php(21): Illuminate\\Pipeline\\Pipeline->Illuminate\\Pipeline\\{closure}(Object(Illuminate\\Http\\Request))
#22 D:\\Work\\HAMURA\\NU-PUSTAKA_\\Back-End\\app.nupustaka.com\\vendor\\laravel\\framework\\src\\Illuminate\\Pipeline\\Pipeline.php(171): Illuminate\\Foundation\\Http\\Middleware\\TransformsRequest->handle(Object(Illuminate\\Http\\Request), Object(Closure))
#23 D:\\Work\\HAMURA\\NU-PUSTAKA_\\Back-End\\app.nupustaka.com\\vendor\\laravel\\framework\\src\\Illuminate\\Foundation\\Http\\Middleware\\TransformsRequest.php(21): Illuminate\\Pipeline\\Pipeline->Illuminate\\Pipeline\\{closure}(Object(Illuminate\\Http\\Request))
#24 D:\\Work\\HAMURA\\NU-PUSTAKA_\\Back-End\\app.nupustaka.com\\vendor\\laravel\\framework\\src\\Illuminate\\Pipeline\\Pipeline.php(171): Illuminate\\Foundation\\Http\\Middleware\\TransformsRequest->handle(Object(Illuminate\\Http\\Request), Object(Closure))
#25 D:\\Work\\HAMURA\\NU-PUSTAKA_\\Back-End\\app.nupustaka.com\\vendor\\laravel\\framework\\src\\Illuminate\\Foundation\\Http\\Middleware\\ValidatePostSize.php(27): Illuminate\\Pipeline\\Pipeline->Illuminate\\Pipeline\\{closure}(Object(Illuminate\\Http\\Request))
#26 D:\\Work\\HAMURA\\NU-PUSTAKA_\\Back-End\\app.nupustaka.com\\vendor\\laravel\\framework\\src\\Illuminate\\Pipeline\\Pipeline.php(171): Illuminate\\Foundation\\Http\\Middleware\\ValidatePostSize->handle(Object(Illuminate\\Http\\Request), Object(Closure))
#27 D:\\Work\\HAMURA\\NU-PUSTAKA_\\Back-End\\app.nupustaka.com\\vendor\\laravel\\framework\\src\\Illuminate\\Foundation\\Http\\Middleware\\CheckForMaintenanceMode.php(63): Illuminate\\Pipeline\\Pipeline->Illuminate\\Pipeline\\{closure}(Object(Illuminate\\Http\\Request))
#28 D:\\Work\\HAMURA\\NU-PUSTAKA_\\Back-End\\app.nupustaka.com\\vendor\\laravel\\framework\\src\\Illuminate\\Pipeline\\Pipeline.php(171): Illuminate\\Foundation\\Http\\Middleware\\CheckForMaintenanceMode->handle(Object(Illuminate\\Http\\Request), Object(Closure))
#29 D:\\Work\\HAMURA\\NU-PUSTAKA_\\Back-End\\app.nupustaka.com\\vendor\\fideloper\\proxy\\src\\TrustProxies.php(57): Illuminate\\Pipeline\\Pipeline->Illuminate\\Pipeline\\{closure}(Object(Illuminate\\Http\\Request))
#30 D:\\Work\\HAMURA\\NU-PUSTAKA_\\Back-End\\app.nupustaka.com\\vendor\\laravel\\framework\\src\\Illuminate\\Pipeline\\Pipeline.php(171): Fideloper\\Proxy\\TrustProxies->handle(Object(Illuminate\\Http\\Request), Object(Closure))
#31 D:\\Work\\HAMURA\\NU-PUSTAKA_\\Back-End\\app.nupustaka.com\\vendor\\laravel\\framework\\src\\Illuminate\\Pipeline\\Pipeline.php(105): Illuminate\\Pipeline\\Pipeline->Illuminate\\Pipeline\\{closure}(Object(Illuminate\\Http\\Request))
#32 D:\\Work\\HAMURA\\NU-PUSTAKA_\\Back-End\\app.nupustaka.com\\vendor\\laravel\\framework\\src\\Illuminate\\Foundation\\Http\\Kernel.php(145): Illuminate\\Pipeline\\Pipeline->then(Object(Closure))
#33 D:\\Work\\HAMURA\\NU-PUSTAKA_\\Back-End\\app.nupustaka.com\\vendor\\laravel\\framework\\src\\Illuminate\\Foundation\\Http\\Kernel.php(110): Illuminate\\Foundation\\Http\\Kernel->sendRequestThroughRouter(Object(Illuminate\\Http\\Request))
#34 D:\\Work\\HAMURA\\NU-PUSTAKA_\\Back-End\\app.nupustaka.com\\public\\index.php(55): Illuminate\\Foundation\\Http\\Kernel->handle(Object(Illuminate\\Http\\Request))
#35 D:\\Work\\HAMURA\\NU-PUSTAKA_\\Back-End\\app.nupustaka.com\\server.php(21): require_once('D:\\\\Work\\\\HAMURA\\\\...')
#36 {main}
"} 
[2020-10-07 03:52:52] production.ERROR: No application encryption key has been specified. {"exception":"[object] (RuntimeException(code: 0): No application encryption key has been specified. at D:\\Work\\HAMURA\\NU-PUSTAKA_\\Back-End\\app.nupustaka.com\\vendor\\laravel\\framework\\src\\Illuminate\\Encryption\\EncryptionServiceProvider.php:44)
[stacktrace]
#0 D:\\Work\\HAMURA\\NU-PUSTAKA_\\Back-End\\app.nupustaka.com\\vendor\\laravel\\framework\\src\\Illuminate\\Support\\helpers.php(422): Illuminate\\Encryption\\EncryptionServiceProvider->Illuminate\\Encryption\\{closure}(NULL)
#1 D:\\Work\\HAMURA\\NU-PUSTAKA_\\Back-End\\app.nupustaka.com\\vendor\\laravel\\framework\\src\\Illuminate\\Encryption\\EncryptionServiceProvider.php(48): tap(NULL, Object(Closure))
#2 D:\\Work\\HAMURA\\NU-PUSTAKA_\\Back-End\\app.nupustaka.com\\vendor\\laravel\\framework\\src\\Illuminate\\Encryption\\EncryptionServiceProvider.php(24): Illuminate\\Encryption\\EncryptionServiceProvider->key(Array)
#3 D:\\Work\\HAMURA\\NU-PUSTAKA_\\Back-End\\app.nupustaka.com\\vendor\\laravel\\framework\\src\\Illuminate\\Container\\Container.php(799): Illuminate\\Encryption\\EncryptionServiceProvider->Illuminate\\Encryption\\{closure}(Object(Illuminate\\Foundation\\Application), Array)
#4 D:\\Work\\HAMURA\\NU-PUSTAKA_\\Back-End\\app.nupustaka.com\\vendor\\laravel\\framework\\src\\Illuminate\\Container\\Container.php(681): Illuminate\\Container\\Container->build(Object(Closure))
#5 D:\\Work\\HAMURA\\NU-PUSTAKA_\\Back-End\\app.nupustaka.com\\vendor\\laravel\\framework\\src\\Illuminate\\Container\\Container.php(629): Illuminate\\Container\\Container->resolve('encrypter', Array)
#6 D:\\Work\\HAMURA\\NU-PUSTAKA_\\Back-End\\app.nupustaka.com\\vendor\\laravel\\framework\\src\\Illuminate\\Foundation\\Application.php(776): Illuminate\\Container\\Container->make('encrypter', Array)
#7 D:\\Work\\HAMURA\\NU-PUSTAKA_\\Back-End\\app.nupustaka.com\\vendor\\laravel\\framework\\src\\Illuminate\\Container\\Container.php(945): Illuminate\\Foundation\\Application->make('encrypter')
#8 D:\\Work\\HAMURA\\NU-PUSTAKA_\\Back-End\\app.nupustaka.com\\vendor\\laravel\\framework\\src\\Illuminate\\Container\\Container.php(873): Illuminate\\Container\\Container->resolveClass(Object(ReflectionParameter))
#9 D:\\Work\\HAMURA\\NU-PUSTAKA_\\Back-End\\app.nupustaka.com\\vendor\\laravel\\framework\\src\\Illuminate\\Container\\Container.php(834): Illuminate\\Container\\Container->resolveDependencies(Array)
#10 D:\\Work\\HAMURA\\NU-PUSTAKA_\\Back-End\\app.nupustaka.com\\vendor\\laravel\\framework\\src\\Illuminate\\Container\\Container.php(681): Illuminate\\Container\\Container->build('App\\\\Http\\\\Middle...')
#11 D:\\Work\\HAMURA\\NU-PUSTAKA_\\Back-End\\app.nupustaka.com\\vendor\\laravel\\framework\\src\\Illuminate\\Container\\Container.php(629): Illuminate\\Container\\Container->resolve('App\\\\Http\\\\Middle...', Array)
#12 D:\\Work\\HAMURA\\NU-PUSTAKA_\\Back-End\\app.nupustaka.com\\vendor\\laravel\\framework\\src\\Illuminate\\Foundation\\Application.php(776): Illuminate\\Container\\Container->make('App\\\\Http\\\\Middle...', Array)
#13 D:\\Work\\HAMURA\\NU-PUSTAKA_\\Back-End\\app.nupustaka.com\\vendor\\laravel\\framework\\src\\Illuminate\\Pipeline\\Pipeline.php(160): Illuminate\\Foundation\\Application->make('App\\\\Http\\\\Middle...')
#14 D:\\Work\\HAMURA\\NU-PUSTAKA_\\Back-End\\app.nupustaka.com\\vendor\\laravel\\framework\\src\\Illuminate\\Pipeline\\Pipeline.php(105): Illuminate\\Pipeline\\Pipeline->Illuminate\\Pipeline\\{closure}(Object(Illuminate\\Http\\Request))
#15 D:\\Work\\HAMURA\\NU-PUSTAKA_\\Back-End\\app.nupustaka.com\\vendor\\laravel\\framework\\src\\Illuminate\\Routing\\Router.php(683): Illuminate\\Pipeline\\Pipeline->then(Object(Closure))
#16 D:\\Work\\HAMURA\\NU-PUSTAKA_\\Back-End\\app.nupustaka.com\\vendor\\laravel\\framework\\src\\Illuminate\\Routing\\Router.php(658): Illuminate\\Routing\\Router->runRouteWithinStack(Object(Illuminate\\Routing\\Route), Object(Illuminate\\Http\\Request))
#17 D:\\Work\\HAMURA\\NU-PUSTAKA_\\Back-End\\app.nupustaka.com\\vendor\\laravel\\framework\\src\\Illuminate\\Routing\\Router.php(624): Illuminate\\Routing\\Router->runRoute(Object(Illuminate\\Http\\Request), Object(Illuminate\\Routing\\Route))
#18 D:\\Work\\HAMURA\\NU-PUSTAKA_\\Back-End\\app.nupustaka.com\\vendor\\laravel\\framework\\src\\Illuminate\\Routing\\Router.php(613): Illuminate\\Routing\\Router->dispatchToRoute(Object(Illuminate\\Http\\Request))
#19 D:\\Work\\HAMURA\\NU-PUSTAKA_\\Back-End\\app.nupustaka.com\\vendor\\laravel\\framework\\src\\Illuminate\\Foundation\\Http\\Kernel.php(170): Illuminate\\Routing\\Router->dispatch(Object(Illuminate\\Http\\Request))
#20 D:\\Work\\HAMURA\\NU-PUSTAKA_\\Back-End\\app.nupustaka.com\\vendor\\laravel\\framework\\src\\Illuminate\\Pipeline\\Pipeline.php(130): Illuminate\\Foundation\\Http\\Kernel->Illuminate\\Foundation\\Http\\{closure}(Object(Illuminate\\Http\\Request))
#21 D:\\Work\\HAMURA\\NU-PUSTAKA_\\Back-End\\app.nupustaka.com\\vendor\\laravel\\framework\\src\\Illuminate\\Foundation\\Http\\Middleware\\TransformsRequest.php(21): Illuminate\\Pipeline\\Pipeline->Illuminate\\Pipeline\\{closure}(Object(Illuminate\\Http\\Request))
#22 D:\\Work\\HAMURA\\NU-PUSTAKA_\\Back-End\\app.nupustaka.com\\vendor\\laravel\\framework\\src\\Illuminate\\Pipeline\\Pipeline.php(171): Illuminate\\Foundation\\Http\\Middleware\\TransformsRequest->handle(Object(Illuminate\\Http\\Request), Object(Closure))
#23 D:\\Work\\HAMURA\\NU-PUSTAKA_\\Back-End\\app.nupustaka.com\\vendor\\laravel\\framework\\src\\Illuminate\\Foundation\\Http\\Middleware\\TransformsRequest.php(21): Illuminate\\Pipeline\\Pipeline->Illuminate\\Pipeline\\{closure}(Object(Illuminate\\Http\\Request))
#24 D:\\Work\\HAMURA\\NU-PUSTAKA_\\Back-End\\app.nupustaka.com\\vendor\\laravel\\framework\\src\\Illuminate\\Pipeline\\Pipeline.php(171): Illuminate\\Foundation\\Http\\Middleware\\TransformsRequest->handle(Object(Illuminate\\Http\\Request), Object(Closure))
#25 D:\\Work\\HAMURA\\NU-PUSTAKA_\\Back-End\\app.nupustaka.com\\vendor\\laravel\\framework\\src\\Illuminate\\Foundation\\Http\\Middleware\\ValidatePostSize.php(27): Illuminate\\Pipeline\\Pipeline->Illuminate\\Pipeline\\{closure}(Object(Illuminate\\Http\\Request))
#26 D:\\Work\\HAMURA\\NU-PUSTAKA_\\Back-End\\app.nupustaka.com\\vendor\\laravel\\framework\\src\\Illuminate\\Pipeline\\Pipeline.php(171): Illuminate\\Foundation\\Http\\Middleware\\ValidatePostSize->handle(Object(Illuminate\\Http\\Request), Object(Closure))
#27 D:\\Work\\HAMURA\\NU-PUSTAKA_\\Back-End\\app.nupustaka.com\\vendor\\laravel\\framework\\src\\Illuminate\\Foundation\\Http\\Middleware\\CheckForMaintenanceMode.php(63): Illuminate\\Pipeline\\Pipeline->Illuminate\\Pipeline\\{closure}(Object(Illuminate\\Http\\Request))
#28 D:\\Work\\HAMURA\\NU-PUSTAKA_\\Back-End\\app.nupustaka.com\\vendor\\laravel\\framework\\src\\Illuminate\\Pipeline\\Pipeline.php(171): Illuminate\\Foundation\\Http\\Middleware\\CheckForMaintenanceMode->handle(Object(Illuminate\\Http\\Request), Object(Closure))
#29 D:\\Work\\HAMURA\\NU-PUSTAKA_\\Back-End\\app.nupustaka.com\\vendor\\fideloper\\proxy\\src\\TrustProxies.php(57): Illuminate\\Pipeline\\Pipeline->Illuminate\\Pipeline\\{closure}(Object(Illuminate\\Http\\Request))
#30 D:\\Work\\HAMURA\\NU-PUSTAKA_\\Back-End\\app.nupustaka.com\\vendor\\laravel\\framework\\src\\Illuminate\\Pipeline\\Pipeline.php(171): Fideloper\\Proxy\\TrustProxies->handle(Object(Illuminate\\Http\\Request), Object(Closure))
#31 D:\\Work\\HAMURA\\NU-PUSTAKA_\\Back-End\\app.nupustaka.com\\vendor\\laravel\\framework\\src\\Illuminate\\Pipeline\\Pipeline.php(105): Illuminate\\Pipeline\\Pipeline->Illuminate\\Pipeline\\{closure}(Object(Illuminate\\Http\\Request))
#32 D:\\Work\\HAMURA\\NU-PUSTAKA_\\Back-End\\app.nupustaka.com\\vendor\\laravel\\framework\\src\\Illuminate\\Foundation\\Http\\Kernel.php(145): Illuminate\\Pipeline\\Pipeline->then(Object(Closure))
#33 D:\\Work\\HAMURA\\NU-PUSTAKA_\\Back-End\\app.nupustaka.com\\vendor\\laravel\\framework\\src\\Illuminate\\Foundation\\Http\\Kernel.php(110): Illuminate\\Foundation\\Http\\Kernel->sendRequestThroughRouter(Object(Illuminate\\Http\\Request))
#34 D:\\Work\\HAMURA\\NU-PUSTAKA_\\Back-End\\app.nupustaka.com\\public\\index.php(55): Illuminate\\Foundation\\Http\\Kernel->handle(Object(Illuminate\\Http\\Request))
#35 D:\\Work\\HAMURA\\NU-PUSTAKA_\\Back-End\\app.nupustaka.com\\server.php(21): require_once('D:\\\\Work\\\\HAMURA\\\\...')
#36 {main}
"} 
[2020-10-07 03:52:52] production.ERROR: No application encryption key has been specified. {"exception":"[object] (RuntimeException(code: 0): No application encryption key has been specified. at D:\\Work\\HAMURA\\NU-PUSTAKA_\\Back-End\\app.nupustaka.com\\vendor\\laravel\\framework\\src\\Illuminate\\Encryption\\EncryptionServiceProvider.php:44)
[stacktrace]
#0 D:\\Work\\HAMURA\\NU-PUSTAKA_\\Back-End\\app.nupustaka.com\\vendor\\laravel\\framework\\src\\Illuminate\\Support\\helpers.php(422): Illuminate\\Encryption\\EncryptionServiceProvider->Illuminate\\Encryption\\{closure}(NULL)
#1 D:\\Work\\HAMURA\\NU-PUSTAKA_\\Back-End\\app.nupustaka.com\\vendor\\laravel\\framework\\src\\Illuminate\\Encryption\\EncryptionServiceProvider.php(48): tap(NULL, Object(Closure))
#2 D:\\Work\\HAMURA\\NU-PUSTAKA_\\Back-End\\app.nupustaka.com\\vendor\\laravel\\framework\\src\\Illuminate\\Encryption\\EncryptionServiceProvider.php(24): Illuminate\\Encryption\\EncryptionServiceProvider->key(Array)
#3 D:\\Work\\HAMURA\\NU-PUSTAKA_\\Back-End\\app.nupustaka.com\\vendor\\laravel\\framework\\src\\Illuminate\\Container\\Container.php(799): Illuminate\\Encryption\\EncryptionServiceProvider->Illuminate\\Encryption\\{closure}(Object(Illuminate\\Foundation\\Application), Array)
#4 D:\\Work\\HAMURA\\NU-PUSTAKA_\\Back-End\\app.nupustaka.com\\vendor\\laravel\\framework\\src\\Illuminate\\Container\\Container.php(681): Illuminate\\Container\\Container->build(Object(Closure))
#5 D:\\Work\\HAMURA\\NU-PUSTAKA_\\Back-End\\app.nupustaka.com\\vendor\\laravel\\framework\\src\\Illuminate\\Container\\Container.php(629): Illuminate\\Container\\Container->resolve('encrypter', Array)
#6 D:\\Work\\HAMURA\\NU-PUSTAKA_\\Back-End\\app.nupustaka.com\\vendor\\laravel\\framework\\src\\Illuminate\\Foundation\\Application.php(776): Illuminate\\Container\\Container->make('encrypter', Array)
#7 D:\\Work\\HAMURA\\NU-PUSTAKA_\\Back-End\\app.nupustaka.com\\vendor\\laravel\\framework\\src\\Illuminate\\Container\\Container.php(945): Illuminate\\Foundation\\Application->make('encrypter')
#8 D:\\Work\\HAMURA\\NU-PUSTAKA_\\Back-End\\app.nupustaka.com\\vendor\\laravel\\framework\\src\\Illuminate\\Container\\Container.php(873): Illuminate\\Container\\Container->resolveClass(Object(ReflectionParameter))
#9 D:\\Work\\HAMURA\\NU-PUSTAKA_\\Back-End\\app.nupustaka.com\\vendor\\laravel\\framework\\src\\Illuminate\\Container\\Container.php(834): Illuminate\\Container\\Container->resolveDependencies(Array)
#10 D:\\Work\\HAMURA\\NU-PUSTAKA_\\Back-End\\app.nupustaka.com\\vendor\\laravel\\framework\\src\\Illuminate\\Container\\Container.php(681): Illuminate\\Container\\Container->build('App\\\\Http\\\\Middle...')
#11 D:\\Work\\HAMURA\\NU-PUSTAKA_\\Back-End\\app.nupustaka.com\\vendor\\laravel\\framework\\src\\Illuminate\\Container\\Container.php(629): Illuminate\\Container\\Container->resolve('App\\\\Http\\\\Middle...', Array)
#12 D:\\Work\\HAMURA\\NU-PUSTAKA_\\Back-End\\app.nupustaka.com\\vendor\\laravel\\framework\\src\\Illuminate\\Foundation\\Application.php(776): Illuminate\\Container\\Container->make('App\\\\Http\\\\Middle...', Array)
#13 D:\\Work\\HAMURA\\NU-PUSTAKA_\\Back-End\\app.nupustaka.com\\vendor\\laravel\\framework\\src\\Illuminate\\Foundation\\Http\\Kernel.php(209): Illuminate\\Foundation\\Application->make('App\\\\Http\\\\Middle...')
#14 D:\\Work\\HAMURA\\NU-PUSTAKA_\\Back-End\\app.nupustaka.com\\vendor\\laravel\\framework\\src\\Illuminate\\Foundation\\Http\\Kernel.php(183): Illuminate\\Foundation\\Http\\Kernel->terminateMiddleware(Object(Illuminate\\Http\\Request), Object(Illuminate\\Http\\Response))
#15 D:\\Work\\HAMURA\\NU-PUSTAKA_\\Back-End\\app.nupustaka.com\\public\\index.php(60): Illuminate\\Foundation\\Http\\Kernel->terminate(Object(Illuminate\\Http\\Request), Object(Illuminate\\Http\\Response))
#16 D:\\Work\\HAMURA\\NU-PUSTAKA_\\Back-End\\app.nupustaka.com\\server.php(21): require_once('D:\\\\Work\\\\HAMURA\\\\...')
#17 {main}
"} 
[2020-10-07 03:56:01] local.ERROR: SQLSTATE[HY000]: General error: 1364 Field 'id' doesn't have a default value (SQL: insert into `users` (`name`, `email`, `password`, `updated_at`, `created_at`) values (Wahyu Adhe Triwibowo, adhedewa1996@gmail.com, $2y$10$kLg2z3TnrI1RawR/QbsmHehuk8zKFwcV/ZS1OiZgg6Bgq.Qf1yHDG, 2020-10-07 03:56:01, 2020-10-07 03:56:01)) {"exception":"[object] (Illuminate\\Database\\QueryException(code: HY000): SQLSTATE[HY000]: General error: 1364 Field 'id' doesn't have a default value (SQL: insert into `users` (`name`, `email`, `password`, `updated_at`, `created_at`) values (Wahyu Adhe Triwibowo, adhedewa1996@gmail.com, $2y$10$kLg2z3TnrI1RawR/QbsmHehuk8zKFwcV/ZS1OiZgg6Bgq.Qf1yHDG, 2020-10-07 03:56:01, 2020-10-07 03:56:01)) at D:\\Work\\HAMURA\\NU-PUSTAKA_\\Back-End\\app.nupustaka.com\\vendor\\laravel\\framework\\src\\Illuminate\\Database\\Connection.php:669)
[stacktrace]
#0 D:\\Work\\HAMURA\\NU-PUSTAKA_\\Back-End\\app.nupustaka.com\\vendor\\laravel\\framework\\src\\Illuminate\\Database\\Connection.php(629): Illuminate\\Database\\Connection->runQueryCallback('insert into `us...', Array, Object(Closure))
#1 D:\\Work\\HAMURA\\NU-PUSTAKA_\\Back-End\\app.nupustaka.com\\vendor\\laravel\\framework\\src\\Illuminate\\Database\\Connection.php(464): Illuminate\\Database\\Connection->run('insert into `us...', Array, Object(Closure))
#2 D:\\Work\\HAMURA\\NU-PUSTAKA_\\Back-End\\app.nupustaka.com\\vendor\\laravel\\framework\\src\\Illuminate\\Database\\Connection.php(416): Illuminate\\Database\\Connection->statement('insert into `us...', Array)
#3 D:\\Work\\HAMURA\\NU-PUSTAKA_\\Back-End\\app.nupustaka.com\\vendor\\laravel\\framework\\src\\Illuminate\\Database\\Query\\Processors\\Processor.php(32): Illuminate\\Database\\Connection->insert('insert into `us...', Array)
#4 D:\\Work\\HAMURA\\NU-PUSTAKA_\\Back-End\\app.nupustaka.com\\vendor\\laravel\\framework\\src\\Illuminate\\Database\\Query\\Builder.php(2672): Illuminate\\Database\\Query\\Processors\\Processor->processInsertGetId(Object(Illuminate\\Database\\Query\\Builder), 'insert into `us...', Array, 'id')
#5 D:\\Work\\HAMURA\\NU-PUSTAKA_\\Back-End\\app.nupustaka.com\\vendor\\laravel\\framework\\src\\Illuminate\\Database\\Eloquent\\Builder.php(1352): Illuminate\\Database\\Query\\Builder->insertGetId(Array, 'id')
#6 D:\\Work\\HAMURA\\NU-PUSTAKA_\\Back-End\\app.nupustaka.com\\vendor\\laravel\\framework\\src\\Illuminate\\Database\\Eloquent\\Model.php(839): Illuminate\\Database\\Eloquent\\Builder->__call('insertGetId', Array)
#7 D:\\Work\\HAMURA\\NU-PUSTAKA_\\Back-End\\app.nupustaka.com\\vendor\\laravel\\framework\\src\\Illuminate\\Database\\Eloquent\\Model.php(804): Illuminate\\Database\\Eloquent\\Model->insertAndSetId(Object(Illuminate\\Database\\Eloquent\\Builder), Array)
#8 D:\\Work\\HAMURA\\NU-PUSTAKA_\\Back-End\\app.nupustaka.com\\vendor\\laravel\\framework\\src\\Illuminate\\Database\\Eloquent\\Model.php(667): Illuminate\\Database\\Eloquent\\Model->performInsert(Object(Illuminate\\Database\\Eloquent\\Builder))
#9 D:\\Work\\HAMURA\\NU-PUSTAKA_\\Back-End\\app.nupustaka.com\\vendor\\laravel\\framework\\src\\Illuminate\\Database\\Eloquent\\Builder.php(751): Illuminate\\Database\\Eloquent\\Model->save()
#10 D:\\Work\\HAMURA\\NU-PUSTAKA_\\Back-End\\app.nupustaka.com\\vendor\\laravel\\framework\\src\\Illuminate\\Support\\helpers.php(422): Illuminate\\Database\\Eloquent\\Builder->Illuminate\\Database\\Eloquent\\{closure}(Object(App\\User))
#11 D:\\Work\\HAMURA\\NU-PUSTAKA_\\Back-End\\app.nupustaka.com\\vendor\\laravel\\framework\\src\\Illuminate\\Database\\Eloquent\\Builder.php(752): tap(Object(App\\User), Object(Closure))
#12 D:\\Work\\HAMURA\\NU-PUSTAKA_\\Back-End\\app.nupustaka.com\\vendor\\laravel\\framework\\src\\Illuminate\\Support\\Traits\\ForwardsCalls.php(23): Illuminate\\Database\\Eloquent\\Builder->create(Array)
#13 D:\\Work\\HAMURA\\NU-PUSTAKA_\\Back-End\\app.nupustaka.com\\vendor\\laravel\\framework\\src\\Illuminate\\Database\\Eloquent\\Model.php(1618): Illuminate\\Database\\Eloquent\\Model->forwardCallTo(Object(Illuminate\\Database\\Eloquent\\Builder), 'create', Array)
#14 D:\\Work\\HAMURA\\NU-PUSTAKA_\\Back-End\\app.nupustaka.com\\vendor\\laravel\\framework\\src\\Illuminate\\Database\\Eloquent\\Model.php(1630): Illuminate\\Database\\Eloquent\\Model->__call('create', Array)
#15 D:\\Work\\HAMURA\\NU-PUSTAKA_\\Back-End\\app.nupustaka.com\\app\\Http\\Controllers\\Auth\\RegisterController.php(69): Illuminate\\Database\\Eloquent\\Model::__callStatic('create', Array)
#16 D:\\Work\\HAMURA\\NU-PUSTAKA_\\Back-End\\app.nupustaka.com\\vendor\\laravel\\framework\\src\\Illuminate\\Foundation\\Auth\\RegistersUsers.php(33): App\\Http\\Controllers\\Auth\\RegisterController->create(Array)
#17 [internal function]: App\\Http\\Controllers\\Auth\\RegisterController->register(Object(Illuminate\\Http\\Request))
#18 D:\\Work\\HAMURA\\NU-PUSTAKA_\\Back-End\\app.nupustaka.com\\vendor\\laravel\\framework\\src\\Illuminate\\Routing\\Controller.php(54): call_user_func_array(Array, Array)
#19 D:\\Work\\HAMURA\\NU-PUSTAKA_\\Back-End\\app.nupustaka.com\\vendor\\laravel\\framework\\src\\Illuminate\\Routing\\ControllerDispatcher.php(45): Illuminate\\Routing\\Controller->callAction('register', Array)
#20 D:\\Work\\HAMURA\\NU-PUSTAKA_\\Back-End\\app.nupustaka.com\\vendor\\laravel\\framework\\src\\Illuminate\\Routing\\Route.php(219): Illuminate\\Routing\\ControllerDispatcher->dispatch(Object(Illuminate\\Routing\\Route), Object(App\\Http\\Controllers\\Auth\\RegisterController), 'register')
#21 D:\\Work\\HAMURA\\NU-PUSTAKA_\\Back-End\\app.nupustaka.com\\vendor\\laravel\\framework\\src\\Illuminate\\Routing\\Route.php(176): Illuminate\\Routing\\Route->runController()
#22 D:\\Work\\HAMURA\\NU-PUSTAKA_\\Back-End\\app.nupustaka.com\\vendor\\laravel\\framework\\src\\Illuminate\\Routing\\Router.php(681): Illuminate\\Routing\\Route->run()
#23 D:\\Work\\HAMURA\\NU-PUSTAKA_\\Back-End\\app.nupustaka.com\\vendor\\laravel\\framework\\src\\Illuminate\\Pipeline\\Pipeline.php(130): Illuminate\\Routing\\Router->Illuminate\\Routing\\{closure}(Object(Illuminate\\Http\\Request))
#24 D:\\Work\\HAMURA\\NU-PUSTAKA_\\Back-End\\app.nupustaka.com\\app\\Http\\Middleware\\RedirectIfAuthenticated.php(24): Illuminate\\Pipeline\\Pipeline->Illuminate\\Pipeline\\{closure}(Object(Illuminate\\Http\\Request))
#25 D:\\Work\\HAMURA\\NU-PUSTAKA_\\Back-End\\app.nupustaka.com\\vendor\\laravel\\framework\\src\\Illuminate\\Pipeline\\Pipeline.php(171): App\\Http\\Middleware\\RedirectIfAuthenticated->handle(Object(Illuminate\\Http\\Request), Object(Closure))
#26 D:\\Work\\HAMURA\\NU-PUSTAKA_\\Back-End\\app.nupustaka.com\\vendor\\laravel\\framework\\src\\Illuminate\\Routing\\Middleware\\SubstituteBindings.php(41): Illuminate\\Pipeline\\Pipeline->Illuminate\\Pipeline\\{closure}(Object(Illuminate\\Http\\Request))
#27 D:\\Work\\HAMURA\\NU-PUSTAKA_\\Back-End\\app.nupustaka.com\\vendor\\laravel\\framework\\src\\Illuminate\\Pipeline\\Pipeline.php(171): Illuminate\\Routing\\Middleware\\SubstituteBindings->handle(Object(Illuminate\\Http\\Request), Object(Closure))
#28 D:\\Work\\HAMURA\\NU-PUSTAKA_\\Back-End\\app.nupustaka.com\\vendor\\laravel\\framework\\src\\Illuminate\\Foundation\\Http\\Middleware\\VerifyCsrfToken.php(76): Illuminate\\Pipeline\\Pipeline->Illuminate\\Pipeline\\{closure}(Object(Illuminate\\Http\\Request))
#29 D:\\Work\\HAMURA\\NU-PUSTAKA_\\Back-End\\app.nupustaka.com\\vendor\\laravel\\framework\\src\\Illuminate\\Pipeline\\Pipeline.php(171): Illuminate\\Foundation\\Http\\Middleware\\VerifyCsrfToken->handle(Object(Illuminate\\Http\\Request), Object(Closure))
#30 D:\\Work\\HAMURA\\NU-PUSTAKA_\\Back-End\\app.nupustaka.com\\vendor\\laravel\\framework\\src\\Illuminate\\View\\Middleware\\ShareErrorsFromSession.php(49): Illuminate\\Pipeline\\Pipeline->Illuminate\\Pipeline\\{closure}(Object(Illuminate\\Http\\Request))
#31 D:\\Work\\HAMURA\\NU-PUSTAKA_\\Back-End\\app.nupustaka.com\\vendor\\laravel\\framework\\src\\Illuminate\\Pipeline\\Pipeline.php(171): Illuminate\\View\\Middleware\\ShareErrorsFromSession->handle(Object(Illuminate\\Http\\Request), Object(Closure))
#32 D:\\Work\\HAMURA\\NU-PUSTAKA_\\Back-End\\app.nupustaka.com\\vendor\\laravel\\framework\\src\\Illuminate\\Session\\Middleware\\StartSession.php(56): Illuminate\\Pipeline\\Pipeline->Illuminate\\Pipeline\\{closure}(Object(Illuminate\\Http\\Request))
#33 D:\\Work\\HAMURA\\NU-PUSTAKA_\\Back-End\\app.nupustaka.com\\vendor\\laravel\\framework\\src\\Illuminate\\Pipeline\\Pipeline.php(171): Illuminate\\Session\\Middleware\\StartSession->handle(Object(Illuminate\\Http\\Request), Object(Closure))
#34 D:\\Work\\HAMURA\\NU-PUSTAKA_\\Back-End\\app.nupustaka.com\\vendor\\laravel\\framework\\src\\Illuminate\\Cookie\\Middleware\\AddQueuedCookiesToResponse.php(37): Illuminate\\Pipeline\\Pipeline->Illuminate\\Pipeline\\{closure}(Object(Illuminate\\Http\\Request))
#35 D:\\Work\\HAMURA\\NU-PUSTAKA_\\Back-End\\app.nupustaka.com\\vendor\\laravel\\framework\\src\\Illuminate\\Pipeline\\Pipeline.php(171): Illuminate\\Cookie\\Middleware\\AddQueuedCookiesToResponse->handle(Object(Illuminate\\Http\\Request), Object(Closure))
#36 D:\\Work\\HAMURA\\NU-PUSTAKA_\\Back-End\\app.nupustaka.com\\vendor\\laravel\\framework\\src\\Illuminate\\Cookie\\Middleware\\EncryptCookies.php(66): Illuminate\\Pipeline\\Pipeline->Illuminate\\Pipeline\\{closure}(Object(Illuminate\\Http\\Request))
#37 D:\\Work\\HAMURA\\NU-PUSTAKA_\\Back-End\\app.nupustaka.com\\vendor\\laravel\\framework\\src\\Illuminate\\Pipeline\\Pipeline.php(171): Illuminate\\Cookie\\Middleware\\EncryptCookies->handle(Object(Illuminate\\Http\\Request), Object(Closure))
#38 D:\\Work\\HAMURA\\NU-PUSTAKA_\\Back-End\\app.nupustaka.com\\vendor\\laravel\\framework\\src\\Illuminate\\Pipeline\\Pipeline.php(105): Illuminate\\Pipeline\\Pipeline->Illuminate\\Pipeline\\{closure}(Object(Illuminate\\Http\\Request))
#39 D:\\Work\\HAMURA\\NU-PUSTAKA_\\Back-End\\app.nupustaka.com\\vendor\\laravel\\framework\\src\\Illuminate\\Routing\\Router.php(683): Illuminate\\Pipeline\\Pipeline->then(Object(Closure))
#40 D:\\Work\\HAMURA\\NU-PUSTAKA_\\Back-End\\app.nupustaka.com\\vendor\\laravel\\framework\\src\\Illuminate\\Routing\\Router.php(658): Illuminate\\Routing\\Router->runRouteWithinStack(Object(Illuminate\\Routing\\Route), Object(Illuminate\\Http\\Request))
#41 D:\\Work\\HAMURA\\NU-PUSTAKA_\\Back-End\\app.nupustaka.com\\vendor\\laravel\\framework\\src\\Illuminate\\Routing\\Router.php(624): Illuminate\\Routing\\Router->runRoute(Object(Illuminate\\Http\\Request), Object(Illuminate\\Routing\\Route))
#42 D:\\Work\\HAMURA\\NU-PUSTAKA_\\Back-End\\app.nupustaka.com\\vendor\\laravel\\framework\\src\\Illuminate\\Routing\\Router.php(613): Illuminate\\Routing\\Router->dispatchToRoute(Object(Illuminate\\Http\\Request))
#43 D:\\Work\\HAMURA\\NU-PUSTAKA_\\Back-End\\app.nupustaka.com\\vendor\\laravel\\framework\\src\\Illuminate\\Foundation\\Http\\Kernel.php(170): Illuminate\\Routing\\Router->dispatch(Object(Illuminate\\Http\\Request))
#44 D:\\Work\\HAMURA\\NU-PUSTAKA_\\Back-End\\app.nupustaka.com\\vendor\\laravel\\framework\\src\\Illuminate\\Pipeline\\Pipeline.php(130): Illuminate\\Foundation\\Http\\Kernel->Illuminate\\Foundation\\Http\\{closure}(Object(Illuminate\\Http\\Request))
#45 D:\\Work\\HAMURA\\NU-PUSTAKA_\\Back-End\\app.nupustaka.com\\vendor\\laravel\\framework\\src\\Illuminate\\Foundation\\Http\\Middleware\\TransformsRequest.php(21): Illuminate\\Pipeline\\Pipeline->Illuminate\\Pipeline\\{closure}(Object(Illuminate\\Http\\Request))
#46 D:\\Work\\HAMURA\\NU-PUSTAKA_\\Back-End\\app.nupustaka.com\\vendor\\laravel\\framework\\src\\Illuminate\\Pipeline\\Pipeline.php(171): Illuminate\\Foundation\\Http\\Middleware\\TransformsRequest->handle(Object(Illuminate\\Http\\Request), Object(Closure))
#47 D:\\Work\\HAMURA\\NU-PUSTAKA_\\Back-End\\app.nupustaka.com\\vendor\\laravel\\framework\\src\\Illuminate\\Foundation\\Http\\Middleware\\TransformsRequest.php(21): Illuminate\\Pipeline\\Pipeline->Illuminate\\Pipeline\\{closure}(Object(Illuminate\\Http\\Request))
#48 D:\\Work\\HAMURA\\NU-PUSTAKA_\\Back-End\\app.nupustaka.com\\vendor\\laravel\\framework\\src\\Illuminate\\Pipeline\\Pipeline.php(171): Illuminate\\Foundation\\Http\\Middleware\\TransformsRequest->handle(Object(Illuminate\\Http\\Request), Object(Closure))
#49 D:\\Work\\HAMURA\\NU-PUSTAKA_\\Back-End\\app.nupustaka.com\\vendor\\laravel\\framework\\src\\Illuminate\\Foundation\\Http\\Middleware\\ValidatePostSize.php(27): Illuminate\\Pipeline\\Pipeline->Illuminate\\Pipeline\\{closure}(Object(Illuminate\\Http\\Request))
#50 D:\\Work\\HAMURA\\NU-PUSTAKA_\\Back-End\\app.nupustaka.com\\vendor\\laravel\\framework\\src\\Illuminate\\Pipeline\\Pipeline.php(171): Illuminate\\Foundation\\Http\\Middleware\\ValidatePostSize->handle(Object(Illuminate\\Http\\Request), Object(Closure))
#51 D:\\Work\\HAMURA\\NU-PUSTAKA_\\Back-End\\app.nupustaka.com\\vendor\\laravel\\framework\\src\\Illuminate\\Foundation\\Http\\Middleware\\CheckForMaintenanceMode.php(63): Illuminate\\Pipeline\\Pipeline->Illuminate\\Pipeline\\{closure}(Object(Illuminate\\Http\\Request))
#52 D:\\Work\\HAMURA\\NU-PUSTAKA_\\Back-End\\app.nupustaka.com\\vendor\\laravel\\framework\\src\\Illuminate\\Pipeline\\Pipeline.php(171): Illuminate\\Foundation\\Http\\Middleware\\CheckForMaintenanceMode->handle(Object(Illuminate\\Http\\Request), Object(Closure))
#53 D:\\Work\\HAMURA\\NU-PUSTAKA_\\Back-End\\app.nupustaka.com\\vendor\\fideloper\\proxy\\src\\TrustProxies.php(57): Illuminate\\Pipeline\\Pipeline->Illuminate\\Pipeline\\{closure}(Object(Illuminate\\Http\\Request))
#54 D:\\Work\\HAMURA\\NU-PUSTAKA_\\Back-End\\app.nupustaka.com\\vendor\\laravel\\framework\\src\\Illuminate\\Pipeline\\Pipeline.php(171): Fideloper\\Proxy\\TrustProxies->handle(Object(Illuminate\\Http\\Request), Object(Closure))
#55 D:\\Work\\HAMURA\\NU-PUSTAKA_\\Back-End\\app.nupustaka.com\\vendor\\laravel\\framework\\src\\Illuminate\\Pipeline\\Pipeline.php(105): Illuminate\\Pipeline\\Pipeline->Illuminate\\Pipeline\\{closure}(Object(Illuminate\\Http\\Request))
#56 D:\\Work\\HAMURA\\NU-PUSTAKA_\\Back-End\\app.nupustaka.com\\vendor\\laravel\\framework\\src\\Illuminate\\Foundation\\Http\\Kernel.php(145): Illuminate\\Pipeline\\Pipeline->then(Object(Closure))
#57 D:\\Work\\HAMURA\\NU-PUSTAKA_\\Back-End\\app.nupustaka.com\\vendor\\laravel\\framework\\src\\Illuminate\\Foundation\\Http\\Kernel.php(110): Illuminate\\Foundation\\Http\\Kernel->sendRequestThroughRouter(Object(Illuminate\\Http\\Request))
#58 D:\\Work\\HAMURA\\NU-PUSTAKA_\\Back-End\\app.nupustaka.com\\public\\index.php(55): Illuminate\\Foundation\\Http\\Kernel->handle(Object(Illuminate\\Http\\Request))
#59 D:\\Work\\HAMURA\\NU-PUSTAKA_\\Back-End\\app.nupustaka.com\\server.php(21): require_once('D:\\\\Work\\\\HAMURA\\\\...')
#60 {main}

[previous exception] [object] (PDOException(code: HY000): SQLSTATE[HY000]: General error: 1364 Field 'id' doesn't have a default value at D:\\Work\\HAMURA\\NU-PUSTAKA_\\Back-End\\app.nupustaka.com\\vendor\\laravel\\framework\\src\\Illuminate\\Database\\Connection.php:463)
[stacktrace]
#0 D:\\Work\\HAMURA\\NU-PUSTAKA_\\Back-End\\app.nupustaka.com\\vendor\\laravel\\framework\\src\\Illuminate\\Database\\Connection.php(463): PDOStatement->execute()
#1 D:\\Work\\HAMURA\\NU-PUSTAKA_\\Back-End\\app.nupustaka.com\\vendor\\laravel\\framework\\src\\Illuminate\\Database\\Connection.php(662): Illuminate\\Database\\Connection->Illuminate\\Database\\{closure}('insert into `us...', Array)
#2 D:\\Work\\HAMURA\\NU-PUSTAKA_\\Back-End\\app.nupustaka.com\\vendor\\laravel\\framework\\src\\Illuminate\\Database\\Connection.php(629): Illuminate\\Database\\Connection->runQueryCallback('insert into `us...', Array, Object(Closure))
#3 D:\\Work\\HAMURA\\NU-PUSTAKA_\\Back-End\\app.nupustaka.com\\vendor\\laravel\\framework\\src\\Illuminate\\Database\\Connection.php(464): Illuminate\\Database\\Connection->run('insert into `us...', Array, Object(Closure))
#4 D:\\Work\\HAMURA\\NU-PUSTAKA_\\Back-End\\app.nupustaka.com\\vendor\\laravel\\framework\\src\\Illuminate\\Database\\Connection.php(416): Illuminate\\Database\\Connection->statement('insert into `us...', Array)
#5 D:\\Work\\HAMURA\\NU-PUSTAKA_\\Back-End\\app.nupustaka.com\\vendor\\laravel\\framework\\src\\Illuminate\\Database\\Query\\Processors\\Processor.php(32): Illuminate\\Database\\Connection->insert('insert into `us...', Array)
#6 D:\\Work\\HAMURA\\NU-PUSTAKA_\\Back-End\\app.nupustaka.com\\vendor\\laravel\\framework\\src\\Illuminate\\Database\\Query\\Builder.php(2672): Illuminate\\Database\\Query\\Processors\\Processor->processInsertGetId(Object(Illuminate\\Database\\Query\\Builder), 'insert into `us...', Array, 'id')
#7 D:\\Work\\HAMURA\\NU-PUSTAKA_\\Back-End\\app.nupustaka.com\\vendor\\laravel\\framework\\src\\Illuminate\\Database\\Eloquent\\Builder.php(1352): Illuminate\\Database\\Query\\Builder->insertGetId(Array, 'id')
#8 D:\\Work\\HAMURA\\NU-PUSTAKA_\\Back-End\\app.nupustaka.com\\vendor\\laravel\\framework\\src\\Illuminate\\Database\\Eloquent\\Model.php(839): Illuminate\\Database\\Eloquent\\Builder->__call('insertGetId', Array)
#9 D:\\Work\\HAMURA\\NU-PUSTAKA_\\Back-End\\app.nupustaka.com\\vendor\\laravel\\framework\\src\\Illuminate\\Database\\Eloquent\\Model.php(804): Illuminate\\Database\\Eloquent\\Model->insertAndSetId(Object(Illuminate\\Database\\Eloquent\\Builder), Array)
#10 D:\\Work\\HAMURA\\NU-PUSTAKA_\\Back-End\\app.nupustaka.com\\vendor\\laravel\\framework\\src\\Illuminate\\Database\\Eloquent\\Model.php(667): Illuminate\\Database\\Eloquent\\Model->performInsert(Object(Illuminate\\Database\\Eloquent\\Builder))
#11 D:\\Work\\HAMURA\\NU-PUSTAKA_\\Back-End\\app.nupustaka.com\\vendor\\laravel\\framework\\src\\Illuminate\\Database\\Eloquent\\Builder.php(751): Illuminate\\Database\\Eloquent\\Model->save()
#12 D:\\Work\\HAMURA\\NU-PUSTAKA_\\Back-End\\app.nupustaka.com\\vendor\\laravel\\framework\\src\\Illuminate\\Support\\helpers.php(422): Illuminate\\Database\\Eloquent\\Builder->Illuminate\\Database\\Eloquent\\{closure}(Object(App\\User))
#13 D:\\Work\\HAMURA\\NU-PUSTAKA_\\Back-End\\app.nupustaka.com\\vendor\\laravel\\framework\\src\\Illuminate\\Database\\Eloquent\\Builder.php(752): tap(Object(App\\User), Object(Closure))
#14 D:\\Work\\HAMURA\\NU-PUSTAKA_\\Back-End\\app.nupustaka.com\\vendor\\laravel\\framework\\src\\Illuminate\\Support\\Traits\\ForwardsCalls.php(23): Illuminate\\Database\\Eloquent\\Builder->create(Array)
#15 D:\\Work\\HAMURA\\NU-PUSTAKA_\\Back-End\\app.nupustaka.com\\vendor\\laravel\\framework\\src\\Illuminate\\Database\\Eloquent\\Model.php(1618): Illuminate\\Database\\Eloquent\\Model->forwardCallTo(Object(Illuminate\\Database\\Eloquent\\Builder), 'create', Array)
#16 D:\\Work\\HAMURA\\NU-PUSTAKA_\\Back-End\\app.nupustaka.com\\vendor\\laravel\\framework\\src\\Illuminate\\Database\\Eloquent\\Model.php(1630): Illuminate\\Database\\Eloquent\\Model->__call('create', Array)
#17 D:\\Work\\HAMURA\\NU-PUSTAKA_\\Back-End\\app.nupustaka.com\\app\\Http\\Controllers\\Auth\\RegisterController.php(69): Illuminate\\Database\\Eloquent\\Model::__callStatic('create', Array)
#18 D:\\Work\\HAMURA\\NU-PUSTAKA_\\Back-End\\app.nupustaka.com\\vendor\\laravel\\framework\\src\\Illuminate\\Foundation\\Auth\\RegistersUsers.php(33): App\\Http\\Controllers\\Auth\\RegisterController->create(Array)
#19 [internal function]: App\\Http\\Controllers\\Auth\\RegisterController->register(Object(Illuminate\\Http\\Request))
#20 D:\\Work\\HAMURA\\NU-PUSTAKA_\\Back-End\\app.nupustaka.com\\vendor\\laravel\\framework\\src\\Illuminate\\Routing\\Controller.php(54): call_user_func_array(Array, Array)
#21 D:\\Work\\HAMURA\\NU-PUSTAKA_\\Back-End\\app.nupustaka.com\\vendor\\laravel\\framework\\src\\Illuminate\\Routing\\ControllerDispatcher.php(45): Illuminate\\Routing\\Controller->callAction('register', Array)
#22 D:\\Work\\HAMURA\\NU-PUSTAKA_\\Back-End\\app.nupustaka.com\\vendor\\laravel\\framework\\src\\Illuminate\\Routing\\Route.php(219): Illuminate\\Routing\\ControllerDispatcher->dispatch(Object(Illuminate\\Routing\\Route), Object(App\\Http\\Controllers\\Auth\\RegisterController), 'register')
#23 D:\\Work\\HAMURA\\NU-PUSTAKA_\\Back-End\\app.nupustaka.com\\vendor\\laravel\\framework\\src\\Illuminate\\Routing\\Route.php(176): Illuminate\\Routing\\Route->runController()
#24 D:\\Work\\HAMURA\\NU-PUSTAKA_\\Back-End\\app.nupustaka.com\\vendor\\laravel\\framework\\src\\Illuminate\\Routing\\Router.php(681): Illuminate\\Routing\\Route->run()
#25 D:\\Work\\HAMURA\\NU-PUSTAKA_\\Back-End\\app.nupustaka.com\\vendor\\laravel\\framework\\src\\Illuminate\\Pipeline\\Pipeline.php(130): Illuminate\\Routing\\Router->Illuminate\\Routing\\{closure}(Object(Illuminate\\Http\\Request))
#26 D:\\Work\\HAMURA\\NU-PUSTAKA_\\Back-End\\app.nupustaka.com\\app\\Http\\Middleware\\RedirectIfAuthenticated.php(24): Illuminate\\Pipeline\\Pipeline->Illuminate\\Pipeline\\{closure}(Object(Illuminate\\Http\\Request))
#27 D:\\Work\\HAMURA\\NU-PUSTAKA_\\Back-End\\app.nupustaka.com\\vendor\\laravel\\framework\\src\\Illuminate\\Pipeline\\Pipeline.php(171): App\\Http\\Middleware\\RedirectIfAuthenticated->handle(Object(Illuminate\\Http\\Request), Object(Closure))
#28 D:\\Work\\HAMURA\\NU-PUSTAKA_\\Back-End\\app.nupustaka.com\\vendor\\laravel\\framework\\src\\Illuminate\\Routing\\Middleware\\SubstituteBindings.php(41): Illuminate\\Pipeline\\Pipeline->Illuminate\\Pipeline\\{closure}(Object(Illuminate\\Http\\Request))
#29 D:\\Work\\HAMURA\\NU-PUSTAKA_\\Back-End\\app.nupustaka.com\\vendor\\laravel\\framework\\src\\Illuminate\\Pipeline\\Pipeline.php(171): Illuminate\\Routing\\Middleware\\SubstituteBindings->handle(Object(Illuminate\\Http\\Request), Object(Closure))
#30 D:\\Work\\HAMURA\\NU-PUSTAKA_\\Back-End\\app.nupustaka.com\\vendor\\laravel\\framework\\src\\Illuminate\\Foundation\\Http\\Middleware\\VerifyCsrfToken.php(76): Illuminate\\Pipeline\\Pipeline->Illuminate\\Pipeline\\{closure}(Object(Illuminate\\Http\\Request))
#31 D:\\Work\\HAMURA\\NU-PUSTAKA_\\Back-End\\app.nupustaka.com\\vendor\\laravel\\framework\\src\\Illuminate\\Pipeline\\Pipeline.php(171): Illuminate\\Foundation\\Http\\Middleware\\VerifyCsrfToken->handle(Object(Illuminate\\Http\\Request), Object(Closure))
#32 D:\\Work\\HAMURA\\NU-PUSTAKA_\\Back-End\\app.nupustaka.com\\vendor\\laravel\\framework\\src\\Illuminate\\View\\Middleware\\ShareErrorsFromSession.php(49): Illuminate\\Pipeline\\Pipeline->Illuminate\\Pipeline\\{closure}(Object(Illuminate\\Http\\Request))
#33 D:\\Work\\HAMURA\\NU-PUSTAKA_\\Back-End\\app.nupustaka.com\\vendor\\laravel\\framework\\src\\Illuminate\\Pipeline\\Pipeline.php(171): Illuminate\\View\\Middleware\\ShareErrorsFromSession->handle(Object(Illuminate\\Http\\Request), Object(Closure))
#34 D:\\Work\\HAMURA\\NU-PUSTAKA_\\Back-End\\app.nupustaka.com\\vendor\\laravel\\framework\\src\\Illuminate\\Session\\Middleware\\StartSession.php(56): Illuminate\\Pipeline\\Pipeline->Illuminate\\Pipeline\\{closure}(Object(Illuminate\\Http\\Request))
#35 D:\\Work\\HAMURA\\NU-PUSTAKA_\\Back-End\\app.nupustaka.com\\vendor\\laravel\\framework\\src\\Illuminate\\Pipeline\\Pipeline.php(171): Illuminate\\Session\\Middleware\\StartSession->handle(Object(Illuminate\\Http\\Request), Object(Closure))
#36 D:\\Work\\HAMURA\\NU-PUSTAKA_\\Back-End\\app.nupustaka.com\\vendor\\laravel\\framework\\src\\Illuminate\\Cookie\\Middleware\\AddQueuedCookiesToResponse.php(37): Illuminate\\Pipeline\\Pipeline->Illuminate\\Pipeline\\{closure}(Object(Illuminate\\Http\\Request))
#37 D:\\Work\\HAMURA\\NU-PUSTAKA_\\Back-End\\app.nupustaka.com\\vendor\\laravel\\framework\\src\\Illuminate\\Pipeline\\Pipeline.php(171): Illuminate\\Cookie\\Middleware\\AddQueuedCookiesToResponse->handle(Object(Illuminate\\Http\\Request), Object(Closure))
#38 D:\\Work\\HAMURA\\NU-PUSTAKA_\\Back-End\\app.nupustaka.com\\vendor\\laravel\\framework\\src\\Illuminate\\Cookie\\Middleware\\EncryptCookies.php(66): Illuminate\\Pipeline\\Pipeline->Illuminate\\Pipeline\\{closure}(Object(Illuminate\\Http\\Request))
#39 D:\\Work\\HAMURA\\NU-PUSTAKA_\\Back-End\\app.nupustaka.com\\vendor\\laravel\\framework\\src\\Illuminate\\Pipeline\\Pipeline.php(171): Illuminate\\Cookie\\Middleware\\EncryptCookies->handle(Object(Illuminate\\Http\\Request), Object(Closure))
#40 D:\\Work\\HAMURA\\NU-PUSTAKA_\\Back-End\\app.nupustaka.com\\vendor\\laravel\\framework\\src\\Illuminate\\Pipeline\\Pipeline.php(105): Illuminate\\Pipeline\\Pipeline->Illuminate\\Pipeline\\{closure}(Object(Illuminate\\Http\\Request))
#41 D:\\Work\\HAMURA\\NU-PUSTAKA_\\Back-End\\app.nupustaka.com\\vendor\\laravel\\framework\\src\\Illuminate\\Routing\\Router.php(683): Illuminate\\Pipeline\\Pipeline->then(Object(Closure))
#42 D:\\Work\\HAMURA\\NU-PUSTAKA_\\Back-End\\app.nupustaka.com\\vendor\\laravel\\framework\\src\\Illuminate\\Routing\\Router.php(658): Illuminate\\Routing\\Router->runRouteWithinStack(Object(Illuminate\\Routing\\Route), Object(Illuminate\\Http\\Request))
#43 D:\\Work\\HAMURA\\NU-PUSTAKA_\\Back-End\\app.nupustaka.com\\vendor\\laravel\\framework\\src\\Illuminate\\Routing\\Router.php(624): Illuminate\\Routing\\Router->runRoute(Object(Illuminate\\Http\\Request), Object(Illuminate\\Routing\\Route))
#44 D:\\Work\\HAMURA\\NU-PUSTAKA_\\Back-End\\app.nupustaka.com\\vendor\\laravel\\framework\\src\\Illuminate\\Routing\\Router.php(613): Illuminate\\Routing\\Router->dispatchToRoute(Object(Illuminate\\Http\\Request))
#45 D:\\Work\\HAMURA\\NU-PUSTAKA_\\Back-End\\app.nupustaka.com\\vendor\\laravel\\framework\\src\\Illuminate\\Foundation\\Http\\Kernel.php(170): Illuminate\\Routing\\Router->dispatch(Object(Illuminate\\Http\\Request))
#46 D:\\Work\\HAMURA\\NU-PUSTAKA_\\Back-End\\app.nupustaka.com\\vendor\\laravel\\framework\\src\\Illuminate\\Pipeline\\Pipeline.php(130): Illuminate\\Foundation\\Http\\Kernel->Illuminate\\Foundation\\Http\\{closure}(Object(Illuminate\\Http\\Request))
#47 D:\\Work\\HAMURA\\NU-PUSTAKA_\\Back-End\\app.nupustaka.com\\vendor\\laravel\\framework\\src\\Illuminate\\Foundation\\Http\\Middleware\\TransformsRequest.php(21): Illuminate\\Pipeline\\Pipeline->Illuminate\\Pipeline\\{closure}(Object(Illuminate\\Http\\Request))
#48 D:\\Work\\HAMURA\\NU-PUSTAKA_\\Back-End\\app.nupustaka.com\\vendor\\laravel\\framework\\src\\Illuminate\\Pipeline\\Pipeline.php(171): Illuminate\\Foundation\\Http\\Middleware\\TransformsRequest->handle(Object(Illuminate\\Http\\Request), Object(Closure))
#49 D:\\Work\\HAMURA\\NU-PUSTAKA_\\Back-End\\app.nupustaka.com\\vendor\\laravel\\framework\\src\\Illuminate\\Foundation\\Http\\Middleware\\TransformsRequest.php(21): Illuminate\\Pipeline\\Pipeline->Illuminate\\Pipeline\\{closure}(Object(Illuminate\\Http\\Request))
#50 D:\\Work\\HAMURA\\NU-PUSTAKA_\\Back-End\\app.nupustaka.com\\vendor\\laravel\\framework\\src\\Illuminate\\Pipeline\\Pipeline.php(171): Illuminate\\Foundation\\Http\\Middleware\\TransformsRequest->handle(Object(Illuminate\\Http\\Request), Object(Closure))
#51 D:\\Work\\HAMURA\\NU-PUSTAKA_\\Back-End\\app.nupustaka.com\\vendor\\laravel\\framework\\src\\Illuminate\\Foundation\\Http\\Middleware\\ValidatePostSize.php(27): Illuminate\\Pipeline\\Pipeline->Illuminate\\Pipeline\\{closure}(Object(Illuminate\\Http\\Request))
#52 D:\\Work\\HAMURA\\NU-PUSTAKA_\\Back-End\\app.nupustaka.com\\vendor\\laravel\\framework\\src\\Illuminate\\Pipeline\\Pipeline.php(171): Illuminate\\Foundation\\Http\\Middleware\\ValidatePostSize->handle(Object(Illuminate\\Http\\Request), Object(Closure))
#53 D:\\Work\\HAMURA\\NU-PUSTAKA_\\Back-End\\app.nupustaka.com\\vendor\\laravel\\framework\\src\\Illuminate\\Foundation\\Http\\Middleware\\CheckForMaintenanceMode.php(63): Illuminate\\Pipeline\\Pipeline->Illuminate\\Pipeline\\{closure}(Object(Illuminate\\Http\\Request))
#54 D:\\Work\\HAMURA\\NU-PUSTAKA_\\Back-End\\app.nupustaka.com\\vendor\\laravel\\framework\\src\\Illuminate\\Pipeline\\Pipeline.php(171): Illuminate\\Foundation\\Http\\Middleware\\CheckForMaintenanceMode->handle(Object(Illuminate\\Http\\Request), Object(Closure))
#55 D:\\Work\\HAMURA\\NU-PUSTAKA_\\Back-End\\app.nupustaka.com\\vendor\\fideloper\\proxy\\src\\TrustProxies.php(57): Illuminate\\Pipeline\\Pipeline->Illuminate\\Pipeline\\{closure}(Object(Illuminate\\Http\\Request))
#56 D:\\Work\\HAMURA\\NU-PUSTAKA_\\Back-End\\app.nupustaka.com\\vendor\\laravel\\framework\\src\\Illuminate\\Pipeline\\Pipeline.php(171): Fideloper\\Proxy\\TrustProxies->handle(Object(Illuminate\\Http\\Request), Object(Closure))
#57 D:\\Work\\HAMURA\\NU-PUSTAKA_\\Back-End\\app.nupustaka.com\\vendor\\laravel\\framework\\src\\Illuminate\\Pipeline\\Pipeline.php(105): Illuminate\\Pipeline\\Pipeline->Illuminate\\Pipeline\\{closure}(Object(Illuminate\\Http\\Request))
#58 D:\\Work\\HAMURA\\NU-PUSTAKA_\\Back-End\\app.nupustaka.com\\vendor\\laravel\\framework\\src\\Illuminate\\Foundation\\Http\\Kernel.php(145): Illuminate\\Pipeline\\Pipeline->then(Object(Closure))
#59 D:\\Work\\HAMURA\\NU-PUSTAKA_\\Back-End\\app.nupustaka.com\\vendor\\laravel\\framework\\src\\Illuminate\\Foundation\\Http\\Kernel.php(110): Illuminate\\Foundation\\Http\\Kernel->sendRequestThroughRouter(Object(Illuminate\\Http\\Request))
#60 D:\\Work\\HAMURA\\NU-PUSTAKA_\\Back-End\\app.nupustaka.com\\public\\index.php(55): Illuminate\\Foundation\\Http\\Kernel->handle(Object(Illuminate\\Http\\Request))
#61 D:\\Work\\HAMURA\\NU-PUSTAKA_\\Back-End\\app.nupustaka.com\\server.php(21): require_once('D:\\\\Work\\\\HAMURA\\\\...')
#62 {main}
"} 
[2020-10-07 04:18:10] local.ERROR: ErrorException: Undefined index: Title in D:\Work\HAMURA\NU-PUSTAKA_\Back-End\app.nupustaka.com\vendor\yajra\laravel-datatables-oracle\src\CollectionDataTable.php:298
Stack trace:
#0 D:\Work\HAMURA\NU-PUSTAKA_\Back-End\app.nupustaka.com\vendor\yajra\laravel-datatables-oracle\src\CollectionDataTable.php(298): Illuminate\Foundation\Bootstrap\HandleExceptions->handleError(8, 'Undefined index...', 'D:\\Work\\HAMURA\\...', 298, Array)
#1 [internal function]: Yajra\DataTables\CollectionDataTable->Yajra\DataTables\{closure}(Array, Array)
#2 D:\Work\HAMURA\NU-PUSTAKA_\Back-End\app.nupustaka.com\vendor\laravel\framework\src\Illuminate\Support\Collection.php(1060): uasort(Array, Object(Closure))
#3 D:\Work\HAMURA\NU-PUSTAKA_\Back-End\app.nupustaka.com\vendor\yajra\laravel-datatables-oracle\src\CollectionDataTable.php(266): Illuminate\Support\Collection->sort(Object(Closure))
#4 D:\Work\HAMURA\NU-PUSTAKA_\Back-End\app.nupustaka.com\vendor\yajra\laravel-datatables-oracle\src\DataTableAbstract.php(577): Yajra\DataTables\CollectionDataTable->defaultOrdering()
#5 D:\Work\HAMURA\NU-PUSTAKA_\Back-End\app.nupustaka.com\vendor\yajra\laravel-datatables-oracle\src\CollectionDataTable.php(168): Yajra\DataTables\DataTableAbstract->ordering()
#6 D:\Work\HAMURA\NU-PUSTAKA_\Back-End\app.nupustaka.com\app\Http\Controllers\BooksController.php(34): Yajra\DataTables\CollectionDataTable->make(true)
#7 [internal function]: App\Http\Controllers\BooksController->json()
#8 D:\Work\HAMURA\NU-PUSTAKA_\Back-End\app.nupustaka.com\vendor\laravel\framework\src\Illuminate\Routing\Controller.php(54): call_user_func_array(Array, Array)
#9 D:\Work\HAMURA\NU-PUSTAKA_\Back-End\app.nupustaka.com\vendor\laravel\framework\src\Illuminate\Routing\ControllerDispatcher.php(45): Illuminate\Routing\Controller->callAction('json', Array)
#10 D:\Work\HAMURA\NU-PUSTAKA_\Back-End\app.nupustaka.com\vendor\laravel\framework\src\Illuminate\Routing\Route.php(219): Illuminate\Routing\ControllerDispatcher->dispatch(Object(Illuminate\Routing\Route), Object(App\Http\Controllers\BooksController), 'json')
#11 D:\Work\HAMURA\NU-PUSTAKA_\Back-End\app.nupustaka.com\vendor\laravel\framework\src\Illuminate\Routing\Route.php(176): Illuminate\Routing\Route->runController()
#12 D:\Work\HAMURA\NU-PUSTAKA_\Back-End\app.nupustaka.com\vendor\laravel\framework\src\Illuminate\Routing\Router.php(681): Illuminate\Routing\Route->run()
#13 D:\Work\HAMURA\NU-PUSTAKA_\Back-End\app.nupustaka.com\vendor\laravel\framework\src\Illuminate\Pipeline\Pipeline.php(130): Illuminate\Routing\Router->Illuminate\Routing\{closure}(Object(Illuminate\Http\Request))
#14 D:\Work\HAMURA\NU-PUSTAKA_\Back-End\app.nupustaka.com\vendor\laravel\framework\src\Illuminate\Routing\Middleware\SubstituteBindings.php(41): Illuminate\Pipeline\Pipeline->Illuminate\Pipeline\{closure}(Object(Illuminate\Http\Request))
#15 D:\Work\HAMURA\NU-PUSTAKA_\Back-End\app.nupustaka.com\vendor\laravel\framework\src\Illuminate\Pipeline\Pipeline.php(171): Illuminate\Routing\Middleware\SubstituteBindings->handle(Object(Illuminate\Http\Request), Object(Closure))
#16 D:\Work\HAMURA\NU-PUSTAKA_\Back-End\app.nupustaka.com\vendor\laravel\framework\src\Illuminate\Foundation\Http\Middleware\VerifyCsrfToken.php(76): Illuminate\Pipeline\Pipeline->Illuminate\Pipeline\{closure}(Object(Illuminate\Http\Request))
#17 D:\Work\HAMURA\NU-PUSTAKA_\Back-End\app.nupustaka.com\vendor\laravel\framework\src\Illuminate\Pipeline\Pipeline.php(171): Illuminate\Foundation\Http\Middleware\VerifyCsrfToken->handle(Object(Illuminate\Http\Request), Object(Closure))
#18 D:\Work\HAMURA\NU-PUSTAKA_\Back-End\app.nupustaka.com\vendor\laravel\framework\src\Illuminate\View\Middleware\ShareErrorsFromSession.php(49): Illuminate\Pipeline\Pipeline->Illuminate\Pipeline\{closure}(Object(Illuminate\Http\Request))
#19 D:\Work\HAMURA\NU-PUSTAKA_\Back-End\app.nupustaka.com\vendor\laravel\framework\src\Illuminate\Pipeline\Pipeline.php(171): Illuminate\View\Middleware\ShareErrorsFromSession->handle(Object(Illuminate\Http\Request), Object(Closure))
#20 D:\Work\HAMURA\NU-PUSTAKA_\Back-End\app.nupustaka.com\vendor\laravel\framework\src\Illuminate\Session\Middleware\StartSession.php(56): Illuminate\Pipeline\Pipeline->Illuminate\Pipeline\{closure}(Object(Illuminate\Http\Request))
#21 D:\Work\HAMURA\NU-PUSTAKA_\Back-End\app.nupustaka.com\vendor\laravel\framework\src\Illuminate\Pipeline\Pipeline.php(171): Illuminate\Session\Middleware\StartSession->handle(Object(Illuminate\Http\Request), Object(Closure))
#22 D:\Work\HAMURA\NU-PUSTAKA_\Back-End\app.nupustaka.com\vendor\laravel\framework\src\Illuminate\Cookie\Middleware\AddQueuedCookiesToResponse.php(37): Illuminate\Pipeline\Pipeline->Illuminate\Pipeline\{closure}(Object(Illuminate\Http\Request))
#23 D:\Work\HAMURA\NU-PUSTAKA_\Back-End\app.nupustaka.com\vendor\laravel\framework\src\Illuminate\Pipeline\Pipeline.php(171): Illuminate\Cookie\Middleware\AddQueuedCookiesToResponse->handle(Object(Illuminate\Http\Request), Object(Closure))
#24 D:\Work\HAMURA\NU-PUSTAKA_\Back-End\app.nupustaka.com\vendor\laravel\framework\src\Illuminate\Cookie\Middleware\EncryptCookies.php(66): Illuminate\Pipeline\Pipeline->Illuminate\Pipeline\{closure}(Object(Illuminate\Http\Request))
#25 D:\Work\HAMURA\NU-PUSTAKA_\Back-End\app.nupustaka.com\vendor\laravel\framework\src\Illuminate\Pipeline\Pipeline.php(171): Illuminate\Cookie\Middleware\EncryptCookies->handle(Object(Illuminate\Http\Request), Object(Closure))
#26 D:\Work\HAMURA\NU-PUSTAKA_\Back-End\app.nupustaka.com\vendor\laravel\framework\src\Illuminate\Pipeline\Pipeline.php(105): Illuminate\Pipeline\Pipeline->Illuminate\Pipeline\{closure}(Object(Illuminate\Http\Request))
#27 D:\Work\HAMURA\NU-PUSTAKA_\Back-End\app.nupustaka.com\vendor\laravel\framework\src\Illuminate\Routing\Router.php(683): Illuminate\Pipeline\Pipeline->then(Object(Closure))
#28 D:\Work\HAMURA\NU-PUSTAKA_\Back-End\app.nupustaka.com\vendor\laravel\framework\src\Illuminate\Routing\Router.php(658): Illuminate\Routing\Router->runRouteWithinStack(Object(Illuminate\Routing\Route), Object(Illuminate\Http\Request))
#29 D:\Work\HAMURA\NU-PUSTAKA_\Back-End\app.nupustaka.com\vendor\laravel\framework\src\Illuminate\Routing\Router.php(624): Illuminate\Routing\Router->runRoute(Object(Illuminate\Http\Request), Object(Illuminate\Routing\Route))
#30 D:\Work\HAMURA\NU-PUSTAKA_\Back-End\app.nupustaka.com\vendor\laravel\framework\src\Illuminate\Routing\Router.php(613): Illuminate\Routing\Router->dispatchToRoute(Object(Illuminate\Http\Request))
#31 D:\Work\HAMURA\NU-PUSTAKA_\Back-End\app.nupustaka.com\vendor\laravel\framework\src\Illuminate\Foundation\Http\Kernel.php(170): Illuminate\Routing\Router->dispatch(Object(Illuminate\Http\Request))
#32 D:\Work\HAMURA\NU-PUSTAKA_\Back-End\app.nupustaka.com\vendor\laravel\framework\src\Illuminate\Pipeline\Pipeline.php(130): Illuminate\Foundation\Http\Kernel->Illuminate\Foundation\Http\{closure}(Object(Illuminate\Http\Request))
#33 D:\Work\HAMURA\NU-PUSTAKA_\Back-End\app.nupustaka.com\vendor\laravel\framework\src\Illuminate\Foundation\Http\Middleware\TransformsRequest.php(21): Illuminate\Pipeline\Pipeline->Illuminate\Pipeline\{closure}(Object(Illuminate\Http\Request))
#34 D:\Work\HAMURA\NU-PUSTAKA_\Back-End\app.nupustaka.com\vendor\laravel\framework\src\Illuminate\Pipeline\Pipeline.php(171): Illuminate\Foundation\Http\Middleware\TransformsRequest->handle(Object(Illuminate\Http\Request), Object(Closure))
#35 D:\Work\HAMURA\NU-PUSTAKA_\Back-End\app.nupustaka.com\vendor\laravel\framework\src\Illuminate\Foundation\Http\Middleware\TransformsRequest.php(21): Illuminate\Pipeline\Pipeline->Illuminate\Pipeline\{closure}(Object(Illuminate\Http\Request))
#36 D:\Work\HAMURA\NU-PUSTAKA_\Back-End\app.nupustaka.com\vendor\laravel\framework\src\Illuminate\Pipeline\Pipeline.php(171): Illuminate\Foundation\Http\Middleware\TransformsRequest->handle(Object(Illuminate\Http\Request), Object(Closure))
#37 D:\Work\HAMURA\NU-PUSTAKA_\Back-End\app.nupustaka.com\vendor\laravel\framework\src\Illuminate\Foundation\Http\Middleware\ValidatePostSize.php(27): Illuminate\Pipeline\Pipeline->Illuminate\Pipeline\{closure}(Object(Illuminate\Http\Request))
#38 D:\Work\HAMURA\NU-PUSTAKA_\Back-End\app.nupustaka.com\vendor\laravel\framework\src\Illuminate\Pipeline\Pipeline.php(171): Illuminate\Foundation\Http\Middleware\ValidatePostSize->handle(Object(Illuminate\Http\Request), Object(Closure))
#39 D:\Work\HAMURA\NU-PUSTAKA_\Back-End\app.nupustaka.com\vendor\laravel\framework\src\Illuminate\Foundation\Http\Middleware\CheckForMaintenanceMode.php(63): Illuminate\Pipeline\Pipeline->Illuminate\Pipeline\{closure}(Object(Illuminate\Http\Request))
#40 D:\Work\HAMURA\NU-PUSTAKA_\Back-End\app.nupustaka.com\vendor\laravel\framework\src\Illuminate\Pipeline\Pipeline.php(171): Illuminate\Foundation\Http\Middleware\CheckForMaintenanceMode->handle(Object(Illuminate\Http\Request), Object(Closure))
#41 D:\Work\HAMURA\NU-PUSTAKA_\Back-End\app.nupustaka.com\vendor\fideloper\proxy\src\TrustProxies.php(57): Illuminate\Pipeline\Pipeline->Illuminate\Pipeline\{closure}(Object(Illuminate\Http\Request))
#42 D:\Work\HAMURA\NU-PUSTAKA_\Back-End\app.nupustaka.com\vendor\laravel\framework\src\Illuminate\Pipeline\Pipeline.php(171): Fideloper\Proxy\TrustProxies->handle(Object(Illuminate\Http\Request), Object(Closure))
#43 D:\Work\HAMURA\NU-PUSTAKA_\Back-End\app.nupustaka.com\vendor\laravel\framework\src\Illuminate\Pipeline\Pipeline.php(105): Illuminate\Pipeline\Pipeline->Illuminate\Pipeline\{closure}(Object(Illuminate\Http\Request))
#44 D:\Work\HAMURA\NU-PUSTAKA_\Back-End\app.nupustaka.com\vendor\laravel\framework\src\Illuminate\Foundation\Http\Kernel.php(145): Illuminate\Pipeline\Pipeline->then(Object(Closure))
#45 D:\Work\HAMURA\NU-PUSTAKA_\Back-End\app.nupustaka.com\vendor\laravel\framework\src\Illuminate\Foundation\Http\Kernel.php(110): Illuminate\Foundation\Http\Kernel->sendRequestThroughRouter(Object(Illuminate\Http\Request))
#46 D:\Work\HAMURA\NU-PUSTAKA_\Back-End\app.nupustaka.com\public\index.php(55): Illuminate\Foundation\Http\Kernel->handle(Object(Illuminate\Http\Request))
#47 D:\Work\HAMURA\NU-PUSTAKA_\Back-End\app.nupustaka.com\server.php(21): require_once('D:\\Work\\HAMURA\\...')
#48 {main}  
[2020-10-07 04:18:16] local.ERROR: ErrorException: Undefined index: Title in D:\Work\HAMURA\NU-PUSTAKA_\Back-End\app.nupustaka.com\vendor\yajra\laravel-datatables-oracle\src\CollectionDataTable.php:298
Stack trace:
#0 D:\Work\HAMURA\NU-PUSTAKA_\Back-End\app.nupustaka.com\vendor\yajra\laravel-datatables-oracle\src\CollectionDataTable.php(298): Illuminate\Foundation\Bootstrap\HandleExceptions->handleError(8, 'Undefined index...', 'D:\\Work\\HAMURA\\...', 298, Array)
#1 [internal function]: Yajra\DataTables\CollectionDataTable->Yajra\DataTables\{closure}(Array, Array)
#2 D:\Work\HAMURA\NU-PUSTAKA_\Back-End\app.nupustaka.com\vendor\laravel\framework\src\Illuminate\Support\Collection.php(1060): uasort(Array, Object(Closure))
#3 D:\Work\HAMURA\NU-PUSTAKA_\Back-End\app.nupustaka.com\vendor\yajra\laravel-datatables-oracle\src\CollectionDataTable.php(266): Illuminate\Support\Collection->sort(Object(Closure))
#4 D:\Work\HAMURA\NU-PUSTAKA_\Back-End\app.nupustaka.com\vendor\yajra\laravel-datatables-oracle\src\DataTableAbstract.php(577): Yajra\DataTables\CollectionDataTable->defaultOrdering()
#5 D:\Work\HAMURA\NU-PUSTAKA_\Back-End\app.nupustaka.com\vendor\yajra\laravel-datatables-oracle\src\CollectionDataTable.php(168): Yajra\DataTables\DataTableAbstract->ordering()
#6 D:\Work\HAMURA\NU-PUSTAKA_\Back-End\app.nupustaka.com\app\Http\Controllers\BooksController.php(34): Yajra\DataTables\CollectionDataTable->make(true)
#7 [internal function]: App\Http\Controllers\BooksController->json()
#8 D:\Work\HAMURA\NU-PUSTAKA_\Back-End\app.nupustaka.com\vendor\laravel\framework\src\Illuminate\Routing\Controller.php(54): call_user_func_array(Array, Array)
#9 D:\Work\HAMURA\NU-PUSTAKA_\Back-End\app.nupustaka.com\vendor\laravel\framework\src\Illuminate\Routing\ControllerDispatcher.php(45): Illuminate\Routing\Controller->callAction('json', Array)
#10 D:\Work\HAMURA\NU-PUSTAKA_\Back-End\app.nupustaka.com\vendor\laravel\framework\src\Illuminate\Routing\Route.php(219): Illuminate\Routing\ControllerDispatcher->dispatch(Object(Illuminate\Routing\Route), Object(App\Http\Controllers\BooksController), 'json')
#11 D:\Work\HAMURA\NU-PUSTAKA_\Back-End\app.nupustaka.com\vendor\laravel\framework\src\Illuminate\Routing\Route.php(176): Illuminate\Routing\Route->runController()
#12 D:\Work\HAMURA\NU-PUSTAKA_\Back-End\app.nupustaka.com\vendor\laravel\framework\src\Illuminate\Routing\Router.php(681): Illuminate\Routing\Route->run()
#13 D:\Work\HAMURA\NU-PUSTAKA_\Back-End\app.nupustaka.com\vendor\laravel\framework\src\Illuminate\Pipeline\Pipeline.php(130): Illuminate\Routing\Router->Illuminate\Routing\{closure}(Object(Illuminate\Http\Request))
#14 D:\Work\HAMURA\NU-PUSTAKA_\Back-End\app.nupustaka.com\vendor\laravel\framework\src\Illuminate\Routing\Middleware\SubstituteBindings.php(41): Illuminate\Pipeline\Pipeline->Illuminate\Pipeline\{closure}(Object(Illuminate\Http\Request))
#15 D:\Work\HAMURA\NU-PUSTAKA_\Back-End\app.nupustaka.com\vendor\laravel\framework\src\Illuminate\Pipeline\Pipeline.php(171): Illuminate\Routing\Middleware\SubstituteBindings->handle(Object(Illuminate\Http\Request), Object(Closure))
#16 D:\Work\HAMURA\NU-PUSTAKA_\Back-End\app.nupustaka.com\vendor\laravel\framework\src\Illuminate\Foundation\Http\Middleware\VerifyCsrfToken.php(76): Illuminate\Pipeline\Pipeline->Illuminate\Pipeline\{closure}(Object(Illuminate\Http\Request))
#17 D:\Work\HAMURA\NU-PUSTAKA_\Back-End\app.nupustaka.com\vendor\laravel\framework\src\Illuminate\Pipeline\Pipeline.php(171): Illuminate\Foundation\Http\Middleware\VerifyCsrfToken->handle(Object(Illuminate\Http\Request), Object(Closure))
#18 D:\Work\HAMURA\NU-PUSTAKA_\Back-End\app.nupustaka.com\vendor\laravel\framework\src\Illuminate\View\Middleware\ShareErrorsFromSession.php(49): Illuminate\Pipeline\Pipeline->Illuminate\Pipeline\{closure}(Object(Illuminate\Http\Request))
#19 D:\Work\HAMURA\NU-PUSTAKA_\Back-End\app.nupustaka.com\vendor\laravel\framework\src\Illuminate\Pipeline\Pipeline.php(171): Illuminate\View\Middleware\ShareErrorsFromSession->handle(Object(Illuminate\Http\Request), Object(Closure))
#20 D:\Work\HAMURA\NU-PUSTAKA_\Back-End\app.nupustaka.com\vendor\laravel\framework\src\Illuminate\Session\Middleware\StartSession.php(56): Illuminate\Pipeline\Pipeline->Illuminate\Pipeline\{closure}(Object(Illuminate\Http\Request))
#21 D:\Work\HAMURA\NU-PUSTAKA_\Back-End\app.nupustaka.com\vendor\laravel\framework\src\Illuminate\Pipeline\Pipeline.php(171): Illuminate\Session\Middleware\StartSession->handle(Object(Illuminate\Http\Request), Object(Closure))
#22 D:\Work\HAMURA\NU-PUSTAKA_\Back-End\app.nupustaka.com\vendor\laravel\framework\src\Illuminate\Cookie\Middleware\AddQueuedCookiesToResponse.php(37): Illuminate\Pipeline\Pipeline->Illuminate\Pipeline\{closure}(Object(Illuminate\Http\Request))
#23 D:\Work\HAMURA\NU-PUSTAKA_\Back-End\app.nupustaka.com\vendor\laravel\framework\src\Illuminate\Pipeline\Pipeline.php(171): Illuminate\Cookie\Middleware\AddQueuedCookiesToResponse->handle(Object(Illuminate\Http\Request), Object(Closure))
#24 D:\Work\HAMURA\NU-PUSTAKA_\Back-End\app.nupustaka.com\vendor\laravel\framework\src\Illuminate\Cookie\Middleware\EncryptCookies.php(66): Illuminate\Pipeline\Pipeline->Illuminate\Pipeline\{closure}(Object(Illuminate\Http\Request))
#25 D:\Work\HAMURA\NU-PUSTAKA_\Back-End\app.nupustaka.com\vendor\laravel\framework\src\Illuminate\Pipeline\Pipeline.php(171): Illuminate\Cookie\Middleware\EncryptCookies->handle(Object(Illuminate\Http\Request), Object(Closure))
#26 D:\Work\HAMURA\NU-PUSTAKA_\Back-End\app.nupustaka.com\vendor\laravel\framework\src\Illuminate\Pipeline\Pipeline.php(105): Illuminate\Pipeline\Pipeline->Illuminate\Pipeline\{closure}(Object(Illuminate\Http\Request))
#27 D:\Work\HAMURA\NU-PUSTAKA_\Back-End\app.nupustaka.com\vendor\laravel\framework\src\Illuminate\Routing\Router.php(683): Illuminate\Pipeline\Pipeline->then(Object(Closure))
#28 D:\Work\HAMURA\NU-PUSTAKA_\Back-End\app.nupustaka.com\vendor\laravel\framework\src\Illuminate\Routing\Router.php(658): Illuminate\Routing\Router->runRouteWithinStack(Object(Illuminate\Routing\Route), Object(Illuminate\Http\Request))
#29 D:\Work\HAMURA\NU-PUSTAKA_\Back-End\app.nupustaka.com\vendor\laravel\framework\src\Illuminate\Routing\Router.php(624): Illuminate\Routing\Router->runRoute(Object(Illuminate\Http\Request), Object(Illuminate\Routing\Route))
#30 D:\Work\HAMURA\NU-PUSTAKA_\Back-End\app.nupustaka.com\vendor\laravel\framework\src\Illuminate\Routing\Router.php(613): Illuminate\Routing\Router->dispatchToRoute(Object(Illuminate\Http\Request))
#31 D:\Work\HAMURA\NU-PUSTAKA_\Back-End\app.nupustaka.com\vendor\laravel\framework\src\Illuminate\Foundation\Http\Kernel.php(170): Illuminate\Routing\Router->dispatch(Object(Illuminate\Http\Request))
#32 D:\Work\HAMURA\NU-PUSTAKA_\Back-End\app.nupustaka.com\vendor\laravel\framework\src\Illuminate\Pipeline\Pipeline.php(130): Illuminate\Foundation\Http\Kernel->Illuminate\Foundation\Http\{closure}(Object(Illuminate\Http\Request))
#33 D:\Work\HAMURA\NU-PUSTAKA_\Back-End\app.nupustaka.com\vendor\laravel\framework\src\Illuminate\Foundation\Http\Middleware\TransformsRequest.php(21): Illuminate\Pipeline\Pipeline->Illuminate\Pipeline\{closure}(Object(Illuminate\Http\Request))
#34 D:\Work\HAMURA\NU-PUSTAKA_\Back-End\app.nupustaka.com\vendor\laravel\framework\src\Illuminate\Pipeline\Pipeline.php(171): Illuminate\Foundation\Http\Middleware\TransformsRequest->handle(Object(Illuminate\Http\Request), Object(Closure))
#35 D:\Work\HAMURA\NU-PUSTAKA_\Back-End\app.nupustaka.com\vendor\laravel\framework\src\Illuminate\Foundation\Http\Middleware\TransformsRequest.php(21): Illuminate\Pipeline\Pipeline->Illuminate\Pipeline\{closure}(Object(Illuminate\Http\Request))
#36 D:\Work\HAMURA\NU-PUSTAKA_\Back-End\app.nupustaka.com\vendor\laravel\framework\src\Illuminate\Pipeline\Pipeline.php(171): Illuminate\Foundation\Http\Middleware\TransformsRequest->handle(Object(Illuminate\Http\Request), Object(Closure))
#37 D:\Work\HAMURA\NU-PUSTAKA_\Back-End\app.nupustaka.com\vendor\laravel\framework\src\Illuminate\Foundation\Http\Middleware\ValidatePostSize.php(27): Illuminate\Pipeline\Pipeline->Illuminate\Pipeline\{closure}(Object(Illuminate\Http\Request))
#38 D:\Work\HAMURA\NU-PUSTAKA_\Back-End\app.nupustaka.com\vendor\laravel\framework\src\Illuminate\Pipeline\Pipeline.php(171): Illuminate\Foundation\Http\Middleware\ValidatePostSize->handle(Object(Illuminate\Http\Request), Object(Closure))
#39 D:\Work\HAMURA\NU-PUSTAKA_\Back-End\app.nupustaka.com\vendor\laravel\framework\src\Illuminate\Foundation\Http\Middleware\CheckForMaintenanceMode.php(63): Illuminate\Pipeline\Pipeline->Illuminate\Pipeline\{closure}(Object(Illuminate\Http\Request))
#40 D:\Work\HAMURA\NU-PUSTAKA_\Back-End\app.nupustaka.com\vendor\laravel\framework\src\Illuminate\Pipeline\Pipeline.php(171): Illuminate\Foundation\Http\Middleware\CheckForMaintenanceMode->handle(Object(Illuminate\Http\Request), Object(Closure))
#41 D:\Work\HAMURA\NU-PUSTAKA_\Back-End\app.nupustaka.com\vendor\fideloper\proxy\src\TrustProxies.php(57): Illuminate\Pipeline\Pipeline->Illuminate\Pipeline\{closure}(Object(Illuminate\Http\Request))
#42 D:\Work\HAMURA\NU-PUSTAKA_\Back-End\app.nupustaka.com\vendor\laravel\framework\src\Illuminate\Pipeline\Pipeline.php(171): Fideloper\Proxy\TrustProxies->handle(Object(Illuminate\Http\Request), Object(Closure))
#43 D:\Work\HAMURA\NU-PUSTAKA_\Back-End\app.nupustaka.com\vendor\laravel\framework\src\Illuminate\Pipeline\Pipeline.php(105): Illuminate\Pipeline\Pipeline->Illuminate\Pipeline\{closure}(Object(Illuminate\Http\Request))
#44 D:\Work\HAMURA\NU-PUSTAKA_\Back-End\app.nupustaka.com\vendor\laravel\framework\src\Illuminate\Foundation\Http\Kernel.php(145): Illuminate\Pipeline\Pipeline->then(Object(Closure))
#45 D:\Work\HAMURA\NU-PUSTAKA_\Back-End\app.nupustaka.com\vendor\laravel\framework\src\Illuminate\Foundation\Http\Kernel.php(110): Illuminate\Foundation\Http\Kernel->sendRequestThroughRouter(Object(Illuminate\Http\Request))
#46 D:\Work\HAMURA\NU-PUSTAKA_\Back-End\app.nupustaka.com\public\index.php(55): Illuminate\Foundation\Http\Kernel->handle(Object(Illuminate\Http\Request))
#47 D:\Work\HAMURA\NU-PUSTAKA_\Back-End\app.nupustaka.com\server.php(21): require_once('D:\\Work\\HAMURA\\...')
#48 {main}  
[2020-10-07 05:07:46] local.ERROR: Class 'App\Http\Controllers\API\Auth' not found {"exception":"[object] (Symfony\\Component\\Debug\\Exception\\FatalThrowableError(code: 0): Class 'App\\Http\\Controllers\\API\\Auth' not found at D:\\Work\\HAMURA\\NU-PUSTAKA_\\Back-End\\app.nupustaka.com\\app\\Http\\Controllers\\API\\RegisterController.php:44)
[stacktrace]
#0 [internal function]: App\\Http\\Controllers\\API\\RegisterController->login(Object(Illuminate\\Http\\Request))
#1 D:\\Work\\HAMURA\\NU-PUSTAKA_\\Back-End\\app.nupustaka.com\\vendor\\laravel\\framework\\src\\Illuminate\\Routing\\Controller.php(54): call_user_func_array(Array, Array)
#2 D:\\Work\\HAMURA\\NU-PUSTAKA_\\Back-End\\app.nupustaka.com\\vendor\\laravel\\framework\\src\\Illuminate\\Routing\\ControllerDispatcher.php(45): Illuminate\\Routing\\Controller->callAction('login', Array)
#3 D:\\Work\\HAMURA\\NU-PUSTAKA_\\Back-End\\app.nupustaka.com\\vendor\\laravel\\framework\\src\\Illuminate\\Routing\\Route.php(219): Illuminate\\Routing\\ControllerDispatcher->dispatch(Object(Illuminate\\Routing\\Route), Object(App\\Http\\Controllers\\API\\RegisterController), 'login')
#4 D:\\Work\\HAMURA\\NU-PUSTAKA_\\Back-End\\app.nupustaka.com\\vendor\\laravel\\framework\\src\\Illuminate\\Routing\\Route.php(176): Illuminate\\Routing\\Route->runController()
#5 D:\\Work\\HAMURA\\NU-PUSTAKA_\\Back-End\\app.nupustaka.com\\vendor\\laravel\\framework\\src\\Illuminate\\Routing\\Router.php(681): Illuminate\\Routing\\Route->run()
#6 D:\\Work\\HAMURA\\NU-PUSTAKA_\\Back-End\\app.nupustaka.com\\vendor\\laravel\\framework\\src\\Illuminate\\Pipeline\\Pipeline.php(130): Illuminate\\Routing\\Router->Illuminate\\Routing\\{closure}(Object(Illuminate\\Http\\Request))
#7 D:\\Work\\HAMURA\\NU-PUSTAKA_\\Back-End\\app.nupustaka.com\\vendor\\laravel\\framework\\src\\Illuminate\\Routing\\Middleware\\SubstituteBindings.php(41): Illuminate\\Pipeline\\Pipeline->Illuminate\\Pipeline\\{closure}(Object(Illuminate\\Http\\Request))
#8 D:\\Work\\HAMURA\\NU-PUSTAKA_\\Back-End\\app.nupustaka.com\\vendor\\laravel\\framework\\src\\Illuminate\\Pipeline\\Pipeline.php(171): Illuminate\\Routing\\Middleware\\SubstituteBindings->handle(Object(Illuminate\\Http\\Request), Object(Closure))
#9 D:\\Work\\HAMURA\\NU-PUSTAKA_\\Back-End\\app.nupustaka.com\\vendor\\laravel\\framework\\src\\Illuminate\\Routing\\Middleware\\ThrottleRequests.php(59): Illuminate\\Pipeline\\Pipeline->Illuminate\\Pipeline\\{closure}(Object(Illuminate\\Http\\Request))
#10 D:\\Work\\HAMURA\\NU-PUSTAKA_\\Back-End\\app.nupustaka.com\\vendor\\laravel\\framework\\src\\Illuminate\\Pipeline\\Pipeline.php(171): Illuminate\\Routing\\Middleware\\ThrottleRequests->handle(Object(Illuminate\\Http\\Request), Object(Closure), 60, '1')
#11 D:\\Work\\HAMURA\\NU-PUSTAKA_\\Back-End\\app.nupustaka.com\\vendor\\laravel\\framework\\src\\Illuminate\\Pipeline\\Pipeline.php(105): Illuminate\\Pipeline\\Pipeline->Illuminate\\Pipeline\\{closure}(Object(Illuminate\\Http\\Request))
#12 D:\\Work\\HAMURA\\NU-PUSTAKA_\\Back-End\\app.nupustaka.com\\vendor\\laravel\\framework\\src\\Illuminate\\Routing\\Router.php(683): Illuminate\\Pipeline\\Pipeline->then(Object(Closure))
#13 D:\\Work\\HAMURA\\NU-PUSTAKA_\\Back-End\\app.nupustaka.com\\vendor\\laravel\\framework\\src\\Illuminate\\Routing\\Router.php(658): Illuminate\\Routing\\Router->runRouteWithinStack(Object(Illuminate\\Routing\\Route), Object(Illuminate\\Http\\Request))
#14 D:\\Work\\HAMURA\\NU-PUSTAKA_\\Back-End\\app.nupustaka.com\\vendor\\laravel\\framework\\src\\Illuminate\\Routing\\Router.php(624): Illuminate\\Routing\\Router->runRoute(Object(Illuminate\\Http\\Request), Object(Illuminate\\Routing\\Route))
#15 D:\\Work\\HAMURA\\NU-PUSTAKA_\\Back-End\\app.nupustaka.com\\vendor\\laravel\\framework\\src\\Illuminate\\Routing\\Router.php(613): Illuminate\\Routing\\Router->dispatchToRoute(Object(Illuminate\\Http\\Request))
#16 D:\\Work\\HAMURA\\NU-PUSTAKA_\\Back-End\\app.nupustaka.com\\vendor\\laravel\\framework\\src\\Illuminate\\Foundation\\Http\\Kernel.php(170): Illuminate\\Routing\\Router->dispatch(Object(Illuminate\\Http\\Request))
#17 D:\\Work\\HAMURA\\NU-PUSTAKA_\\Back-End\\app.nupustaka.com\\vendor\\laravel\\framework\\src\\Illuminate\\Pipeline\\Pipeline.php(130): Illuminate\\Foundation\\Http\\Kernel->Illuminate\\Foundation\\Http\\{closure}(Object(Illuminate\\Http\\Request))
#18 D:\\Work\\HAMURA\\NU-PUSTAKA_\\Back-End\\app.nupustaka.com\\vendor\\laravel\\framework\\src\\Illuminate\\Foundation\\Http\\Middleware\\TransformsRequest.php(21): Illuminate\\Pipeline\\Pipeline->Illuminate\\Pipeline\\{closure}(Object(Illuminate\\Http\\Request))
#19 D:\\Work\\HAMURA\\NU-PUSTAKA_\\Back-End\\app.nupustaka.com\\vendor\\laravel\\framework\\src\\Illuminate\\Pipeline\\Pipeline.php(171): Illuminate\\Foundation\\Http\\Middleware\\TransformsRequest->handle(Object(Illuminate\\Http\\Request), Object(Closure))
#20 D:\\Work\\HAMURA\\NU-PUSTAKA_\\Back-End\\app.nupustaka.com\\vendor\\laravel\\framework\\src\\Illuminate\\Foundation\\Http\\Middleware\\TransformsRequest.php(21): Illuminate\\Pipeline\\Pipeline->Illuminate\\Pipeline\\{closure}(Object(Illuminate\\Http\\Request))
#21 D:\\Work\\HAMURA\\NU-PUSTAKA_\\Back-End\\app.nupustaka.com\\vendor\\laravel\\framework\\src\\Illuminate\\Pipeline\\Pipeline.php(171): Illuminate\\Foundation\\Http\\Middleware\\TransformsRequest->handle(Object(Illuminate\\Http\\Request), Object(Closure))
#22 D:\\Work\\HAMURA\\NU-PUSTAKA_\\Back-End\\app.nupustaka.com\\vendor\\laravel\\framework\\src\\Illuminate\\Foundation\\Http\\Middleware\\ValidatePostSize.php(27): Illuminate\\Pipeline\\Pipeline->Illuminate\\Pipeline\\{closure}(Object(Illuminate\\Http\\Request))
#23 D:\\Work\\HAMURA\\NU-PUSTAKA_\\Back-End\\app.nupustaka.com\\vendor\\laravel\\framework\\src\\Illuminate\\Pipeline\\Pipeline.php(171): Illuminate\\Foundation\\Http\\Middleware\\ValidatePostSize->handle(Object(Illuminate\\Http\\Request), Object(Closure))
#24 D:\\Work\\HAMURA\\NU-PUSTAKA_\\Back-End\\app.nupustaka.com\\vendor\\laravel\\framework\\src\\Illuminate\\Foundation\\Http\\Middleware\\CheckForMaintenanceMode.php(63): Illuminate\\Pipeline\\Pipeline->Illuminate\\Pipeline\\{closure}(Object(Illuminate\\Http\\Request))
#25 D:\\Work\\HAMURA\\NU-PUSTAKA_\\Back-End\\app.nupustaka.com\\vendor\\laravel\\framework\\src\\Illuminate\\Pipeline\\Pipeline.php(171): Illuminate\\Foundation\\Http\\Middleware\\CheckForMaintenanceMode->handle(Object(Illuminate\\Http\\Request), Object(Closure))
#26 D:\\Work\\HAMURA\\NU-PUSTAKA_\\Back-End\\app.nupustaka.com\\vendor\\fideloper\\proxy\\src\\TrustProxies.php(57): Illuminate\\Pipeline\\Pipeline->Illuminate\\Pipeline\\{closure}(Object(Illuminate\\Http\\Request))
#27 D:\\Work\\HAMURA\\NU-PUSTAKA_\\Back-End\\app.nupustaka.com\\vendor\\laravel\\framework\\src\\Illuminate\\Pipeline\\Pipeline.php(171): Fideloper\\Proxy\\TrustProxies->handle(Object(Illuminate\\Http\\Request), Object(Closure))
#28 D:\\Work\\HAMURA\\NU-PUSTAKA_\\Back-End\\app.nupustaka.com\\vendor\\laravel\\framework\\src\\Illuminate\\Pipeline\\Pipeline.php(105): Illuminate\\Pipeline\\Pipeline->Illuminate\\Pipeline\\{closure}(Object(Illuminate\\Http\\Request))
#29 D:\\Work\\HAMURA\\NU-PUSTAKA_\\Back-End\\app.nupustaka.com\\vendor\\laravel\\framework\\src\\Illuminate\\Foundation\\Http\\Kernel.php(145): Illuminate\\Pipeline\\Pipeline->then(Object(Closure))
#30 D:\\Work\\HAMURA\\NU-PUSTAKA_\\Back-End\\app.nupustaka.com\\vendor\\laravel\\framework\\src\\Illuminate\\Foundation\\Http\\Kernel.php(110): Illuminate\\Foundation\\Http\\Kernel->sendRequestThroughRouter(Object(Illuminate\\Http\\Request))
#31 D:\\Work\\HAMURA\\NU-PUSTAKA_\\Back-End\\app.nupustaka.com\\public\\index.php(55): Illuminate\\Foundation\\Http\\Kernel->handle(Object(Illuminate\\Http\\Request))
#32 D:\\Work\\HAMURA\\NU-PUSTAKA_\\Back-End\\app.nupustaka.com\\server.php(21): require_once('D:\\\\Work\\\\HAMURA\\\\...')
#33 {main}
"} 
